Log file open, 09/12/22 11:42:58
LogWindows: Failed to load 'aqProf.dll' (GetLastError=126)
LogWindows: File 'aqProf.dll' does not exist
LogWindows: Failed to load 'VtuneApi.dll' (GetLastError=126)
LogWindows: File 'VtuneApi.dll' does not exist
LogWindows: Failed to load 'VtuneApi32e.dll' (GetLastError=126)
LogWindows: File 'VtuneApi32e.dll' does not exist
LogConsoleResponse: Display: Failed to find resolution value strings in scalability ini. Falling back to default.
LogConsoleResponse: Display: Failed to find resolution value strings in scalability ini. Falling back to default.
LogInit: Display: Running engine for game: BlackWinter2
LogPlatformFile: Not using cached read wrapper
LogTaskGraph: Started task graph with 5 named threads and 26 total threads with 3 sets of task threads.
LogStats: Stats thread started at 0.221539
LogICUInternationalization: ICU TimeZone Detection - Raw Offset: -8:00, Platform Override: ''
LogInit: Display: Loading text-based GConfig....
LogPluginManager: Mounting plugin MeshPainting
LogPluginManager: Mounting plugin XGEController
LogPluginManager: Mounting plugin EnvironmentQueryEditor
LogPluginManager: Mounting plugin Paper2D
LogPluginManager: Mounting plugin AISupport
LogPluginManager: Mounting plugin LiveLink
LogPluginManager: Mounting plugin LightPropagationVolume
LogPluginManager: Mounting plugin OodleData
LogPluginManager: Mounting plugin OodleNetwork
LogPluginManager: Mounting plugin CameraShakePreviewer
LogPluginManager: Mounting plugin GameplayCameras
LogPluginManager: Mounting plugin AnimationSharing
LogPluginManager: Mounting plugin CLionSourceCodeAccess
LogPluginManager: Mounting plugin CodeLiteSourceCodeAccess
LogPluginManager: Mounting plugin GitSourceControl
LogPluginManager: Mounting plugin KDevelopSourceCodeAccess
LogPluginManager: Mounting plugin NullSourceCodeAccess
LogPluginManager: Mounting plugin PerforceSourceControl
LogPluginManager: Mounting plugin PixWinPlugin
LogPluginManager: Mounting plugin PluginUtils
LogPluginManager: Mounting plugin PropertyAccessNode
LogPluginManager: Mounting plugin RiderSourceCodeAccess
LogPluginManager: Mounting plugin TextureFormatOodle
LogPluginManager: Mounting plugin SubversionSourceControl
LogPluginManager: Mounting plugin UObjectPlugin
LogPluginManager: Mounting plugin CryptoKeys
LogPluginManager: Mounting plugin AssetManagerEditor
LogPluginManager: Mounting plugin CurveEditorTools
LogPluginManager: Mounting plugin DataValidation
LogPluginManager: Mounting plugin GameplayTagsEditor
LogPluginManager: Mounting plugin FacialAnimation
LogPluginManager: Mounting plugin GeometryMode
LogPluginManager: Mounting plugin MacGraphicsSwitching
LogPluginManager: Mounting plugin MaterialAnalyzer
LogPluginManager: Mounting plugin PluginBrowser
LogPluginManager: Mounting plugin VisualStudioCodeSourceCodeAccess
LogPluginManager: Mounting plugin MobileLauncherProfileWizard
LogPluginManager: Mounting plugin VisualStudioSourceCodeAccess
LogPluginManager: Mounting plugin SpeedTreeImporter
LogPluginManager: Mounting plugin XCodeSourceCodeAccess
LogPluginManager: Mounting plugin DatasmithContent
LogPluginManager: Mounting plugin VariantManagerContent
LogPluginManager: Mounting plugin Niagara
LogPluginManager: Mounting plugin AlembicImporter
LogPluginManager: Mounting plugin AutomationUtils
LogPluginManager: Mounting plugin BackChannel
LogPluginManager: Mounting plugin ChaosCloth
LogPluginManager: Mounting plugin ChaosClothEditor
LogPluginManager: Mounting plugin ChaosEditor
LogPluginManager: Mounting plugin ChaosNiagara
LogPluginManager: Mounting plugin ChaosSolverPlugin
LogPluginManager: Mounting plugin CharacterAI
LogPluginManager: Mounting plugin AndroidMedia
LogPluginManager: Mounting plugin LuminPlatformFeatures
LogPluginManager: Mounting plugin AvfMedia
LogPluginManager: Mounting plugin MagicLeap
LogPluginManager: Mounting plugin ImgMedia
LogPluginManager: Mounting plugin MediaCompositing
LogPluginManager: Mounting plugin MediaPlayerEditor
LogPluginManager: Mounting plugin WebMMedia
LogPluginManager: Mounting plugin WmfMedia
LogPluginManager: Mounting plugin MagicLeapLightEstimation
LogPluginManager: Mounting plugin MagicLeapMedia
LogPluginManager: Mounting plugin MagicLeapPassableWorld
LogPluginManager: Mounting plugin MLSDK
LogPluginManager: Mounting plugin GeometryCache
LogPluginManager: Mounting plugin GeometryCollectionPlugin
LogPluginManager: Mounting plugin GeometryProcessing
LogPluginManager: Mounting plugin MotoSynth
LogPluginManager: Mounting plugin OpenImageDenoise
LogPluginManager: Mounting plugin PlanarCut
LogPluginManager: Mounting plugin PlatformCrypto
LogPluginManager: Mounting plugin ProxyLODPlugin
LogPluginManager: Mounting plugin PythonScriptPlugin
LogPluginManager: Mounting plugin SkeletalReduction
LogPluginManager: Mounting plugin ActorSequence
LogPluginManager: Mounting plugin LevelSequenceEditor
LogPluginManager: Mounting plugin MatineeToLevelSequence
LogPluginManager: Mounting plugin UdpMessaging
LogPluginManager: Mounting plugin TcpMessaging
LogPluginManager: Mounting plugin TemplateSequence
LogPluginManager: Mounting plugin OnlineSubsystem
LogPluginManager: Mounting plugin OnlineSubsystemNull
LogPluginManager: Mounting plugin OnlineSubsystemUtils
LogPluginManager: Mounting plugin LauncherChunkInstaller
LogPluginManager: Mounting plugin ActorLayerUtilities
LogPluginManager: Mounting plugin AndroidMoviePlayer
LogPluginManager: Mounting plugin AndroidDeviceProfileSelector
LogPluginManager: Mounting plugin AndroidPermission
LogPluginManager: Mounting plugin AppleImageUtils
LogPluginManager: Mounting plugin AppleMoviePlayer
LogPluginManager: Mounting plugin AssetTags
LogPluginManager: Mounting plugin ArchVisCharacter
LogPluginManager: Mounting plugin AudioCapture
LogPluginManager: Mounting plugin AudioSynesthesia
LogPluginManager: Mounting plugin CableComponent
LogPluginManager: Mounting plugin ChunkDownloader
LogPluginManager: Mounting plugin CustomMeshComponent
LogPluginManager: Mounting plugin EditableMesh
LogPluginManager: Mounting plugin ExampleDeviceProfileSelector
LogPluginManager: Mounting plugin ScreenshotTools
LogPluginManager: Mounting plugin GoogleCloudMessaging
LogPluginManager: Mounting plugin GooglePAD
LogPluginManager: Mounting plugin IOSDeviceProfileSelector
LogPluginManager: Mounting plugin LinuxDeviceProfileSelector
LogPluginManager: Mounting plugin LocationServicesBPLibrary
LogPluginManager: Mounting plugin MobilePatchingUtils
LogPluginManager: Mounting plugin OpenXR
LogPluginManager: Mounting plugin OpenXREyeTracker
LogPluginManager: Mounting plugin Takes
LogPluginManager: Mounting plugin PhysXVehicles
LogPluginManager: Mounting plugin PostSplashScreen
LogPluginManager: Mounting plugin ProceduralMeshComponent
LogPluginManager: Mounting plugin PropertyAccessEditor
LogPluginManager: Mounting plugin RuntimePhysXCooking
LogPluginManager: Mounting plugin OpenXRHandTracking
LogPluginManager: Mounting plugin SignificanceManager
LogPluginManager: Mounting plugin SoundFields
LogPluginManager: Mounting plugin Synthesis
LogPluginManager: Mounting plugin WebMMoviePlayer
LogPluginManager: Mounting plugin WindowsMoviePlayer
LogPluginManager: Mounting plugin PlasticSourceControl
LogPluginManager: Mounting plugin ContentBrowserAssetDataSource
LogPluginManager: Mounting plugin ContentBrowserFileDataSource
LogPluginManager: Mounting plugin ContentBrowserClassDataSource
LogPluginManager: Mounting plugin OnlineSubsystemGooglePlay
LogPluginManager: Mounting plugin OnlineSubsystemIOS
LogPluginManager: Mounting plugin OculusVR
LogPluginManager: Mounting plugin SteamVR
PixWinPlugin: PIX capture plugin failed to initialize! Check that the process is launched from PIX.
LogInit: Using libcurl 7.55.1-DEV
LogInit:  - built for x86_64-pc-win32
LogInit:  - supports SSL with OpenSSL/1.1.1
LogInit:  - supports HTTP deflate (compression) using libz 1.2.8
LogInit:  - other features:
LogInit:      CURL_VERSION_SSL
LogInit:      CURL_VERSION_LIBZ
LogInit:      CURL_VERSION_IPV6
LogInit:      CURL_VERSION_ASYNCHDNS
LogInit:      CURL_VERSION_LARGEFILE
LogInit:      CURL_VERSION_IDN
LogInit:  CurlRequestOptions (configurable via config and command line):
LogInit:  - bVerifyPeer = true  - Libcurl will verify peer certificate
LogInit:  - bUseHttpProxy = false  - Libcurl will NOT use HTTP proxy
LogInit:  - bDontReuseConnections = false  - Libcurl will reuse connections
LogInit:  - MaxHostConnections = 16  - Libcurl will limit the number of connections to a host
LogInit:  - LocalHostAddr = Default
LogInit:  - BufferSize = 65536
LogOnline: OSS: Creating online subsystem instance for: NULL
LogInit: WinSock: version 1.1 (2.2), MaxSocks=32767, MaxUdp=65467
LogOnline: OSS: TryLoadSubsystemAndSetDefault: Loaded subsystem for module [NULL]
LogOculusPluginWrapper: OculusPlugin initialized successfully
LogHMD: Failed initializing OVRPlugin 1.59.0
LogInit: Build: ++UE4+Release-4.27-CL-18319896
LogInit: Engine Version: 4.27.2-18319896+++UE4+Release-4.27
LogInit: Compatible Engine Version: 4.27.0-17155196+++UE4+Release-4.27
LogInit: Net CL: 17155196
LogInit: OS: Windows 10 (Release 2009) (), CPU: Intel(R) Core(TM) i7-9700K CPU @ 3.60GHz, GPU: NVIDIA GeForce RTX 2070
LogInit: Compiled (64-bit): Nov 30 2021 07:12:08
LogInit: Compiled with Visual C++: 19.24.28315.00
LogInit: Build Configuration: Development
LogInit: Branch Name: ++UE4+Release-4.27
LogInit: Command Line: 
LogInit: Base Directory: C:/Program Files/Epic Games/UE_4.27/Engine/Binaries/Win64/
LogInit: Allocator: TBB
LogInit: Installed Engine Build: 1
LogDevObjectVersion: Number of dev versions registered: 29
LogDevObjectVersion:   Dev-Blueprints (B0D832E4-1F89-4F0D-ACCF-7EB736FD4AA2): 10
LogDevObjectVersion:   Dev-Build (E1C64328-A22C-4D53-A36C-8E866417BD8C): 0
LogDevObjectVersion:   Dev-Core (375EC13C-06E4-48FB-B500-84F0262A717E): 4
LogDevObjectVersion:   Dev-Editor (E4B068ED-F494-42E9-A231-DA0B2E46BB41): 40
LogDevObjectVersion:   Dev-Framework (CFFC743F-43B0-4480-9391-14DF171D2073): 37
LogDevObjectVersion:   Dev-Mobile (B02B49B5-BB20-44E9-A304-32B752E40360): 3
LogDevObjectVersion:   Dev-Networking (A4E4105C-59A1-49B5-A7C5-40C4547EDFEE): 0
LogDevObjectVersion:   Dev-Online (39C831C9-5AE6-47DC-9A44-9C173E1C8E7C): 0
LogDevObjectVersion:   Dev-Physics (78F01B33-EBEA-4F98-B9B4-84EACCB95AA2): 14
LogDevObjectVersion:   Dev-Platform (6631380F-2D4D-43E0-8009-CF276956A95A): 0
LogDevObjectVersion:   Dev-Rendering (12F88B9F-8875-4AFC-A67C-D90C383ABD29): 45
LogDevObjectVersion:   Dev-Sequencer (7B5AE74C-D270-4C10-A958-57980B212A5A): 13
LogDevObjectVersion:   Dev-VR (D7296918-1DD6-4BDD-9DE2-64A83CC13884): 3
LogDevObjectVersion:   Dev-LoadTimes (C2A15278-BFE7-4AFE-6C17-90FF531DF755): 1
LogDevObjectVersion:   Private-Geometry (6EACA3D4-40EC-4CC1-B786-8BED09428FC5): 3
LogDevObjectVersion:   Dev-AnimPhys (29E575DD-E0A3-4627-9D10-D276232CDCEA): 17
LogDevObjectVersion:   Dev-Anim (AF43A65D-7FD3-4947-9873-3E8ED9C1BB05): 15
LogDevObjectVersion:   Dev-ReflectionCapture (6B266CEC-1EC7-4B8F-A30B-E4D90942FC07): 1
LogDevObjectVersion:   Dev-Automation (0DF73D61-A23F-47EA-B727-89E90C41499A): 1
LogDevObjectVersion:   FortniteMain (601D1886-AC64-4F84-AA16-D3DE0DEAC7D6): 47
LogDevObjectVersion:   FortniteRelease (E7086368-6B23-4C58-8439-1B7016265E91): 1
LogDevObjectVersion:   Dev-Enterprise (9DFFBCD6-494F-0158-E221-12823C92A888): 10
LogDevObjectVersion:   Dev-Niagara (F2AED0AC-9AFE-416F-8664-AA7FFA26D6FC): 1
LogDevObjectVersion:   Dev-Destruction (174F1F0B-B4C6-45A5-B13F-2EE8D0FB917D): 10
LogDevObjectVersion:   Dev-Physics-Ext (35F94A83-E258-406C-A318-09F59610247C): 41
LogDevObjectVersion:   Dev-PhysicsMaterial-Chaos (B68FC16E-8B1B-42E2-B453-215C058844FE): 1
LogDevObjectVersion:   Dev-CineCamera (B2E18506-4273-CFC2-A54E-F4BB758BBA07): 1
LogDevObjectVersion:   Dev-VirtualProduction (64F58936-FD1B-42BA-BA96-7289D5D0FA4E): 1
LogDevObjectVersion:   Dev-MediaFramework (6F0ED827-A609-4895-9C91-998D90180EA4): 2
LogInit: Presizing for max 25165824 objects, including 0 objects not considered by GC, pre-allocating 0 bytes for permanent pool.
LogConfig: Applying CVar settings from Section [/Script/Engine.StreamingSettings] File [E:/ALONE Survivor/BlackWinter2/BlackWinter2/Saved/Config/Windows/Engine.ini]
LogConfig: Setting CVar [[s.MinBulkDataSizeForAsyncLoading:131072]]
LogConfig: Setting CVar [[s.AsyncLoadingThreadEnabled:0]]
LogConfig: Setting CVar [[s.EventDrivenLoaderEnabled:1]]
LogConfig: Setting CVar [[s.WarnIfTimeLimitExceeded:0]]
LogConfig: Setting CVar [[s.TimeLimitExceededMultiplier:1.5]]
LogConfig: Setting CVar [[s.TimeLimitExceededMinTime:0.005]]
LogConfig: Setting CVar [[s.UseBackgroundLevelStreaming:1]]
LogConfig: Setting CVar [[s.PriorityAsyncLoadingExtraTime:15.0]]
LogConfig: Setting CVar [[s.LevelStreamingActorsUpdateTimeLimit:5.0]]
LogConfig: Setting CVar [[s.PriorityLevelStreamingActorsUpdateExtraTime:5.0]]
LogConfig: Setting CVar [[s.LevelStreamingComponentsRegistrationGranularity:10]]
LogConfig: Setting CVar [[s.UnregisterComponentsTimeLimit:1.0]]
LogConfig: Setting CVar [[s.LevelStreamingComponentsUnregistrationGranularity:5]]
LogConfig: Setting CVar [[s.FlushStreamingOnExit:1]]
LogInit: Object subsystem initialized
LogConfig: Setting CVar [[con.DebugEarlyDefault:1]]
LogConfig: Setting CVar [[r.setres:1280x720]]
[2022.09.12-18.43.00:073][  0]LogConfig: Setting CVar [[r.VSync:0]]
[2022.09.12-18.43.00:073][  0]LogConfig: Setting CVar [[r.RHICmdBypass:0]]
[2022.09.12-18.43.00:073][  0]LogConfig: Applying CVar settings from Section [/Script/Engine.RendererSettings] File [E:/ALONE Survivor/BlackWinter2/BlackWinter2/Saved/Config/Windows/Engine.ini]
[2022.09.12-18.43.00:073][  0]LogConfig: Setting CVar [[r.GPUCrashDebugging:0]]
[2022.09.12-18.43.00:073][  0]LogConfig: Applying CVar settings from Section [/Script/Engine.RendererOverrideSettings] File [E:/ALONE Survivor/BlackWinter2/BlackWinter2/Saved/Config/Windows/Engine.ini]
[2022.09.12-18.43.00:073][  0]LogConfig: Applying CVar settings from Section [/Script/Engine.StreamingSettings] File [E:/ALONE Survivor/BlackWinter2/BlackWinter2/Saved/Config/Windows/Engine.ini]
[2022.09.12-18.43.00:073][  0]LogConfig: Setting CVar [[s.MinBulkDataSizeForAsyncLoading:131072]]
[2022.09.12-18.43.00:073][  0]LogConfig: Setting CVar [[s.AsyncLoadingThreadEnabled:0]]
[2022.09.12-18.43.00:073][  0]LogConfig: Setting CVar [[s.EventDrivenLoaderEnabled:1]]
[2022.09.12-18.43.00:073][  0]LogConfig: Setting CVar [[s.WarnIfTimeLimitExceeded:0]]
[2022.09.12-18.43.00:073][  0]LogConfig: Setting CVar [[s.TimeLimitExceededMultiplier:1.5]]
[2022.09.12-18.43.00:073][  0]LogConfig: Setting CVar [[s.TimeLimitExceededMinTime:0.005]]
[2022.09.12-18.43.00:073][  0]LogConfig: Setting CVar [[s.UseBackgroundLevelStreaming:1]]
[2022.09.12-18.43.00:073][  0]LogConfig: Setting CVar [[s.PriorityAsyncLoadingExtraTime:15.0]]
[2022.09.12-18.43.00:073][  0]LogConfig: Setting CVar [[s.LevelStreamingActorsUpdateTimeLimit:5.0]]
[2022.09.12-18.43.00:073][  0]LogConfig: Setting CVar [[s.PriorityLevelStreamingActorsUpdateExtraTime:5.0]]
[2022.09.12-18.43.00:073][  0]LogConfig: Setting CVar [[s.LevelStreamingComponentsRegistrationGranularity:10]]
[2022.09.12-18.43.00:073][  0]LogConfig: Setting CVar [[s.UnregisterComponentsTimeLimit:1.0]]
[2022.09.12-18.43.00:073][  0]LogConfig: Setting CVar [[s.LevelStreamingComponentsUnregistrationGranularity:5]]
[2022.09.12-18.43.00:073][  0]LogConfig: Setting CVar [[s.FlushStreamingOnExit:1]]
[2022.09.12-18.43.00:073][  0]LogConfig: Applying CVar settings from Section [/Script/Engine.GarbageCollectionSettings] File [E:/ALONE Survivor/BlackWinter2/BlackWinter2/Saved/Config/Windows/Engine.ini]
[2022.09.12-18.43.00:073][  0]LogConfig: Setting CVar [[gc.MaxObjectsNotConsideredByGC:1]]
[2022.09.12-18.43.00:073][  0]LogConfig: Setting CVar [[gc.SizeOfPermanentObjectPool:0]]
[2022.09.12-18.43.00:073][  0]LogConfig: Setting CVar [[gc.FlushStreamingOnGC:0]]
[2022.09.12-18.43.00:074][  0]LogConfig: Setting CVar [[gc.NumRetriesBeforeForcingGC:10]]
[2022.09.12-18.43.00:074][  0]LogConfig: Setting CVar [[gc.AllowParallelGC:1]]
[2022.09.12-18.43.00:074][  0]LogConfig: Setting CVar [[gc.TimeBetweenPurgingPendingKillObjects:61.1]]
[2022.09.12-18.43.00:074][  0]LogConfig: Setting CVar [[gc.MaxObjectsInEditor:25165824]]
[2022.09.12-18.43.00:074][  0]LogConfig: Setting CVar [[gc.IncrementalBeginDestroyEnabled:1]]
[2022.09.12-18.43.00:074][  0]LogConfig: Setting CVar [[gc.CreateGCClusters:1]]
[2022.09.12-18.43.00:074][  0]LogConfig: Setting CVar [[gc.MinGCClusterSize:5]]
[2022.09.12-18.43.00:074][  0]LogConfig: Setting CVar [[gc.ActorClusteringEnabled:0]]
[2022.09.12-18.43.00:074][  0]LogConfig: Setting CVar [[gc.BlueprintClusteringEnabled:0]]
[2022.09.12-18.43.00:074][  0]LogConfig: Setting CVar [[gc.UseDisregardForGCOnDedicatedServers:0]]
[2022.09.12-18.43.00:074][  0]LogConfig: Setting CVar [[gc.MultithreadedDestructionEnabled:1]]
[2022.09.12-18.43.00:074][  0]LogConfig: Applying CVar settings from Section [/Script/Engine.NetworkSettings] File [E:/ALONE Survivor/BlackWinter2/BlackWinter2/Saved/Config/Windows/Engine.ini]
[2022.09.12-18.43.00:074][  0]LogConfig: Applying CVar settings from Section [/Script/UnrealEd.CookerSettings] File [E:/ALONE Survivor/BlackWinter2/BlackWinter2/Saved/Config/Windows/Engine.ini]
[2022.09.12-18.43.00:126][  0]LogConfig: Applying CVar settings from Section [ViewDistanceQuality@3] File [E:/ALONE Survivor/BlackWinter2/BlackWinter2/Saved/Config/Windows/Scalability.ini]
[2022.09.12-18.43.00:126][  0]LogConfig: Setting CVar [[r.SkeletalMeshLODBias:0]]
[2022.09.12-18.43.00:126][  0]LogConfig: Setting CVar [[r.ViewDistanceScale:1.0]]
[2022.09.12-18.43.00:126][  0]LogConfig: Applying CVar settings from Section [AntiAliasingQuality@3] File [E:/ALONE Survivor/BlackWinter2/BlackWinter2/Saved/Config/Windows/Scalability.ini]
[2022.09.12-18.43.00:126][  0]LogConfig: Setting CVar [[r.PostProcessAAQuality:4]]
[2022.09.12-18.43.00:126][  0]LogConfig: Applying CVar settings from Section [ShadowQuality@3] File [E:/ALONE Survivor/BlackWinter2/BlackWinter2/Saved/Config/Windows/Scalability.ini]
[2022.09.12-18.43.00:126][  0]LogConfig: Setting CVar [[r.LightFunctionQuality:1]]
[2022.09.12-18.43.00:126][  0]LogConfig: Setting CVar [[r.ShadowQuality:5]]
[2022.09.12-18.43.00:126][  0]LogConfig: Setting CVar [[r.Shadow.CSM.MaxCascades:10]]
[2022.09.12-18.43.00:126][  0]LogConfig: Setting CVar [[r.Shadow.MaxResolution:2048]]
[2022.09.12-18.43.00:126][  0]LogConfig: Setting CVar [[r.Shadow.MaxCSMResolution:2048]]
[2022.09.12-18.43.00:126][  0]LogConfig: Setting CVar [[r.Shadow.RadiusThreshold:0.01]]
[2022.09.12-18.43.00:126][  0]LogConfig: Setting CVar [[r.Shadow.DistanceScale:1.0]]
[2022.09.12-18.43.00:126][  0]LogConfig: Setting CVar [[r.Shadow.CSM.TransitionScale:1.0]]
[2022.09.12-18.43.00:126][  0]LogConfig: Setting CVar [[r.Shadow.PreShadowResolutionFactor:1.0]]
[2022.09.12-18.43.00:126][  0]LogConfig: Setting CVar [[r.DistanceFieldShadowing:1]]
[2022.09.12-18.43.00:126][  0]LogConfig: Setting CVar [[r.DistanceFieldAO:1]]
[2022.09.12-18.43.00:126][  0]LogConfig: Setting CVar [[r.AOQuality:2]]
[2022.09.12-18.43.00:126][  0]LogConfig: Setting CVar [[r.VolumetricFog:1]]
[2022.09.12-18.43.00:126][  0]LogConfig: Setting CVar [[r.VolumetricFog.GridPixelSize:8]]
[2022.09.12-18.43.00:126][  0]LogConfig: Setting CVar [[r.VolumetricFog.GridSizeZ:128]]
[2022.09.12-18.43.00:126][  0]LogConfig: Setting CVar [[r.VolumetricFog.HistoryMissSupersampleCount:4]]
[2022.09.12-18.43.00:126][  0]LogConfig: Setting CVar [[r.LightMaxDrawDistanceScale:1]]
[2022.09.12-18.43.00:126][  0]LogConfig: Setting CVar [[r.CapsuleShadows:1]]
[2022.09.12-18.43.00:126][  0]LogConfig: Applying CVar settings from Section [PostProcessQuality@3] File [E:/ALONE Survivor/BlackWinter2/BlackWinter2/Saved/Config/Windows/Scalability.ini]
[2022.09.12-18.43.00:126][  0]LogConfig: Setting CVar [[r.MotionBlurQuality:4]]
[2022.09.12-18.43.00:126][  0]LogConfig: Setting CVar [[r.AmbientOcclusionMipLevelFactor:0.4]]
[2022.09.12-18.43.00:126][  0]LogConfig: Setting CVar [[r.AmbientOcclusionMaxQuality:100]]
[2022.09.12-18.43.00:126][  0]LogConfig: Setting CVar [[r.AmbientOcclusionLevels:-1]]
[2022.09.12-18.43.00:126][  0]LogConfig: Setting CVar [[r.AmbientOcclusionRadiusScale:1.0]]
[2022.09.12-18.43.00:126][  0]LogConfig: Setting CVar [[r.DepthOfFieldQuality:2]]
[2022.09.12-18.43.00:126][  0]LogConfig: Setting CVar [[r.RenderTargetPoolMin:400]]
[2022.09.12-18.43.00:126][  0]LogConfig: Setting CVar [[r.LensFlareQuality:2]]
[2022.09.12-18.43.00:126][  0]LogConfig: Setting CVar [[r.SceneColorFringeQuality:1]]
[2022.09.12-18.43.00:126][  0]LogConfig: Setting CVar [[r.EyeAdaptationQuality:2]]
[2022.09.12-18.43.00:126][  0]LogConfig: Setting CVar [[r.BloomQuality:5]]
[2022.09.12-18.43.00:126][  0]LogConfig: Setting CVar [[r.FastBlurThreshold:100]]
[2022.09.12-18.43.00:126][  0]LogConfig: Setting CVar [[r.Upscale.Quality:3]]
[2022.09.12-18.43.00:126][  0]LogConfig: Setting CVar [[r.Tonemapper.GrainQuantization:1]]
[2022.09.12-18.43.00:126][  0]LogConfig: Setting CVar [[r.LightShaftQuality:1]]
[2022.09.12-18.43.00:126][  0]LogConfig: Setting CVar [[r.Filter.SizeScale:1]]
[2022.09.12-18.43.00:126][  0]LogConfig: Setting CVar [[r.Tonemapper.Quality:5]]
[2022.09.12-18.43.00:126][  0]LogConfig: Setting CVar [[r.DOF.Gather.AccumulatorQuality:1        ; higher gathering accumulator quality]]
[2022.09.12-18.43.00:126][  0]LogConfig: Setting CVar [[r.DOF.Gather.PostfilterMethod:1          ; Median3x3 postfilering method]]
[2022.09.12-18.43.00:126][  0]LogConfig: Setting CVar [[r.DOF.Gather.EnableBokehSettings:0       ; no bokeh simulation when gathering]]
[2022.09.12-18.43.00:126][  0]LogConfig: Setting CVar [[r.DOF.Gather.RingCount:4                 ; medium number of samples when gathering]]
[2022.09.12-18.43.00:126][  0]LogConfig: Setting CVar [[r.DOF.Scatter.ForegroundCompositing:1    ; additive foreground scattering]]
[2022.09.12-18.43.00:126][  0]LogConfig: Setting CVar [[r.DOF.Scatter.BackgroundCompositing:2    ; additive background scattering]]
[2022.09.12-18.43.00:126][  0]LogConfig: Setting CVar [[r.DOF.Scatter.EnableBokehSettings:1      ; bokeh simulation when scattering]]
[2022.09.12-18.43.00:126][  0]LogConfig: Setting CVar [[r.DOF.Scatter.MaxSpriteRatio:0.1         ; only a maximum of 10% of scattered bokeh]]
[2022.09.12-18.43.00:126][  0]LogConfig: Setting CVar [[r.DOF.Recombine.Quality:1                ; cheap slight out of focus]]
[2022.09.12-18.43.00:126][  0]LogConfig: Setting CVar [[r.DOF.Recombine.EnableBokehSettings:0    ; no bokeh simulation on slight out of focus]]
[2022.09.12-18.43.00:126][  0]LogConfig: Setting CVar [[r.DOF.TemporalAAQuality:1                ; more stable temporal accumulation]]
[2022.09.12-18.43.00:126][  0]LogConfig: Setting CVar [[r.DOF.Kernel.MaxForegroundRadius:0.025]]
[2022.09.12-18.43.00:126][  0]LogConfig: Setting CVar [[r.DOF.Kernel.MaxBackgroundRadius:0.025]]
[2022.09.12-18.43.00:126][  0]LogConfig: Applying CVar settings from Section [TextureQuality@3] File [E:/ALONE Survivor/BlackWinter2/BlackWinter2/Saved/Config/Windows/Scalability.ini]
[2022.09.12-18.43.00:126][  0]LogConfig: Setting CVar [[r.Streaming.MipBias:0]]
[2022.09.12-18.43.00:126][  0]LogConfig: Setting CVar [[r.Streaming.AmortizeCPUToGPUCopy:0]]
[2022.09.12-18.43.00:126][  0]LogConfig: Setting CVar [[r.Streaming.MaxNumTexturesToStreamPerFrame:0]]
[2022.09.12-18.43.00:126][  0]LogConfig: Setting CVar [[r.Streaming.Boost:1]]
[2022.09.12-18.43.00:126][  0]LogConfig: Setting CVar [[r.MaxAnisotropy:8]]
[2022.09.12-18.43.00:126][  0]LogConfig: Setting CVar [[r.VT.MaxAnisotropy:8]]
[2022.09.12-18.43.00:126][  0]LogConfig: Setting CVar [[r.Streaming.LimitPoolSizeToVRAM:0]]
[2022.09.12-18.43.00:126][  0]LogConfig: Setting CVar [[r.Streaming.PoolSize:1000]]
[2022.09.12-18.43.00:127][  0]LogConfig: Setting CVar [[r.Streaming.MaxEffectiveScreenSize:0]]
[2022.09.12-18.43.00:127][  0]LogConfig: Applying CVar settings from Section [EffectsQuality@3] File [E:/ALONE Survivor/BlackWinter2/BlackWinter2/Saved/Config/Windows/Scalability.ini]
[2022.09.12-18.43.00:127][  0]LogConfig: Setting CVar [[r.TranslucencyLightingVolumeDim:64]]
[2022.09.12-18.43.00:127][  0]LogConfig: Setting CVar [[r.RefractionQuality:2]]
[2022.09.12-18.43.00:127][  0]LogConfig: Setting CVar [[r.SSR.Quality:3]]
[2022.09.12-18.43.00:127][  0]LogConfig: Setting CVar [[r.SSR.HalfResSceneColor:0]]
[2022.09.12-18.43.00:127][  0]LogConfig: Setting CVar [[r.SceneColorFormat:4]]
[2022.09.12-18.43.00:127][  0]LogConfig: Setting CVar [[r.DetailMode:2]]
[2022.09.12-18.43.00:127][  0]LogConfig: Setting CVar [[r.TranslucencyVolumeBlur:1]]
[2022.09.12-18.43.00:127][  0]LogConfig: Setting CVar [[r.MaterialQualityLevel:1 ; High quality]]
[2022.09.12-18.43.00:127][  0]LogConfig: Setting CVar [[r.AnisotropicMaterials:1]]
[2022.09.12-18.43.00:127][  0]LogConfig: Setting CVar [[r.SSS.Scale:1]]
[2022.09.12-18.43.00:127][  0]LogConfig: Setting CVar [[r.SSS.SampleSet:2]]
[2022.09.12-18.43.00:127][  0]LogConfig: Setting CVar [[r.SSS.Quality:1]]
[2022.09.12-18.43.00:127][  0]LogConfig: Setting CVar [[r.SSS.HalfRes:0]]
[2022.09.12-18.43.00:127][  0]LogConfig: Setting CVar [[r.SSGI.Quality:3]]
[2022.09.12-18.43.00:127][  0]LogConfig: Setting CVar [[r.EmitterSpawnRateScale:1.0]]
[2022.09.12-18.43.00:127][  0]LogConfig: Setting CVar [[r.ParticleLightQuality:2]]
[2022.09.12-18.43.00:127][  0]LogConfig: Setting CVar [[r.SkyAtmosphere.AerialPerspectiveLUT.FastApplyOnOpaque:1 ; Always have FastSkyLUT 1 in this case to avoid wrong sky]]
[2022.09.12-18.43.00:127][  0]LogConfig: Setting CVar [[r.SkyAtmosphere.AerialPerspectiveLUT.SampleCountMaxPerSlice:4]]
[2022.09.12-18.43.00:127][  0]LogConfig: Setting CVar [[r.SkyAtmosphere.AerialPerspectiveLUT.DepthResolution:16.0]]
[2022.09.12-18.43.00:127][  0]LogConfig: Setting CVar [[r.SkyAtmosphere.FastSkyLUT:1]]
[2022.09.12-18.43.00:127][  0]LogConfig: Setting CVar [[r.SkyAtmosphere.FastSkyLUT.SampleCountMin:4.0]]
[2022.09.12-18.43.00:127][  0]LogConfig: Setting CVar [[r.SkyAtmosphere.FastSkyLUT.SampleCountMax:128.0]]
[2022.09.12-18.43.00:127][  0]LogConfig: Setting CVar [[r.SkyAtmosphere.SampleCountMin:4.0]]
[2022.09.12-18.43.00:127][  0]LogConfig: Setting CVar [[r.SkyAtmosphere.SampleCountMax:128.0]]
[2022.09.12-18.43.00:127][  0]LogConfig: Setting CVar [[r.SkyAtmosphere.TransmittanceLUT.UseSmallFormat:0]]
[2022.09.12-18.43.00:127][  0]LogConfig: Setting CVar [[r.SkyAtmosphere.TransmittanceLUT.SampleCount:10.0]]
[2022.09.12-18.43.00:127][  0]LogConfig: Setting CVar [[r.SkyAtmosphere.MultiScatteringLUT.SampleCount:15.0]]
[2022.09.12-18.43.00:127][  0]LogConfig: Setting CVar [[r.SkyLight.RealTimeReflectionCapture:1]]
[2022.09.12-18.43.00:127][  0]LogConfig: Applying CVar settings from Section [FoliageQuality@3] File [E:/ALONE Survivor/BlackWinter2/BlackWinter2/Saved/Config/Windows/Scalability.ini]
[2022.09.12-18.43.00:127][  0]LogConfig: Setting CVar [[foliage.DensityScale:1.0]]
[2022.09.12-18.43.00:127][  0]LogConfig: Setting CVar [[grass.DensityScale:1.0]]
[2022.09.12-18.43.00:127][  0]LogConfig: Applying CVar settings from Section [ShadingQuality@3] File [E:/ALONE Survivor/BlackWinter2/BlackWinter2/Saved/Config/Windows/Scalability.ini]
[2022.09.12-18.43.00:127][  0]LogConfig: Setting CVar [[r.HairStrands.SkyLighting.IntegrationType:2]]
[2022.09.12-18.43.00:127][  0]LogConfig: Setting CVar [[r.HairStrands.SkyAO.SampleCount:4]]
[2022.09.12-18.43.00:127][  0]LogConfig: Setting CVar [[r.HairStrands.Visibility.MSAA.SamplePerPixel:4]]
[2022.09.12-18.43.00:127][  0]LogInit: Selected Device Profile: [Windows]
[2022.09.12-18.43.00:127][  0]LogInit: Applying CVar settings loaded from the selected device profile: [Windows]
[2022.09.12-18.43.00:127][  0]LogHAL: Display: Platform has ~ 32 GB [34295230464 / 34359738368 / 32], which maps to Largest [LargestMinGB=32, LargerMinGB=12, DefaultMinGB=8, SmallerMinGB=6, SmallestMinGB=0)
[2022.09.12-18.43.00:127][  0]LogInit: Going up to parent DeviceProfile []
[2022.09.12-18.43.00:127][  0]LogConfig: Applying CVar settings from Section [ViewDistanceQuality@3] File [E:/ALONE Survivor/BlackWinter2/BlackWinter2/Saved/Config/Windows/Scalability.ini]
[2022.09.12-18.43.00:127][  0]LogConfig: Setting CVar [[r.SkeletalMeshLODBias:0]]
[2022.09.12-18.43.00:127][  0]LogConfig: Setting CVar [[r.ViewDistanceScale:1.0]]
[2022.09.12-18.43.00:127][  0]LogConfig: Applying CVar settings from Section [AntiAliasingQuality@3] File [E:/ALONE Survivor/BlackWinter2/BlackWinter2/Saved/Config/Windows/Scalability.ini]
[2022.09.12-18.43.00:127][  0]LogConfig: Setting CVar [[r.PostProcessAAQuality:4]]
[2022.09.12-18.43.00:127][  0]LogConfig: Applying CVar settings from Section [ShadowQuality@3] File [E:/ALONE Survivor/BlackWinter2/BlackWinter2/Saved/Config/Windows/Scalability.ini]
[2022.09.12-18.43.00:127][  0]LogConfig: Setting CVar [[r.LightFunctionQuality:1]]
[2022.09.12-18.43.00:127][  0]LogConfig: Setting CVar [[r.ShadowQuality:5]]
[2022.09.12-18.43.00:127][  0]LogConfig: Setting CVar [[r.Shadow.CSM.MaxCascades:10]]
[2022.09.12-18.43.00:127][  0]LogConfig: Setting CVar [[r.Shadow.MaxResolution:2048]]
[2022.09.12-18.43.00:127][  0]LogConfig: Setting CVar [[r.Shadow.MaxCSMResolution:2048]]
[2022.09.12-18.43.00:127][  0]LogConfig: Setting CVar [[r.Shadow.RadiusThreshold:0.01]]
[2022.09.12-18.43.00:127][  0]LogConfig: Setting CVar [[r.Shadow.DistanceScale:1.0]]
[2022.09.12-18.43.00:127][  0]LogConfig: Setting CVar [[r.Shadow.CSM.TransitionScale:1.0]]
[2022.09.12-18.43.00:127][  0]LogConfig: Setting CVar [[r.Shadow.PreShadowResolutionFactor:1.0]]
[2022.09.12-18.43.00:127][  0]LogConfig: Setting CVar [[r.DistanceFieldShadowing:1]]
[2022.09.12-18.43.00:127][  0]LogConfig: Setting CVar [[r.DistanceFieldAO:1]]
[2022.09.12-18.43.00:127][  0]LogConfig: Setting CVar [[r.AOQuality:2]]
[2022.09.12-18.43.00:127][  0]LogConfig: Setting CVar [[r.VolumetricFog:1]]
[2022.09.12-18.43.00:127][  0]LogConfig: Setting CVar [[r.VolumetricFog.GridPixelSize:8]]
[2022.09.12-18.43.00:127][  0]LogConfig: Setting CVar [[r.VolumetricFog.GridSizeZ:128]]
[2022.09.12-18.43.00:127][  0]LogConfig: Setting CVar [[r.VolumetricFog.HistoryMissSupersampleCount:4]]
[2022.09.12-18.43.00:127][  0]LogConfig: Setting CVar [[r.LightMaxDrawDistanceScale:1]]
[2022.09.12-18.43.00:127][  0]LogConfig: Setting CVar [[r.CapsuleShadows:1]]
[2022.09.12-18.43.00:127][  0]LogConfig: Applying CVar settings from Section [PostProcessQuality@3] File [E:/ALONE Survivor/BlackWinter2/BlackWinter2/Saved/Config/Windows/Scalability.ini]
[2022.09.12-18.43.00:127][  0]LogConfig: Setting CVar [[r.MotionBlurQuality:4]]
[2022.09.12-18.43.00:127][  0]LogConfig: Setting CVar [[r.AmbientOcclusionMipLevelFactor:0.4]]
[2022.09.12-18.43.00:127][  0]LogConfig: Setting CVar [[r.AmbientOcclusionMaxQuality:100]]
[2022.09.12-18.43.00:127][  0]LogConfig: Setting CVar [[r.AmbientOcclusionLevels:-1]]
[2022.09.12-18.43.00:127][  0]LogConfig: Setting CVar [[r.AmbientOcclusionRadiusScale:1.0]]
[2022.09.12-18.43.00:127][  0]LogConfig: Setting CVar [[r.DepthOfFieldQuality:2]]
[2022.09.12-18.43.00:127][  0]LogConfig: Setting CVar [[r.RenderTargetPoolMin:400]]
[2022.09.12-18.43.00:127][  0]LogConfig: Setting CVar [[r.LensFlareQuality:2]]
[2022.09.12-18.43.00:127][  0]LogConfig: Setting CVar [[r.SceneColorFringeQuality:1]]
[2022.09.12-18.43.00:127][  0]LogConfig: Setting CVar [[r.EyeAdaptationQuality:2]]
[2022.09.12-18.43.00:127][  0]LogConfig: Setting CVar [[r.BloomQuality:5]]
[2022.09.12-18.43.00:127][  0]LogConfig: Setting CVar [[r.FastBlurThreshold:100]]
[2022.09.12-18.43.00:127][  0]LogConfig: Setting CVar [[r.Upscale.Quality:3]]
[2022.09.12-18.43.00:127][  0]LogConfig: Setting CVar [[r.Tonemapper.GrainQuantization:1]]
[2022.09.12-18.43.00:127][  0]LogConfig: Setting CVar [[r.LightShaftQuality:1]]
[2022.09.12-18.43.00:127][  0]LogConfig: Setting CVar [[r.Filter.SizeScale:1]]
[2022.09.12-18.43.00:127][  0]LogConfig: Setting CVar [[r.Tonemapper.Quality:5]]
[2022.09.12-18.43.00:127][  0]LogConfig: Setting CVar [[r.DOF.Gather.AccumulatorQuality:1        ; higher gathering accumulator quality]]
[2022.09.12-18.43.00:127][  0]LogConfig: Setting CVar [[r.DOF.Gather.PostfilterMethod:1          ; Median3x3 postfilering method]]
[2022.09.12-18.43.00:127][  0]LogConfig: Setting CVar [[r.DOF.Gather.EnableBokehSettings:0       ; no bokeh simulation when gathering]]
[2022.09.12-18.43.00:127][  0]LogConfig: Setting CVar [[r.DOF.Gather.RingCount:4                 ; medium number of samples when gathering]]
[2022.09.12-18.43.00:127][  0]LogConfig: Setting CVar [[r.DOF.Scatter.ForegroundCompositing:1    ; additive foreground scattering]]
[2022.09.12-18.43.00:127][  0]LogConfig: Setting CVar [[r.DOF.Scatter.BackgroundCompositing:2    ; additive background scattering]]
[2022.09.12-18.43.00:128][  0]LogConfig: Setting CVar [[r.DOF.Scatter.EnableBokehSettings:1      ; bokeh simulation when scattering]]
[2022.09.12-18.43.00:128][  0]LogConfig: Setting CVar [[r.DOF.Scatter.MaxSpriteRatio:0.1         ; only a maximum of 10% of scattered bokeh]]
[2022.09.12-18.43.00:128][  0]LogConfig: Setting CVar [[r.DOF.Recombine.Quality:1                ; cheap slight out of focus]]
[2022.09.12-18.43.00:128][  0]LogConfig: Setting CVar [[r.DOF.Recombine.EnableBokehSettings:0    ; no bokeh simulation on slight out of focus]]
[2022.09.12-18.43.00:128][  0]LogConfig: Setting CVar [[r.DOF.TemporalAAQuality:1                ; more stable temporal accumulation]]
[2022.09.12-18.43.00:128][  0]LogConfig: Setting CVar [[r.DOF.Kernel.MaxForegroundRadius:0.025]]
[2022.09.12-18.43.00:128][  0]LogConfig: Setting CVar [[r.DOF.Kernel.MaxBackgroundRadius:0.025]]
[2022.09.12-18.43.00:128][  0]LogConfig: Applying CVar settings from Section [TextureQuality@3] File [E:/ALONE Survivor/BlackWinter2/BlackWinter2/Saved/Config/Windows/Scalability.ini]
[2022.09.12-18.43.00:128][  0]LogConfig: Setting CVar [[r.Streaming.MipBias:0]]
[2022.09.12-18.43.00:128][  0]LogConfig: Setting CVar [[r.Streaming.AmortizeCPUToGPUCopy:0]]
[2022.09.12-18.43.00:128][  0]LogConfig: Setting CVar [[r.Streaming.MaxNumTexturesToStreamPerFrame:0]]
[2022.09.12-18.43.00:128][  0]LogConfig: Setting CVar [[r.Streaming.Boost:1]]
[2022.09.12-18.43.00:128][  0]LogConfig: Setting CVar [[r.MaxAnisotropy:8]]
[2022.09.12-18.43.00:128][  0]LogConfig: Setting CVar [[r.VT.MaxAnisotropy:8]]
[2022.09.12-18.43.00:128][  0]LogConfig: Setting CVar [[r.Streaming.LimitPoolSizeToVRAM:0]]
[2022.09.12-18.43.00:128][  0]LogConfig: Setting CVar [[r.Streaming.PoolSize:1000]]
[2022.09.12-18.43.00:128][  0]LogConfig: Setting CVar [[r.Streaming.MaxEffectiveScreenSize:0]]
[2022.09.12-18.43.00:128][  0]LogConfig: Applying CVar settings from Section [EffectsQuality@3] File [E:/ALONE Survivor/BlackWinter2/BlackWinter2/Saved/Config/Windows/Scalability.ini]
[2022.09.12-18.43.00:128][  0]LogConfig: Setting CVar [[r.TranslucencyLightingVolumeDim:64]]
[2022.09.12-18.43.00:128][  0]LogConfig: Setting CVar [[r.RefractionQuality:2]]
[2022.09.12-18.43.00:128][  0]LogConfig: Setting CVar [[r.SSR.Quality:3]]
[2022.09.12-18.43.00:128][  0]LogConfig: Setting CVar [[r.SSR.HalfResSceneColor:0]]
[2022.09.12-18.43.00:128][  0]LogConfig: Setting CVar [[r.SceneColorFormat:4]]
[2022.09.12-18.43.00:128][  0]LogConfig: Setting CVar [[r.DetailMode:2]]
[2022.09.12-18.43.00:128][  0]LogConfig: Setting CVar [[r.TranslucencyVolumeBlur:1]]
[2022.09.12-18.43.00:128][  0]LogConfig: Setting CVar [[r.MaterialQualityLevel:1 ; High quality]]
[2022.09.12-18.43.00:128][  0]LogConfig: Setting CVar [[r.AnisotropicMaterials:1]]
[2022.09.12-18.43.00:128][  0]LogConfig: Setting CVar [[r.SSS.Scale:1]]
[2022.09.12-18.43.00:128][  0]LogConfig: Setting CVar [[r.SSS.SampleSet:2]]
[2022.09.12-18.43.00:128][  0]LogConfig: Setting CVar [[r.SSS.Quality:1]]
[2022.09.12-18.43.00:128][  0]LogConfig: Setting CVar [[r.SSS.HalfRes:0]]
[2022.09.12-18.43.00:128][  0]LogConfig: Setting CVar [[r.SSGI.Quality:3]]
[2022.09.12-18.43.00:128][  0]LogConfig: Setting CVar [[r.EmitterSpawnRateScale:1.0]]
[2022.09.12-18.43.00:128][  0]LogConfig: Setting CVar [[r.ParticleLightQuality:2]]
[2022.09.12-18.43.00:128][  0]LogConfig: Setting CVar [[r.SkyAtmosphere.AerialPerspectiveLUT.FastApplyOnOpaque:1 ; Always have FastSkyLUT 1 in this case to avoid wrong sky]]
[2022.09.12-18.43.00:128][  0]LogConfig: Setting CVar [[r.SkyAtmosphere.AerialPerspectiveLUT.SampleCountMaxPerSlice:4]]
[2022.09.12-18.43.00:128][  0]LogConfig: Setting CVar [[r.SkyAtmosphere.AerialPerspectiveLUT.DepthResolution:16.0]]
[2022.09.12-18.43.00:128][  0]LogConfig: Setting CVar [[r.SkyAtmosphere.FastSkyLUT:1]]
[2022.09.12-18.43.00:128][  0]LogConfig: Setting CVar [[r.SkyAtmosphere.FastSkyLUT.SampleCountMin:4.0]]
[2022.09.12-18.43.00:128][  0]LogConfig: Setting CVar [[r.SkyAtmosphere.FastSkyLUT.SampleCountMax:128.0]]
[2022.09.12-18.43.00:128][  0]LogConfig: Setting CVar [[r.SkyAtmosphere.SampleCountMin:4.0]]
[2022.09.12-18.43.00:128][  0]LogConfig: Setting CVar [[r.SkyAtmosphere.SampleCountMax:128.0]]
[2022.09.12-18.43.00:128][  0]LogConfig: Setting CVar [[r.SkyAtmosphere.TransmittanceLUT.UseSmallFormat:0]]
[2022.09.12-18.43.00:128][  0]LogConfig: Setting CVar [[r.SkyAtmosphere.TransmittanceLUT.SampleCount:10.0]]
[2022.09.12-18.43.00:128][  0]LogConfig: Setting CVar [[r.SkyAtmosphere.MultiScatteringLUT.SampleCount:15.0]]
[2022.09.12-18.43.00:128][  0]LogConfig: Setting CVar [[r.SkyLight.RealTimeReflectionCapture:1]]
[2022.09.12-18.43.00:128][  0]LogConfig: Applying CVar settings from Section [FoliageQuality@3] File [E:/ALONE Survivor/BlackWinter2/BlackWinter2/Saved/Config/Windows/Scalability.ini]
[2022.09.12-18.43.00:128][  0]LogConfig: Setting CVar [[foliage.DensityScale:1.0]]
[2022.09.12-18.43.00:128][  0]LogConfig: Setting CVar [[grass.DensityScale:1.0]]
[2022.09.12-18.43.00:128][  0]LogConfig: Applying CVar settings from Section [ShadingQuality@3] File [E:/ALONE Survivor/BlackWinter2/BlackWinter2/Saved/Config/Windows/Scalability.ini]
[2022.09.12-18.43.00:128][  0]LogConfig: Setting CVar [[r.HairStrands.SkyLighting.IntegrationType:2]]
[2022.09.12-18.43.00:128][  0]LogConfig: Setting CVar [[r.HairStrands.SkyAO.SampleCount:4]]
[2022.09.12-18.43.00:128][  0]LogConfig: Setting CVar [[r.HairStrands.Visibility.MSAA.SamplePerPixel:4]]
[2022.09.12-18.43.00:128][  0]LogConfig: Applying CVar settings from Section [Startup] File [../../../Engine/Config/ConsoleVariables.ini]
[2022.09.12-18.43.00:129][  0]LogConfig: Setting CVar [[net.UseAdaptiveNetUpdateFrequency:0]]
[2022.09.12-18.43.00:129][  0]LogConfig: Setting CVar [[p.chaos.AllowCreatePhysxBodies:1]]
[2022.09.12-18.43.00:129][  0]LogConfig: Setting CVar [[fx.SkipVectorVMBackendOptimizations:1]]
[2022.09.12-18.43.00:129][  0]LogConfig: Applying CVar settings from Section [ConsoleVariables] File [E:/ALONE Survivor/BlackWinter2/BlackWinter2/Saved/Config/Windows/Engine.ini]
[2022.09.12-18.43.00:129][  0]LogConfig: Applying CVar settings from Section [ConsoleVariables] File [E:/ALONE Survivor/BlackWinter2/BlackWinter2/Saved/Config/Windows/Editor.ini]
[2022.09.12-18.43.00:129][  0]LogInit: Computer: DESKTOP-4H0QURC
[2022.09.12-18.43.00:129][  0]LogInit: User: kaiko
[2022.09.12-18.43.00:129][  0]LogInit: CPU Page size=4096, Cores=8
[2022.09.12-18.43.00:129][  0]LogInit: High frequency timer resolution =10.000000 MHz
[2022.09.12-18.43.00:129][  0]LogMemory: Memory total: Physical=31.9GB (32GB approx)
[2022.09.12-18.43.00:129][  0]LogMemory: Platform Memory Stats for Windows
[2022.09.12-18.43.00:129][  0]LogMemory: Process Physical Memory: 147.66 MB used, 149.34 MB peak
[2022.09.12-18.43.00:129][  0]LogMemory: Process Virtual Memory: 130.85 MB used, 130.85 MB peak
[2022.09.12-18.43.00:129][  0]LogMemory: Physical Memory: 12801.37 MB used,  19905.11 MB free, 32706.48 MB total
[2022.09.12-18.43.00:129][  0]LogMemory: Virtual Memory: 134177904.00 MB used,  39824.53 MB free, 134217728.00 MB total
[2022.09.12-18.43.00:133][  0]LogWindows: WindowsPlatformFeatures enabled
[2022.09.12-18.43.00:178][  0]LogInit: Physics initialised using underlying interface: PhysX
[2022.09.12-18.43.00:178][  0]LogInit: Using OS detected language (en-US).
[2022.09.12-18.43.00:178][  0]LogInit: Using OS detected locale (en-US).
[2022.09.12-18.43.00:184][  0]LogTextLocalizationManager: No specific localization for 'en-US' exists, so the 'en' localization will be used.
[2022.09.12-18.43.00:359][  0]LogInit: Setting process to per monitor DPI aware
[2022.09.12-18.43.00:371][  0]LogWindowsTextInputMethodSystem: Display: IME system deactivated.
[2022.09.12-18.43.00:389][  0]LogSlate: New Slate User Created.  User Index 0, Is Virtual User: 0
[2022.09.12-18.43.00:389][  0]LogSlate: Slate User Registered.  User Index 0, Is Virtual User: 0
[2022.09.12-18.43.00:501][  0]LogD3D11RHI: Loaded GFSDK_Aftermath_Lib.x64.dll
[2022.09.12-18.43.05:863][  0]LogHMD: Failed to initialize OpenVR with code 108
[2022.09.12-18.43.05:863][  0]LogD3D11RHI: D3D11 min allowed feature level: 11_0
[2022.09.12-18.43.05:863][  0]LogD3D11RHI: D3D11 max allowed feature level: 11_0
[2022.09.12-18.43.05:863][  0]LogD3D11RHI: D3D11 adapters:
[2022.09.12-18.43.05:965][  0]LogD3D11RHI:    0. 'NVIDIA GeForce RTX 2070' (Feature Level 11_0)
[2022.09.12-18.43.05:965][  0]LogD3D11RHI:       8031/0/16353 MB DedicatedVideo/DedicatedSystem/SharedSystem, Outputs:2, VendorId:0x10de
[2022.09.12-18.43.05:966][  0]LogD3D11RHI:    1. 'Microsoft Basic Render Driver' (Feature Level 11_0)
[2022.09.12-18.43.05:966][  0]LogD3D11RHI:       0/0/16353 MB DedicatedVideo/DedicatedSystem/SharedSystem, Outputs:0, VendorId:0x1414
[2022.09.12-18.43.05:966][  0]LogD3D11RHI: Chosen D3D11 Adapter:
[2022.09.12-18.43.05:966][  0]LogD3D11RHI:     Description : NVIDIA GeForce RTX 2070
[2022.09.12-18.43.05:966][  0]LogD3D11RHI:     VendorId    : 10de
[2022.09.12-18.43.05:966][  0]LogD3D11RHI:     DeviceId    : 1f07
[2022.09.12-18.43.05:966][  0]LogD3D11RHI:     SubSysId    : 21733842
[2022.09.12-18.43.05:966][  0]LogD3D11RHI:     Revision    : 00a1
[2022.09.12-18.43.05:966][  0]LogD3D11RHI:     DedicatedVideoMemory : 8421113856 bytes
[2022.09.12-18.43.05:966][  0]LogD3D11RHI:     DedicatedSystemMemory : 0 bytes
[2022.09.12-18.43.05:966][  0]LogD3D11RHI:     SharedSystemMemory : 17147615232 bytes
[2022.09.12-18.43.05:966][  0]LogD3D11RHI:     AdapterLuid : 0 62610
[2022.09.12-18.43.05:976][  0]LogD3D11RHI: Creating new Direct3DDevice
[2022.09.12-18.43.05:976][  0]LogD3D11RHI:     GPU DeviceId: 0x1f07 (for the marketing name, search the web for "GPU Device Id")
[2022.09.12-18.43.05:976][  0]LogWindows: EnumDisplayDevices:
[2022.09.12-18.43.05:976][  0]LogWindows:    0. 'NVIDIA GeForce RTX 2070' (P:1 D:1)
[2022.09.12-18.43.05:977][  0]LogWindows:    1. 'NVIDIA GeForce RTX 2070' (P:0 D:1)
[2022.09.12-18.43.05:977][  0]LogWindows:    2. 'NVIDIA GeForce RTX 2070' (P:0 D:0)
[2022.09.12-18.43.05:977][  0]LogWindows:    3. 'NVIDIA GeForce RTX 2070' (P:0 D:0)
[2022.09.12-18.43.05:978][  0]LogWindows: DebugString: FoundDriverCount:4 
[2022.09.12-18.43.05:978][  0]LogD3D11RHI:     Adapter Name: NVIDIA GeForce RTX 2070
[2022.09.12-18.43.05:978][  0]LogD3D11RHI:   Driver Version: 516.94 (internal:31.0.15.1694, unified:516.94)
[2022.09.12-18.43.05:978][  0]LogD3D11RHI:      Driver Date: 7-21-2022
[2022.09.12-18.43.05:978][  0]LogRHI: Texture pool is 5621 MB (70% of 8031 MB)
[2022.09.12-18.43.05:978][  0]LogD3D11RHI: Creating D3DDevice using adapter:
[2022.09.12-18.43.05:978][  0]LogD3D11RHI:     Description : NVIDIA GeForce RTX 2070
[2022.09.12-18.43.05:978][  0]LogD3D11RHI:     VendorId    : 10de
[2022.09.12-18.43.05:978][  0]LogD3D11RHI:     DeviceId    : 1f07
[2022.09.12-18.43.05:978][  0]LogD3D11RHI:     SubSysId    : 21733842
[2022.09.12-18.43.05:978][  0]LogD3D11RHI:     Revision    : 00a1
[2022.09.12-18.43.05:978][  0]LogD3D11RHI:     DedicatedVideoMemory : 8421113856 bytes
[2022.09.12-18.43.05:978][  0]LogD3D11RHI:     DedicatedSystemMemory : 0 bytes
[2022.09.12-18.43.05:978][  0]LogD3D11RHI:     SharedSystemMemory : 17147615232 bytes
[2022.09.12-18.43.05:978][  0]LogD3D11RHI:     AdapterLuid : 0 62610
[2022.09.12-18.43.06:028][  0]LogD3D11RHI: RHI has support for 64 bit atomics
[2022.09.12-18.43.06:029][  0]LogD3D11RHI: Async texture creation enabled
[2022.09.12-18.43.06:029][  0]LogD3D11RHI: Array index from any shader is supported
[2022.09.12-18.43.06:050][  0]LogD3D11RHI: GPU Timing Frequency: 1000.000000 (Debug: 2 1)
[2022.09.12-18.43.06:076][  0]LogRHI: GeForceNow SDK initialized: 1
[2022.09.12-18.43.06:413][  0]LogTargetPlatformManager: Display: Loaded TargetPlatform 'AllDesktop'
[2022.09.12-18.43.06:431][  0]LogTargetPlatformManager: Display: Loaded TargetPlatform 'Android'
[2022.09.12-18.43.06:431][  0]LogTargetPlatformManager: Display: Loaded TargetPlatform 'Android_ASTC'
[2022.09.12-18.43.06:431][  0]LogTargetPlatformManager: Display: Loaded TargetPlatform 'Android_DXT'
[2022.09.12-18.43.06:431][  0]LogTargetPlatformManager: Display: Loaded TargetPlatform 'Android_ETC2'
[2022.09.12-18.43.06:431][  0]LogTargetPlatformManager: Display: Loaded TargetPlatform 'AndroidClient'
[2022.09.12-18.43.06:431][  0]LogTargetPlatformManager: Display: Loaded TargetPlatform 'Android_ASTCClient'
[2022.09.12-18.43.06:431][  0]LogTargetPlatformManager: Display: Loaded TargetPlatform 'Android_DXTClient'
[2022.09.12-18.43.06:431][  0]LogTargetPlatformManager: Display: Loaded TargetPlatform 'Android_ETC2Client'
[2022.09.12-18.43.06:431][  0]LogTargetPlatformManager: Display: Loaded TargetPlatform 'Android_Multi'
[2022.09.12-18.43.06:431][  0]LogTargetPlatformManager: Display: Loaded TargetPlatform 'Android_MultiClient'
[2022.09.12-18.43.06:446][  0]LogTargetPlatformManager: Display: Loaded TargetPlatform 'IOSClient'
[2022.09.12-18.43.06:446][  0]LogTargetPlatformManager: Display: Loaded TargetPlatform 'IOS'
[2022.09.12-18.43.06:455][  0]LogTargetPlatformManager: Display: Loaded TargetPlatform 'Linux'
[2022.09.12-18.43.06:458][  0]LogTargetPlatformManager: Display: Loaded TargetPlatform 'LinuxNoEditor'
[2022.09.12-18.43.06:462][  0]LogTargetPlatformManager: Display: Loaded TargetPlatform 'LinuxClient'
[2022.09.12-18.43.06:465][  0]LogTargetPlatformManager: Display: Loaded TargetPlatform 'LinuxServer'
[2022.09.12-18.43.06:474][  0]LogTargetPlatformManager: Display: Loaded TargetPlatform 'LinuxAArch64NoEditor'
[2022.09.12-18.43.06:478][  0]LogTargetPlatformManager: Display: Loaded TargetPlatform 'LinuxAArch64Client'
[2022.09.12-18.43.06:482][  0]LogTargetPlatformManager: Display: Loaded TargetPlatform 'LinuxAArch64Server'
[2022.09.12-18.43.06:507][  0]LogTargetPlatformManager: Display: Loaded TargetPlatform 'Lumin'
[2022.09.12-18.43.06:507][  0]LogTargetPlatformManager: Display: Loaded TargetPlatform 'LuminClient'
[2022.09.12-18.43.06:515][  0]LogTargetPlatformManager: Display: Loaded TargetPlatform 'MacNoEditor'
[2022.09.12-18.43.06:518][  0]LogTargetPlatformManager: Display: Loaded TargetPlatform 'Mac'
[2022.09.12-18.43.06:522][  0]LogTargetPlatformManager: Display: Loaded TargetPlatform 'MacClient'
[2022.09.12-18.43.06:525][  0]LogTargetPlatformManager: Display: Loaded TargetPlatform 'MacServer'
[2022.09.12-18.43.06:534][  0]LogTargetPlatformManager: Display: Loaded TargetPlatform 'TVOSClient'
[2022.09.12-18.43.06:534][  0]LogTargetPlatformManager: Display: Loaded TargetPlatform 'TVOS'
[2022.09.12-18.43.06:543][  0]LogTargetPlatformManager: Display: Loaded TargetPlatform 'WindowsNoEditor'
[2022.09.12-18.43.06:547][  0]LogTargetPlatformManager: Display: Loaded TargetPlatform 'Windows'
[2022.09.12-18.43.06:551][  0]LogTargetPlatformManager: Display: Loaded TargetPlatform 'WindowsClient'
[2022.09.12-18.43.06:555][  0]LogTargetPlatformManager: Display: Loaded TargetPlatform 'WindowsServer'
[2022.09.12-18.43.06:555][  0]LogTargetPlatformManager: Display: Building Assets For Windows
[2022.09.12-18.43.06:561][  0]LogAudioDebug: Display: Lib vorbis DLL was dynamically loaded.
[2022.09.12-18.43.06:586][  0]LogTextureFormatOodle: Display: Oodle Texture 2.9.0 init RDO Off
[2022.09.12-18.43.06:612][  0]LogRendererCore: Ray tracing is disabled. Reason: r.RayTracing=0.
[2022.09.12-18.43.06:612][  0]LogShaderCompilers: Guid format shader working directory is 2 characters bigger than the processId version (E:/ALONE Survivor/BlackWinter2/BlackWinter2/Intermediate/Shaders/WorkingDirectory/37128/).
[2022.09.12-18.43.06:612][  0]LogShaderCompilers: Cleaned the shader compiler working directory 'C:/Users/kaiko/AppData/Local/Temp/UnrealShaderWorkingDir/0E158A664262A20C0C1E5EA11CCFC556/'.
[2022.09.12-18.43.06:612][  0]LogXGEController: Cannot use XGE Controller as Incredibuild is not installed on this machine.
[2022.09.12-18.43.06:612][  0]LogShaderCompilers: Cannot use XGE Shader Compiler as Incredibuild is not installed on this machine.
[2022.09.12-18.43.06:612][  0]LogShaderCompilers: Display: Using Local Shader Compiler.
[2022.09.12-18.43.07:216][  0]LogDerivedDataCache: Display: Max Cache Size: 512 MB
[2022.09.12-18.43.07:266][  0]LogDerivedDataCache: Loaded boot cache 0.05s 94MB C:/Users/kaiko/AppData/Local/UnrealEngine/4.27/DerivedDataCache/Boot.ddc.
[2022.09.12-18.43.07:266][  0]LogDerivedDataCache: Display: Loaded Boot cache: C:/Users/kaiko/AppData/Local/UnrealEngine/4.27/DerivedDataCache/Boot.ddc
[2022.09.12-18.43.07:266][  0]LogDerivedDataCache: FDerivedDataBackendGraph:  Pak pak cache file E:/ALONE Survivor/BlackWinter2/BlackWinter2/DerivedDataCache/DDC.ddp not found, will not use a pak cache.
[2022.09.12-18.43.07:266][  0]LogDerivedDataCache: Unable to find inner node Pak for hierarchical cache Hierarchy.
[2022.09.12-18.43.07:266][  0]LogDerivedDataCache: FDerivedDataBackendGraph:  CompressedPak pak cache file E:/ALONE Survivor/BlackWinter2/BlackWinter2/DerivedDataCache/Compressed.ddp not found, will not use a pak cache.
[2022.09.12-18.43.07:266][  0]LogDerivedDataCache: Unable to find inner node CompressedPak for hierarchical cache Hierarchy.
[2022.09.12-18.43.07:280][  0]LogDerivedDataCache: Display: Pak cache opened for reading ../../../Engine/DerivedDataCache/Compressed.ddp.
[2022.09.12-18.43.07:280][  0]LogDerivedDataCache: FDerivedDataBackendGraph:  EnterprisePak pak cache file ../../../Enterprise/DerivedDataCache/Compressed.ddp not found, will not use a pak cache.
[2022.09.12-18.43.07:280][  0]LogDerivedDataCache: Unable to find inner node EnterprisePak for hierarchical cache Hierarchy.
[2022.09.12-18.43.07:290][  0]LogDerivedDataCache: Speed tests for C:/Users/kaiko/AppData/Local/UnrealEngine/Common/DerivedDataCache took 0.01 seconds
[2022.09.12-18.43.07:290][  0]LogDerivedDataCache: Display: Performance to C:/Users/kaiko/AppData/Local/UnrealEngine/Common/DerivedDataCache: Latency=0.03ms. RandomReadSpeed=272.51MBs, RandomWriteSpeed=147.67MBs. Assigned SpeedClass 'Local'
[2022.09.12-18.43.07:291][  0]LogDerivedDataCache: Using Local data cache path C:/Users/kaiko/AppData/Local/UnrealEngine/Common/DerivedDataCache: Writable
[2022.09.12-18.43.07:291][  0]LogDerivedDataCache: Shared data cache path not found in *engine.ini, will not use an Shared cache.
[2022.09.12-18.43.07:291][  0]LogDerivedDataCache: Unable to find inner node Shared for hierarchical cache Hierarchy.
[2022.09.12-18.43.07:328][  0]LogSlate: Using FreeType 2.10.0
[2022.09.12-18.43.07:329][  0]LogSlate: SlateFontServices - WITH_FREETYPE: 1, WITH_HARFBUZZ: 1
[2022.09.12-18.43.07:353][  0]LogAssetRegistry: FAssetRegistry took 0.0029 seconds to start up
[2022.09.12-18.43.07:538][  0]LogInit: Selected Device Profile: [Windows]
[2022.09.12-18.43.07:539][  0]LogInit: Active device profile: [000001768167EE00][00000176FBED5B40 49] Windows
[2022.09.12-18.43.07:539][  0]LogInit: Profiles: [000001768167EE00][00000176FBED5B40 49] Windows, [00000176814ED600][00000176FBEDC140 49] WindowsNoEditor, [000001768167E300][00000176FBEE82C0 49] WindowsServer, [00000176814EF100][00000176FBEEC440 49] WindowsClient, [000001768167C900][00000176822125C0 49] IOS, [00000176814EF200][0000017682216740 49] iPadAir, [000001768167DD00][00000176FBED8880 49] iPadAir2, [0000017681490E00][00000176822EAAC0 49] IPadPro, [0000017681490F00][000001768221AB00 49] iPadAir3, [00000176814ED500][00000176822F2C80 49] iPadAir4, [0000017681491B00][00000176F8A48E00 49] iPadMini2, [00000176814EC900][00000176F8A4CF80 49] iPadMini3, [0000017681493600][00000176F8A51100 49] iPadMini4, [00000176814EEF00][00000176823F1280 49] iPadMini5, [00000176814B4600][00000176F8A69540 49] iPhone6, [00000176814B4700][00000176F8A65580 49] iPodTouch6, [000001768167F300][00000176FC17D840 49] iPhone7, [000001768167FD00][00000176F8A6D880 49] iPodTouch7, [00000176814B4300][00000176823F9A00 49] iPhone5S, [0000017681490400][00000176823FDB80 49] iPhone6Plus, [00000176814B7800][000001768236C180 49] iPhone6S, [0000017681491500][000001768237C300 49] iPhone6SPlus, [00000176814B6100][0000017682380480 49] iPhone7Plus, [0000017681490500][00000176825F8600 49] iPhoneSE, [00000176814B6F00][00000176825FC780 49] iPhone8, [0000017681492900][0000017682600900 49] iPhone8Plus, [000001768167F200][00000176822EEA40 49] iPhoneX, [0000017681490300][0000017682612B80 49] iPhoneXS, [000001768167F700][0000017682616CC0 49] iPhoneXSMax, [0000017681493E00][000001768261EE40 49] iPhoneXR, [000001768167D600][0000017682622FC0 49] iPhone11, [0000017681493500][0000017682627140 49] iPhone11Pro, [000001768167C300][000001768262B2C0 49] iPhone11ProMax, [0000017681492C00][000001768262F440 49] iPhoneSE2, [000001768167E100][00000176826335C0 49] iPhone12Mini, [0000017681490800][00000176FC0F1740 49] iPhone12, [000001768167E000][00000176FC1098C0 49] iPhone12Pro, [0000017681490D00][0000017682B0DA40 49] iPhone12ProMax, [000001768167D500][0000017682B45BC0 49] iPadPro105, [0000017681492D00][0000017682B481C0 49] iPadPro129, [000001768167E900][0000017682B4C340 49] iPadPro97, [0000017681491C00][0000017682B504C0 49] iPadPro2_129, [000001768167D800][00000176F89DA640 49] iPad5, [0000017681492E00][00000176F89DE7C0 49] iPad6, [000001768167CE00][00000176F89E2940 49] iPad7, [0000017681491E00][00000176F8A16AC0 49] iPad8, [000001768167E600][000001768261AC00 49] iPadPro11, [0000017681492A00][00000176F8A1AD40 49] iPadPro2_11, [000001768167DC00][00000176F8A1EE80 49] iPadPro3_129, [0000017681493200][00000176F8A22FC0 49] iPadPro4_129, [000001768167F600][00000176F8A2B140 49] AppleTV, [0000017681491600][00000176F8A2F2C0 49] AppleTV4K, [000001768167C200][00000176F8A3F440 49] TVOS, [0000017681492700][00000176F8A435C0 49] Mac, [000001768167F900][0000017682BFF740 49] MacClient, [0000017681491800][0000017682C038C0 49] MacNoEditor, [000001768167D100][0000017682C07A40 49] MacServer, [0000017681490B00][0000017682C0BBC0 49] Linux, [000001768167DA00][0000017682C0E1C0 49] LinuxAArch64, [0000017681492400][00000176823F4340 49] LinuxNoEditor, [000001768167D300][00000176FBEE04C0 49] LinuxAArch64NoEditor, [0000017681493A00][00000176FBEE4640 49] LinuxClient, [000001768167C100][00000176F8A127C0 49] LinuxAArch64Client, [0000017681491300][0000017682B54940 49] LinuxServer, [000001768167EA00][0000017682C12AC0 49] LinuxAArch64Server, [0000017681493F00][0000017682C16C40 49] Android, [000001768167E700][00000176F8A26D80 49] Android_Low, [0000017681490900][0000017682C1AEC0 49] Android_Mid, [000001768167F400][00000176FC157000 49] Android_High, [0000017681493400][00000176FC15B140 49] Android_Default, [00000176814ED400][00000176FC1632C0 49] Android_Adreno4xx, [00000176814B5E00][00000176FC167440 49] Android_Adreno5xx_Low, [00000176814EDB00][00000176FC16B5C0 49] Android_Adreno5xx, [00000176814B5C00][00000176FC16F740 49] Android_Adreno6xx, [00000176814EE100][00000176FC1738C0 49] Android_Adreno6xx_Vulkan, [00000176814B4800][00000176FC177A40 49] Android_Mali_T6xx, [00000176814EE600][0000017682283BC0 49] Android_Mali_T7xx, [00000176814B7F00][00000176822861C0 49] Android_Mali_T8xx, [00000176814ED300][000001768228A340 49] Android_Mali_G71, [00000176814B6B00][000001768228E4C0 49] Android_Mali_G72, [00000176814EF300][0000017682292640 49] Android_Mali_G72_Vulkan, [00000176814B5300][00000176822967C0 49] Android_Mali_G76, [00000176814EDF00][000001768229A940 49] Android_Mali_G76_Vulkan, [00000176814B5800][000001768229EAC0 49] Android_Mali_G77, [00000176814EC800][00000176822A2C40 49] Android_Mali_G77_Vulkan, [00000176814B4D00][00000176822A6DC0 49] Android_Mali_G78, [00000176814EE900][0000017682B92F40 49] Android_Mali_G78_Vulkan, [00000176814B6200][00000176FC15F080 49] Android_Mali_G710, [00000176814EDC00][0000017682B971C0 49] Android_Mali_G710_Vulkan, [00000176814B4A00][0000017682B9B300 49] Android_Vulkan_SM5, [00000176814EC100][0000017682BA3480 49] Android_PowerVR_G6xxx, [00000176814B6000][0000017682BA7600 49] Android_PowerVR_GT7xxx, [00000176814EDE00][0000017682BAB780 49] Android_PowerVR_GE8xxx, [00000176814B5A00][0000017682BAF900 49] Android_PowerVR_GM9xxx, [00000176814EF000][0000017682BB3A80 49] Android_PowerVR_GM9xxx_Vulkan, [00000176814B4500][0000017682BB7C00 49] Android_TegraK1, [0000017681493800][0000017682BBA200 49] Android_Unknown_Vulkan, [00000176814B5400][0000017682BBE380 49] Lumin, [0000017681490A00][0000017682BC2500 49] Lumin_Desktop, [00000176814B4200][0000017682BC6680 49] HoloLens, 
[2022.09.12-18.43.07:669][  0]LogMeshReduction: Using QuadricMeshReduction for automatic static mesh reduction
[2022.09.12-18.43.07:669][  0]LogMeshReduction: Using SimplygonMeshReduction for automatic skeletal mesh reduction
[2022.09.12-18.43.07:669][  0]LogMeshReduction: Using ProxyLODMeshReduction for automatic mesh merging
[2022.09.12-18.43.07:669][  0]LogMeshReduction: No distributed automatic mesh merging module available
[2022.09.12-18.43.07:669][  0]LogMeshMerging: No distributed automatic mesh merging module available
[2022.09.12-18.43.07:685][  0]LogNetVersion: BlackWinter2 1.0.0, NetCL: 17155196, EngineNetVer: 17, GameNetVer: 0 (Checksum: 655502877)
[2022.09.12-18.43.07:992][  0]LogTexture: Default maximum texture size for cubemaps generated from long-lat sources has been changed from 512 to unlimited. In order to preserve old behaiour for '/Engine/MapTemplates/Sky/DaylightAmbientCubemap.DaylightAmbientCubemap', its maximum texture size has been explicitly set to 512.
[2022.09.12-18.43.08:040][  0]LogHMD: PokeAHoleMaterial loaded successfully
[2022.09.12-18.43.08:045][  0]LogUObjectArray: 17178 objects as part of root set at end of initial load.
[2022.09.12-18.43.08:045][  0]LogUObjectAllocator: 4302048 out of 0 bytes used by permanent object pool.
[2022.09.12-18.43.08:045][  0]LogUObjectArray: CloseDisregardForGC: 0/0 objects in disregard for GC pool
[2022.09.12-18.43.08:277][  0]LogNiagaraDebuggerClient: Niagara Debugger Client Initialized | Session: 03A45652434589BD29CDEF90D444E54F | Instance: 8B9793FE47EC9FD6A723659C272DC422 (DESKTOP-4H0QURC-37128).
[2022.09.12-18.43.08:378][  0]LogPython: Using Python 3.7.7
[2022.09.12-18.43.08:821][  0]LogUdpMessaging: Initializing bridge on interface 0.0.0.0:0 to multicast group 230.0.0.1:6666.
[2022.09.12-18.43.08:828][  0]LogTcpMessaging: Initializing TcpMessaging bridge
[2022.09.12-18.43.08:965][  0]SourceControl: Source control is disabled
[2022.09.12-18.43.08:965][  0]SourceControl: Source control is disabled
[2022.09.12-18.43.08:968][  0]SourceControl: Source control is disabled
[2022.09.12-18.43.08:975][  0]SourceControl: Source control is disabled
[2022.09.12-18.43.09:006][  0]LogUProjectInfo: Found projects:
[2022.09.12-18.43.09:014][  0]LogVSAccessor: Display: Unable to create Visual Studio setup instance: 80040154
[2022.09.12-18.43.09:015][  0]LogVSAccessor: Display: Unable to create Visual Studio setup instance: 80040154
[2022.09.12-18.43.09:015][  0]LogVSAccessor: Display: Unable to create Visual Studio setup instance: 80040154
[2022.09.12-18.43.09:188][  0]LogOpenImageDenoise: OIDN starting up
[2022.09.12-18.43.09:198][  0]LogAndroidPermission: UAndroidPermissionCallbackProxy::GetInstance
[2022.09.12-18.43.09:218][  0]LogAudioCaptureCore: Display: No Audio Capture implementations found. Audio input will be silent.
[2022.09.12-18.43.09:218][  0]LogAudioCaptureCore: Display: No Audio Capture implementations found. Audio input will be silent.
[2022.09.12-18.43.09:310][  0]SourceControl: Source control is disabled
[2022.09.12-18.43.09:316][  0]LogCollectionManager: Loaded 0 collections in 0.001602 seconds
[2022.09.12-18.43.09:338][  0]LogFileCache: Scanning file cache for directory 'E:/ALONE Survivor/BlackWinter2/BlackWinter2/Saved/Collections/' took 0.00s
[2022.09.12-18.43.09:338][  0]LogFileCache: Scanning file cache for directory 'E:/ALONE Survivor/BlackWinter2/BlackWinter2/Content/Developers/kaiko/Collections/' took 0.00s
[2022.09.12-18.43.09:338][  0]LogFileCache: Scanning file cache for directory 'E:/ALONE Survivor/BlackWinter2/BlackWinter2/Content/Collections/' took 0.00s
[2022.09.12-18.43.09:338][  0]LogOcInput: OculusInput pre-init called
[2022.09.12-18.43.09:525][  0]LogEngine: Initializing Engine...
[2022.09.12-18.43.09:585][  0]LogHMD: Failed to initialize OpenVR with code 108
[2022.09.12-18.43.09:595][  0]LogHMD: Optional extension XR_VARJO_quad_views is not available
[2022.09.12-18.43.09:595][  0]LogHMD: Warning: Required extension XR_EXT_eye_gaze_interaction is not available
[2022.09.12-18.43.09:595][  0]LogHMD: Could not enable all required OpenXR extensions for OpenXREyeTracker on current system. This plugin will be loaded but ignored, but will be enabled on a target platform that supports the required extension.
[2022.09.12-18.43.09:630][  0]LogHMD: Failed to create an OpenXR instance, result is XR_ERROR_RUNTIME_FAILURE. Please check if you have an OpenXR runtime installed. The following extensions were enabled:
[2022.09.12-18.43.09:630][  0]LogHMD: - XR_KHR_D3D11_enable
[2022.09.12-18.43.09:630][  0]LogHMD: - XR_KHR_D3D12_enable
[2022.09.12-18.43.09:630][  0]LogHMD: - XR_KHR_opengl_enable
[2022.09.12-18.43.09:630][  0]LogHMD: - XR_KHR_vulkan_enable
[2022.09.12-18.43.09:630][  0]LogHMD: - XR_KHR_composition_layer_depth
[2022.09.12-18.43.09:630][  0]LogHMD: - XR_KHR_visibility_mask
[2022.09.12-18.43.09:630][  0]LogHMD: - XR_EXT_hand_tracking
[2022.09.12-18.43.09:630][  0]LogMagicLeap: Warning: VR disabled because ZI is not enabled.  To enable, in the editor, Edit -> Project Settings -> Plugins -> Magic Leap Plugin -> Enable Zero Iteration
[2022.09.12-18.43.09:631][  0]LogStats: UGameplayTagsManager::InitializeManager -  0.000 s
[2022.09.12-18.43.09:744][  0]LogInit: Initializing FReadOnlyCVARCache
[2022.09.12-18.43.09:751][  0]LogAIModule: Creating AISystem for world Untitled
[2022.09.12-18.43.09:753][  0]LogAudio: Display: Initializing Audio Device Manager...
[2022.09.12-18.43.09:756][  0]LogAudio: Display: Loading Default Audio Settings Objects...
[2022.09.12-18.43.09:756][  0]LogAudio: Display: No default SoundConcurrencyObject specified (or failed to load).
[2022.09.12-18.43.09:757][  0]LogAudio: Display: Audio Device Manager Initialized
[2022.09.12-18.43.09:757][  0]LogAudio: Display: Creating Audio Device:                 Id: 1, Scope: Shared, Realtime: True
[2022.09.12-18.43.09:757][  0]LogAudioMixer: Display: Audio Mixer Platform Settings:
[2022.09.12-18.43.09:757][  0]LogAudioMixer: Display: 	Sample Rate:						  48000
[2022.09.12-18.43.09:757][  0]LogAudioMixer: Display: 	Callback Buffer Frame Size Requested: 1024
[2022.09.12-18.43.09:757][  0]LogAudioMixer: Display: 	Callback Buffer Frame Size To Use:	  1024
[2022.09.12-18.43.09:757][  0]LogAudioMixer: Display: 	Number of buffers to queue:			  2
[2022.09.12-18.43.09:757][  0]LogAudioMixer: Display: 	Max Channels (voices):				  32
[2022.09.12-18.43.09:757][  0]LogAudioMixer: Display: 	Number of Async Source Workers:		  0
[2022.09.12-18.43.09:757][  0]LogAudio: Display: AudioDevice MaxSources: 32
[2022.09.12-18.43.09:757][  0]LogAudio: Display: Audio Spatialization Plugin: None (built-in).
[2022.09.12-18.43.09:757][  0]LogAudio: Display: Audio Reverb Plugin: None (built-in).
[2022.09.12-18.43.09:757][  0]LogAudio: Display: Audio Occlusion Plugin: None (built-in).
[2022.09.12-18.43.09:757][  0]LogAudioMixer: Display: Initializing audio mixer.
[2022.09.12-18.43.09:778][  0]LogAudioMixer: Display: 0: FrontLeft
[2022.09.12-18.43.09:778][  0]LogAudioMixer: Display: 1: FrontRight
[2022.09.12-18.43.09:778][  0]LogAudioMixer: Display: 2: FrontCenter
[2022.09.12-18.43.09:778][  0]LogAudioMixer: Display: 3: LowFrequency
[2022.09.12-18.43.09:778][  0]LogAudioMixer: Display: 4: BackLeft
[2022.09.12-18.43.09:778][  0]LogAudioMixer: Display: 5: BackRight
[2022.09.12-18.43.09:818][  0]LogAudioMixer: Display: Using Audio Device Speakers (3- Sound BlasterX AE-5 Plus)
[2022.09.12-18.43.09:818][  0]LogAudioMixer: Display: Initializing Sound Submixes...
[2022.09.12-18.43.09:820][  0]LogAudioMixer: Display: Creating Master Submix 'MasterSubmixDefault'
[2022.09.12-18.43.09:820][  0]LogAudioMixer: Display: Creating Master Submix 'MasterReverbSubmixDefault'
[2022.09.12-18.43.09:821][  0]LogAudioMixer: Display: Creating Master Submix 'MasterEQSubmixDefault'
[2022.09.12-18.43.09:821][  0]LogAudioMixer: FMixerPlatformXAudio2::StartAudioStream() called
[2022.09.12-18.43.09:821][  0]LogAudioMixer: Display: Output buffers initialized: Frames=1024, Channels=6, Samples=6144
[2022.09.12-18.43.09:822][  0]LogAudioMixer: Display: Starting AudioMixerPlatformInterface::RunInternal()
[2022.09.12-18.43.09:822][  0]LogAudioMixer: Display: FMixerPlatformXAudio2::SubmitBuffer() called for the first time
[2022.09.12-18.43.09:822][  0]LogInit: FAudioDevice initialized.
[2022.09.12-18.43.09:822][  0]LogAudio: Display: Audio Device (ID: 1) registered with world 'Untitled'.
[2022.09.12-18.43.09:822][  0]LogNetVersion: Set ProjectVersion to 1.0.0.0. Version Checksum will be recalculated on next use.
[2022.09.12-18.43.09:969][  0]LogDerivedDataCache: Saved boot cache 0.15s 94MB C:/Users/kaiko/AppData/Local/UnrealEngine/4.27/DerivedDataCache/Boot.ddc.
[2022.09.12-18.43.09:972][  0]LogInit: Texture streaming: Enabled
[2022.09.12-18.43.09:982][  0]LogAnalytics: Display: [UEEditor.Rocket.Release] APIServer = https://datarouter.ol.epicgames.com/. AppVersion = 4.27.2-18319896+++UE4+Release-4.27
[2022.09.12-18.43.09:985][  0]LogEngineSessionManager: EngineSessionManager initialized
[2022.09.12-18.43.09:985][  0]LogEditorSessionSummary: Verbose: Initializing EditorSessionSummaryWriter for editor session tracking
[2022.09.12-18.43.09:988][  0]LogEditorSessionSummary: EditorSessionSummaryWriter initialized
[2022.09.12-18.43.10:129][  0]LogInit: Transaction tracking system initialized
[2022.09.12-18.43.10:144][  0]BlueprintLog: New page: Editor Load
[2022.09.12-18.43.10:207][  0]LocalizationService: Localization service is disabled
[2022.09.12-18.43.10:235][  0]TimingProfiler: Initialize
[2022.09.12-18.43.10:235][  0]TimingProfiler: OnSessionChanged
[2022.09.12-18.43.10:235][  0]LoadingProfiler: Initialize
[2022.09.12-18.43.10:236][  0]LoadingProfiler: OnSessionChanged
[2022.09.12-18.43.10:236][  0]NetworkingProfiler: Initialize
[2022.09.12-18.43.10:236][  0]NetworkingProfiler: OnSessionChanged
[2022.09.12-18.43.10:236][  0]MemoryProfiler: Initialize
[2022.09.12-18.43.10:236][  0]MemoryProfiler: OnSessionChanged
[2022.09.12-18.43.10:286][  0]LogVSAccessor: Display: Unable to create Visual Studio setup instance: 80040154
[2022.09.12-18.43.10:286][  0]LogVSAccessor: Display: Unable to create Visual Studio setup instance: 80040154
[2022.09.12-18.43.10:287][  0]LogVSAccessor: Display: Unable to create Visual Studio setup instance: 80040154
[2022.09.12-18.43.10:366][  0]LogCook: Display: CookSettings for Memory: MemoryMaxUsedVirtual 0MiB, MemoryMaxUsedPhysical 16384MiB, MemoryMinFreeVirtual 0MiB, MemoryMinFreePhysical 1024MiB
[2022.09.12-18.43.10:366][  0]LogCook: Display: Mobile HDR setting 1
[2022.09.12-18.43.10:506][  0]LogFileCache: Scanning file cache for directory 'E:/ALONE Survivor/BlackWinter2/BlackWinter2/Content/' took 0.00s
[2022.09.12-18.43.10:649][  0]LogInit: Display: Engine is initialized. Leaving FEngineLoop::Init()
[2022.09.12-18.43.10:652][  0]SourceControl: Source control is disabled
[2022.09.12-18.43.10:652][  0]LogUnrealEdMisc: Loading editor; pre map load, took 12.500
[2022.09.12-18.43.10:652][  0]Cmd: MAP LOAD FILE="E:/ALONE Survivor/BlackWinter2/BlackWinter2/Content/StarterContent/Maps/Minimal_Default.umap" TEMPLATE=0 SHOWPROGRESS=1 FEATURELEVEL=3
[2022.09.12-18.43.10:652][  0]LightingResults: New page: Lighting Build
[2022.09.12-18.43.10:654][  0]LogWorld: UWorld::CleanupWorld for Untitled, bSessionEnded=true, bCleanupResources=true
[2022.09.12-18.43.10:654][  0]LogSlate: InvalidateAllWidgets triggered.  All widgets were invalidated
[2022.09.12-18.43.10:654][  0]MapCheck: New page: Map Check
[2022.09.12-18.43.10:654][  0]LightingResults: New page: Lighting Build
[2022.09.12-18.43.10:658][  0]LogAudio: Display: Audio Device unregistered from world 'None'.
[2022.09.12-18.43.10:660][  0]LogUObjectHash: Compacting FUObjectHashTables data took   0.62ms
[2022.09.12-18.43.10:737][  0]LogTexture: Display: Building textures: DeprecatedTextureD6C57B644F03DADF4F2699848FAEA3C3 (BGRA8, 128X128)
[2022.09.12-18.43.10:741][  0]LogTexture: Display: Building textures: DeprecatedTexture8D91C9AE4C6B8D628CDA3C848426284A (BGRA8, 128X128)
[2022.09.12-18.43.10:771][  0]LogStaticMesh: Building static mesh Floor_400x400...
[2022.09.12-18.43.10:819][  0]LogStaticMesh: Built static mesh [0.04s] /Game/StarterContent/Architecture/Floor_400x400.Floor_400x400
[2022.09.12-18.43.10:827][  0]LogAudio: Display: Audio Device (ID: 1) registered with world 'Minimal_Default'.
[2022.09.12-18.43.10:828][  0]LogAIModule: Creating AISystem for world Minimal_Default
[2022.09.12-18.43.10:832][  0]LogEditorServer: Finished looking for orphan Actors (0.000 secs)
[2022.09.12-18.43.10:838][  0]LogUObjectHash: Compacting FUObjectHashTables data took   0.94ms
[2022.09.12-18.43.10:839][  0]Cmd: MAP CHECKDEP NOCLEARLOG
[2022.09.12-18.43.10:839][  0]MapCheck: Map check complete: 0 Error(s), 0 Warning(s), took 0.124ms to complete.
[2022.09.12-18.43.10:839][  0]LogFileHelpers: Loading map 'Minimal_Default' took 0.187
[2022.09.12-18.43.10:841][  0]LogUnrealEdMisc: Total Editor Startup Time, took 12.689
[2022.09.12-18.43.11:022][  0]LogSlate: Updating window title bar state: overlay mode, drag disabled, window buttons hidden, title bar hidden
[2022.09.12-18.43.11:027][  0]LogSlate: Updating window title bar state: overlay mode, drag disabled, window buttons hidden, title bar hidden
[2022.09.12-18.43.11:033][  0]LogSlate: Updating window title bar state: overlay mode, drag disabled, window buttons hidden, title bar hidden
[2022.09.12-18.43.11:038][  0]LogSlate: Updating window title bar state: overlay mode, drag disabled, window buttons hidden, title bar hidden
[2022.09.12-18.43.11:050][  0]LogNativeClassHierarchy: Verbose: Native class hierarchy populated in 0.0077 seconds. Added 3822 classes and 928 folders.
[2022.09.12-18.43.11:066][  0]LogNativeClassHierarchy: Verbose: Native class hierarchy updated for 'WidgetCarousel' in 0.0002 seconds. Added 0 classes and 0 folders.
[2022.09.12-18.43.11:067][  0]LogPakFile: PakFile PrimaryIndexSize=187
[2022.09.12-18.43.11:067][  0]LogPakFile: PakFile PathHashIndexSize=101
[2022.09.12-18.43.11:068][  0]LogPakFile: PakFile FullDirectoryIndexSize=148
[2022.09.12-18.43.11:068][  0]LogShaderLibrary: Display: ShaderCodeLibraryPakFileMountedCallback: PakFile 'C:/Program Files/Epic Games/UE_4.27/FeaturePacks/FP_FirstPerson.upack' (chunk index -1, root 'root:/') mounted
[2022.09.12-18.43.11:068][  0]LogShaderLibrary: Display: ShaderCodeLibraryPakFileMountedCallback: pending pak file info (ChunkID:-1 Root:root:/ File:C:/Program Files/Epic Games/UE_4.27/FeaturePacks/FP_FirstPerson.upack)
[2022.09.12-18.43.11:068][  0]LogPakFile: OnPakFileMounted2Time == 0.000055
[2022.09.12-18.43.11:068][  0]LogPakFile: PakFile PrimaryIndexSize=189
[2022.09.12-18.43.11:069][  0]LogPakFile: PakFile PathHashIndexSize=101
[2022.09.12-18.43.11:069][  0]LogPakFile: PakFile FullDirectoryIndexSize=152
[2022.09.12-18.43.11:069][  0]LogShaderLibrary: Display: ShaderCodeLibraryPakFileMountedCallback: PakFile 'C:/Program Files/Epic Games/UE_4.27/FeaturePacks/FP_FirstPersonBP.upack' (chunk index -1, root 'root:/') mounted
[2022.09.12-18.43.11:069][  0]LogShaderLibrary: Display: ShaderCodeLibraryPakFileMountedCallback: pending pak file info (ChunkID:-1 Root:root:/ File:C:/Program Files/Epic Games/UE_4.27/FeaturePacks/FP_FirstPersonBP.upack)
[2022.09.12-18.43.11:069][  0]LogPakFile: OnPakFileMounted2Time == 0.000050
[2022.09.12-18.43.11:069][  0]LogPakFile: PakFile PrimaryIndexSize=191
[2022.09.12-18.43.11:069][  0]LogPakFile: PakFile PathHashIndexSize=101
[2022.09.12-18.43.11:069][  0]LogPakFile: PakFile FullDirectoryIndexSize=160
[2022.09.12-18.43.11:069][  0]LogShaderLibrary: Display: ShaderCodeLibraryPakFileMountedCallback: PakFile 'C:/Program Files/Epic Games/UE_4.27/FeaturePacks/MobileStarterContent.upack' (chunk index -1, root 'root:/') mounted
[2022.09.12-18.43.11:069][  0]LogShaderLibrary: Display: ShaderCodeLibraryPakFileMountedCallback: pending pak file info (ChunkID:-1 Root:root:/ File:C:/Program Files/Epic Games/UE_4.27/FeaturePacks/MobileStarterContent.upack)
[2022.09.12-18.43.11:069][  0]LogPakFile: OnPakFileMounted2Time == 0.000036
[2022.09.12-18.43.11:070][  0]LogPakFile: PakFile PrimaryIndexSize=185
[2022.09.12-18.43.11:070][  0]LogPakFile: PakFile PathHashIndexSize=101
[2022.09.12-18.43.11:070][  0]LogPakFile: PakFile FullDirectoryIndexSize=148
[2022.09.12-18.43.11:070][  0]LogShaderLibrary: Display: ShaderCodeLibraryPakFileMountedCallback: PakFile 'C:/Program Files/Epic Games/UE_4.27/FeaturePacks/StarterContent.upack' (chunk index -1, root 'root:/') mounted
[2022.09.12-18.43.11:070][  0]LogShaderLibrary: Display: ShaderCodeLibraryPakFileMountedCallback: pending pak file info (ChunkID:-1 Root:root:/ File:C:/Program Files/Epic Games/UE_4.27/FeaturePacks/StarterContent.upack)
[2022.09.12-18.43.11:070][  0]LogPakFile: OnPakFileMounted2Time == 0.000041
[2022.09.12-18.43.11:071][  0]LogPakFile: PakFile PrimaryIndexSize=190
[2022.09.12-18.43.11:071][  0]LogPakFile: PakFile PathHashIndexSize=101
[2022.09.12-18.43.11:071][  0]LogPakFile: PakFile FullDirectoryIndexSize=154
[2022.09.12-18.43.11:071][  0]LogShaderLibrary: Display: ShaderCodeLibraryPakFileMountedCallback: PakFile 'C:/Program Files/Epic Games/UE_4.27/FeaturePacks/TP_2DSideScroller.upack' (chunk index -1, root 'root:/') mounted
[2022.09.12-18.43.11:071][  0]LogShaderLibrary: Display: ShaderCodeLibraryPakFileMountedCallback: pending pak file info (ChunkID:-1 Root:root:/ File:C:/Program Files/Epic Games/UE_4.27/FeaturePacks/TP_2DSideScroller.upack)
[2022.09.12-18.43.11:071][  0]LogPakFile: OnPakFileMounted2Time == 0.000045
[2022.09.12-18.43.11:071][  0]LogPakFile: PakFile PrimaryIndexSize=192
[2022.09.12-18.43.11:071][  0]LogPakFile: PakFile PathHashIndexSize=101
[2022.09.12-18.43.11:071][  0]LogPakFile: PakFile FullDirectoryIndexSize=158
[2022.09.12-18.43.11:071][  0]LogShaderLibrary: Display: ShaderCodeLibraryPakFileMountedCallback: PakFile 'C:/Program Files/Epic Games/UE_4.27/FeaturePacks/TP_2DSideScrollerBP.upack' (chunk index -1, root 'root:/') mounted
[2022.09.12-18.43.11:071][  0]LogShaderLibrary: Display: ShaderCodeLibraryPakFileMountedCallback: pending pak file info (ChunkID:-1 Root:root:/ File:C:/Program Files/Epic Games/UE_4.27/FeaturePacks/TP_2DSideScrollerBP.upack)
[2022.09.12-18.43.11:071][  0]LogPakFile: OnPakFileMounted2Time == 0.000032
[2022.09.12-18.43.11:072][  0]LogPakFile: PakFile PrimaryIndexSize=182
[2022.09.12-18.43.11:072][  0]LogPakFile: PakFile PathHashIndexSize=101
[2022.09.12-18.43.11:072][  0]LogPakFile: PakFile FullDirectoryIndexSize=138
[2022.09.12-18.43.11:072][  0]LogShaderLibrary: Display: ShaderCodeLibraryPakFileMountedCallback: PakFile 'C:/Program Files/Epic Games/UE_4.27/FeaturePacks/TP_Flying.upack' (chunk index -1, root 'root:/') mounted
[2022.09.12-18.43.11:072][  0]LogShaderLibrary: Display: ShaderCodeLibraryPakFileMountedCallback: pending pak file info (ChunkID:-1 Root:root:/ File:C:/Program Files/Epic Games/UE_4.27/FeaturePacks/TP_Flying.upack)
[2022.09.12-18.43.11:072][  0]LogPakFile: OnPakFileMounted2Time == 0.000036
[2022.09.12-18.43.11:073][  0]LogPakFile: PakFile PrimaryIndexSize=184
[2022.09.12-18.43.11:073][  0]LogPakFile: PakFile PathHashIndexSize=101
[2022.09.12-18.43.11:073][  0]LogPakFile: PakFile FullDirectoryIndexSize=142
[2022.09.12-18.43.11:073][  0]LogShaderLibrary: Display: ShaderCodeLibraryPakFileMountedCallback: PakFile 'C:/Program Files/Epic Games/UE_4.27/FeaturePacks/TP_FlyingBP.upack' (chunk index -1, root 'root:/') mounted
[2022.09.12-18.43.11:073][  0]LogShaderLibrary: Display: ShaderCodeLibraryPakFileMountedCallback: pending pak file info (ChunkID:-1 Root:root:/ File:C:/Program Files/Epic Games/UE_4.27/FeaturePacks/TP_FlyingBP.upack)
[2022.09.12-18.43.11:073][  0]LogPakFile: OnPakFileMounted2Time == 0.000033
[2022.09.12-18.43.11:073][  0]LogPakFile: PakFile PrimaryIndexSize=188
[2022.09.12-18.43.11:073][  0]LogPakFile: PakFile PathHashIndexSize=101
[2022.09.12-18.43.11:073][  0]LogPakFile: PakFile FullDirectoryIndexSize=150
[2022.09.12-18.43.11:073][  0]LogShaderLibrary: Display: ShaderCodeLibraryPakFileMountedCallback: PakFile 'C:/Program Files/Epic Games/UE_4.27/FeaturePacks/TP_HandheldARBP.upack' (chunk index -1, root 'root:/') mounted
[2022.09.12-18.43.11:073][  0]LogShaderLibrary: Display: ShaderCodeLibraryPakFileMountedCallback: pending pak file info (ChunkID:-1 Root:root:/ File:C:/Program Files/Epic Games/UE_4.27/FeaturePacks/TP_HandheldARBP.upack)
[2022.09.12-18.43.11:073][  0]LogPakFile: OnPakFileMounted2Time == 0.000033
[2022.09.12-18.43.11:074][  0]LogPakFile: PakFile PrimaryIndexSize=182
[2022.09.12-18.43.11:074][  0]LogPakFile: PakFile PathHashIndexSize=101
[2022.09.12-18.43.11:074][  0]LogPakFile: PakFile FullDirectoryIndexSize=138
[2022.09.12-18.43.11:074][  0]LogShaderLibrary: Display: ShaderCodeLibraryPakFileMountedCallback: PakFile 'C:/Program Files/Epic Games/UE_4.27/FeaturePacks/TP_Puzzle.upack' (chunk index -1, root 'root:/') mounted
[2022.09.12-18.43.11:074][  0]LogShaderLibrary: Display: ShaderCodeLibraryPakFileMountedCallback: pending pak file info (ChunkID:-1 Root:root:/ File:C:/Program Files/Epic Games/UE_4.27/FeaturePacks/TP_Puzzle.upack)
[2022.09.12-18.43.11:074][  0]LogPakFile: OnPakFileMounted2Time == 0.000048
[2022.09.12-18.43.11:075][  0]LogPakFile: PakFile PrimaryIndexSize=184
[2022.09.12-18.43.11:075][  0]LogPakFile: PakFile PathHashIndexSize=101
[2022.09.12-18.43.11:075][  0]LogPakFile: PakFile FullDirectoryIndexSize=142
[2022.09.12-18.43.11:075][  0]LogShaderLibrary: Display: ShaderCodeLibraryPakFileMountedCallback: PakFile 'C:/Program Files/Epic Games/UE_4.27/FeaturePacks/TP_PuzzleBP.upack' (chunk index -1, root 'root:/') mounted
[2022.09.12-18.43.11:075][  0]LogShaderLibrary: Display: ShaderCodeLibraryPakFileMountedCallback: pending pak file info (ChunkID:-1 Root:root:/ File:C:/Program Files/Epic Games/UE_4.27/FeaturePacks/TP_PuzzleBP.upack)
[2022.09.12-18.43.11:075][  0]LogPakFile: OnPakFileMounted2Time == 0.000038
[2022.09.12-18.43.11:075][  0]LogPakFile: PakFile PrimaryIndexSize=183
[2022.09.12-18.43.11:076][  0]LogPakFile: PakFile PathHashIndexSize=101
[2022.09.12-18.43.11:076][  0]LogPakFile: PakFile FullDirectoryIndexSize=140
[2022.09.12-18.43.11:076][  0]LogShaderLibrary: Display: ShaderCodeLibraryPakFileMountedCallback: PakFile 'C:/Program Files/Epic Games/UE_4.27/FeaturePacks/TP_Rolling.upack' (chunk index -1, root 'root:/') mounted
[2022.09.12-18.43.11:076][  0]LogShaderLibrary: Display: ShaderCodeLibraryPakFileMountedCallback: pending pak file info (ChunkID:-1 Root:root:/ File:C:/Program Files/Epic Games/UE_4.27/FeaturePacks/TP_Rolling.upack)
[2022.09.12-18.43.11:076][  0]LogPakFile: OnPakFileMounted2Time == 0.000040
[2022.09.12-18.43.11:076][  0]LogPakFile: PakFile PrimaryIndexSize=185
[2022.09.12-18.43.11:076][  0]LogPakFile: PakFile PathHashIndexSize=101
[2022.09.12-18.43.11:076][  0]LogPakFile: PakFile FullDirectoryIndexSize=144
[2022.09.12-18.43.11:076][  0]LogShaderLibrary: Display: ShaderCodeLibraryPakFileMountedCallback: PakFile 'C:/Program Files/Epic Games/UE_4.27/FeaturePacks/TP_RollingBP.upack' (chunk index -1, root 'root:/') mounted
[2022.09.12-18.43.11:076][  0]LogShaderLibrary: Display: ShaderCodeLibraryPakFileMountedCallback: pending pak file info (ChunkID:-1 Root:root:/ File:C:/Program Files/Epic Games/UE_4.27/FeaturePacks/TP_RollingBP.upack)
[2022.09.12-18.43.11:076][  0]LogPakFile: OnPakFileMounted2Time == 0.000034
[2022.09.12-18.43.11:077][  0]LogPakFile: PakFile PrimaryIndexSize=188
[2022.09.12-18.43.11:077][  0]LogPakFile: PakFile PathHashIndexSize=101
[2022.09.12-18.43.11:077][  0]LogPakFile: PakFile FullDirectoryIndexSize=150
[2022.09.12-18.43.11:077][  0]LogShaderLibrary: Display: ShaderCodeLibraryPakFileMountedCallback: PakFile 'C:/Program Files/Epic Games/UE_4.27/FeaturePacks/TP_SideScroller.upack' (chunk index -1, root 'root:/') mounted
[2022.09.12-18.43.11:077][  0]LogShaderLibrary: Display: ShaderCodeLibraryPakFileMountedCallback: pending pak file info (ChunkID:-1 Root:root:/ File:C:/Program Files/Epic Games/UE_4.27/FeaturePacks/TP_SideScroller.upack)
[2022.09.12-18.43.11:077][  0]LogPakFile: OnPakFileMounted2Time == 0.000046
[2022.09.12-18.43.11:078][  0]LogPakFile: PakFile PrimaryIndexSize=190
[2022.09.12-18.43.11:078][  0]LogPakFile: PakFile PathHashIndexSize=101
[2022.09.12-18.43.11:078][  0]LogPakFile: PakFile FullDirectoryIndexSize=154
[2022.09.12-18.43.11:078][  0]LogShaderLibrary: Display: ShaderCodeLibraryPakFileMountedCallback: PakFile 'C:/Program Files/Epic Games/UE_4.27/FeaturePacks/TP_SideScrollerBP.upack' (chunk index -1, root 'root:/') mounted
[2022.09.12-18.43.11:078][  0]LogShaderLibrary: Display: ShaderCodeLibraryPakFileMountedCallback: pending pak file info (ChunkID:-1 Root:root:/ File:C:/Program Files/Epic Games/UE_4.27/FeaturePacks/TP_SideScrollerBP.upack)
[2022.09.12-18.43.11:078][  0]LogPakFile: OnPakFileMounted2Time == 0.000037
[2022.09.12-18.43.11:078][  0]LogPakFile: PakFile PrimaryIndexSize=187
[2022.09.12-18.43.11:078][  0]LogPakFile: PakFile PathHashIndexSize=101
[2022.09.12-18.43.11:078][  0]LogPakFile: PakFile FullDirectoryIndexSize=148
[2022.09.12-18.43.11:078][  0]LogShaderLibrary: Display: ShaderCodeLibraryPakFileMountedCallback: PakFile 'C:/Program Files/Epic Games/UE_4.27/FeaturePacks/TP_ThirdPerson.upack' (chunk index -1, root 'root:/') mounted
[2022.09.12-18.43.11:078][  0]LogShaderLibrary: Display: ShaderCodeLibraryPakFileMountedCallback: pending pak file info (ChunkID:-1 Root:root:/ File:C:/Program Files/Epic Games/UE_4.27/FeaturePacks/TP_ThirdPerson.upack)
[2022.09.12-18.43.11:078][  0]LogPakFile: OnPakFileMounted2Time == 0.000031
[2022.09.12-18.43.11:079][  0]LogPakFile: PakFile PrimaryIndexSize=189
[2022.09.12-18.43.11:079][  0]LogPakFile: PakFile PathHashIndexSize=101
[2022.09.12-18.43.11:079][  0]LogPakFile: PakFile FullDirectoryIndexSize=152
[2022.09.12-18.43.11:079][  0]LogShaderLibrary: Display: ShaderCodeLibraryPakFileMountedCallback: PakFile 'C:/Program Files/Epic Games/UE_4.27/FeaturePacks/TP_ThirdPersonBP.upack' (chunk index -1, root 'root:/') mounted
[2022.09.12-18.43.11:079][  0]LogShaderLibrary: Display: ShaderCodeLibraryPakFileMountedCallback: pending pak file info (ChunkID:-1 Root:root:/ File:C:/Program Files/Epic Games/UE_4.27/FeaturePacks/TP_ThirdPersonBP.upack)
[2022.09.12-18.43.11:079][  0]LogPakFile: OnPakFileMounted2Time == 0.000044
[2022.09.12-18.43.11:080][  0]LogPakFile: PakFile PrimaryIndexSize=183
[2022.09.12-18.43.11:080][  0]LogPakFile: PakFile PathHashIndexSize=101
[2022.09.12-18.43.11:080][  0]LogPakFile: PakFile FullDirectoryIndexSize=140
[2022.09.12-18.43.11:080][  0]LogShaderLibrary: Display: ShaderCodeLibraryPakFileMountedCallback: PakFile 'C:/Program Files/Epic Games/UE_4.27/FeaturePacks/TP_TopDown.upack' (chunk index -1, root 'root:/') mounted
[2022.09.12-18.43.11:080][  0]LogShaderLibrary: Display: ShaderCodeLibraryPakFileMountedCallback: pending pak file info (ChunkID:-1 Root:root:/ File:C:/Program Files/Epic Games/UE_4.27/FeaturePacks/TP_TopDown.upack)
[2022.09.12-18.43.11:080][  0]LogPakFile: OnPakFileMounted2Time == 0.000043
[2022.09.12-18.43.11:081][  0]LogPakFile: PakFile PrimaryIndexSize=185
[2022.09.12-18.43.11:081][  0]LogPakFile: PakFile PathHashIndexSize=101
[2022.09.12-18.43.11:081][  0]LogPakFile: PakFile FullDirectoryIndexSize=144
[2022.09.12-18.43.11:081][  0]LogShaderLibrary: Display: ShaderCodeLibraryPakFileMountedCallback: PakFile 'C:/Program Files/Epic Games/UE_4.27/FeaturePacks/TP_TopDownBP.upack' (chunk index -1, root 'root:/') mounted
[2022.09.12-18.43.11:081][  0]LogShaderLibrary: Display: ShaderCodeLibraryPakFileMountedCallback: pending pak file info (ChunkID:-1 Root:root:/ File:C:/Program Files/Epic Games/UE_4.27/FeaturePacks/TP_TopDownBP.upack)
[2022.09.12-18.43.11:081][  0]LogPakFile: OnPakFileMounted2Time == 0.000043
[2022.09.12-18.43.11:081][  0]LogPakFile: PakFile PrimaryIndexSize=185
[2022.09.12-18.43.11:081][  0]LogPakFile: PakFile PathHashIndexSize=101
[2022.09.12-18.43.11:081][  0]LogPakFile: PakFile FullDirectoryIndexSize=144
[2022.09.12-18.43.11:081][  0]LogShaderLibrary: Display: ShaderCodeLibraryPakFileMountedCallback: PakFile 'C:/Program Files/Epic Games/UE_4.27/FeaturePacks/TP_TwinStick.upack' (chunk index -1, root 'root:/') mounted
[2022.09.12-18.43.11:081][  0]LogShaderLibrary: Display: ShaderCodeLibraryPakFileMountedCallback: pending pak file info (ChunkID:-1 Root:root:/ File:C:/Program Files/Epic Games/UE_4.27/FeaturePacks/TP_TwinStick.upack)
[2022.09.12-18.43.11:081][  0]LogPakFile: OnPakFileMounted2Time == 0.000031
[2022.09.12-18.43.11:082][  0]LogPakFile: PakFile PrimaryIndexSize=187
[2022.09.12-18.43.11:082][  0]LogPakFile: PakFile PathHashIndexSize=101
[2022.09.12-18.43.11:082][  0]LogPakFile: PakFile FullDirectoryIndexSize=148
[2022.09.12-18.43.11:082][  0]LogShaderLibrary: Display: ShaderCodeLibraryPakFileMountedCallback: PakFile 'C:/Program Files/Epic Games/UE_4.27/FeaturePacks/TP_TwinStickBP.upack' (chunk index -1, root 'root:/') mounted
[2022.09.12-18.43.11:082][  0]LogShaderLibrary: Display: ShaderCodeLibraryPakFileMountedCallback: pending pak file info (ChunkID:-1 Root:root:/ File:C:/Program Files/Epic Games/UE_4.27/FeaturePacks/TP_TwinStickBP.upack)
[2022.09.12-18.43.11:082][  0]LogPakFile: OnPakFileMounted2Time == 0.000033
[2022.09.12-18.43.11:082][  0]LogPakFile: PakFile PrimaryIndexSize=183
[2022.09.12-18.43.11:082][  0]LogPakFile: PakFile PathHashIndexSize=101
[2022.09.12-18.43.11:082][  0]LogPakFile: PakFile FullDirectoryIndexSize=140
[2022.09.12-18.43.11:082][  0]LogShaderLibrary: Display: ShaderCodeLibraryPakFileMountedCallback: PakFile 'C:/Program Files/Epic Games/UE_4.27/FeaturePacks/TP_Vehicle.upack' (chunk index -1, root 'root:/') mounted
[2022.09.12-18.43.11:082][  0]LogShaderLibrary: Display: ShaderCodeLibraryPakFileMountedCallback: pending pak file info (ChunkID:-1 Root:root:/ File:C:/Program Files/Epic Games/UE_4.27/FeaturePacks/TP_Vehicle.upack)
[2022.09.12-18.43.11:082][  0]LogPakFile: OnPakFileMounted2Time == 0.000032
[2022.09.12-18.43.11:083][  0]LogPakFile: PakFile PrimaryIndexSize=186
[2022.09.12-18.43.11:083][  0]LogPakFile: PakFile PathHashIndexSize=101
[2022.09.12-18.43.11:083][  0]LogPakFile: PakFile FullDirectoryIndexSize=146
[2022.09.12-18.43.11:083][  0]LogShaderLibrary: Display: ShaderCodeLibraryPakFileMountedCallback: PakFile 'C:/Program Files/Epic Games/UE_4.27/FeaturePacks/TP_VehicleAdv.upack' (chunk index -1, root 'root:/') mounted
[2022.09.12-18.43.11:083][  0]LogShaderLibrary: Display: ShaderCodeLibraryPakFileMountedCallback: pending pak file info (ChunkID:-1 Root:root:/ File:C:/Program Files/Epic Games/UE_4.27/FeaturePacks/TP_VehicleAdv.upack)
[2022.09.12-18.43.11:083][  0]LogPakFile: OnPakFileMounted2Time == 0.000039
[2022.09.12-18.43.11:084][  0]LogPakFile: PakFile PrimaryIndexSize=188
[2022.09.12-18.43.11:084][  0]LogPakFile: PakFile PathHashIndexSize=101
[2022.09.12-18.43.11:084][  0]LogPakFile: PakFile FullDirectoryIndexSize=150
[2022.09.12-18.43.11:084][  0]LogShaderLibrary: Display: ShaderCodeLibraryPakFileMountedCallback: PakFile 'C:/Program Files/Epic Games/UE_4.27/FeaturePacks/TP_VehicleAdvBP.upack' (chunk index -1, root 'root:/') mounted
[2022.09.12-18.43.11:084][  0]LogShaderLibrary: Display: ShaderCodeLibraryPakFileMountedCallback: pending pak file info (ChunkID:-1 Root:root:/ File:C:/Program Files/Epic Games/UE_4.27/FeaturePacks/TP_VehicleAdvBP.upack)
[2022.09.12-18.43.11:084][  0]LogPakFile: OnPakFileMounted2Time == 0.000033
[2022.09.12-18.43.11:085][  0]LogPakFile: PakFile PrimaryIndexSize=185
[2022.09.12-18.43.11:085][  0]LogPakFile: PakFile PathHashIndexSize=101
[2022.09.12-18.43.11:085][  0]LogPakFile: PakFile FullDirectoryIndexSize=144
[2022.09.12-18.43.11:085][  0]LogShaderLibrary: Display: ShaderCodeLibraryPakFileMountedCallback: PakFile 'C:/Program Files/Epic Games/UE_4.27/FeaturePacks/TP_VehicleBP.upack' (chunk index -1, root 'root:/') mounted
[2022.09.12-18.43.11:085][  0]LogShaderLibrary: Display: ShaderCodeLibraryPakFileMountedCallback: pending pak file info (ChunkID:-1 Root:root:/ File:C:/Program Files/Epic Games/UE_4.27/FeaturePacks/TP_VehicleBP.upack)
[2022.09.12-18.43.11:085][  0]LogPakFile: OnPakFileMounted2Time == 0.000049
[2022.09.12-18.43.11:086][  0]LogPakFile: PakFile PrimaryIndexSize=192
[2022.09.12-18.43.11:086][  0]LogPakFile: PakFile PathHashIndexSize=101
[2022.09.12-18.43.11:086][  0]LogPakFile: PakFile FullDirectoryIndexSize=158
[2022.09.12-18.43.11:086][  0]LogShaderLibrary: Display: ShaderCodeLibraryPakFileMountedCallback: PakFile 'C:/Program Files/Epic Games/UE_4.27/FeaturePacks/TP_VirtualRealityBP.upack' (chunk index -1, root 'root:/') mounted
[2022.09.12-18.43.11:086][  0]LogShaderLibrary: Display: ShaderCodeLibraryPakFileMountedCallback: pending pak file info (ChunkID:-1 Root:root:/ File:C:/Program Files/Epic Games/UE_4.27/FeaturePacks/TP_VirtualRealityBP.upack)
[2022.09.12-18.43.11:086][  0]LogPakFile: OnPakFileMounted2Time == 0.000034
[2022.09.12-18.43.11:139][  0]LogNativeClassHierarchy: Verbose: Native class hierarchy updated for 'AddContentDialog' in 0.0003 seconds. Added 0 classes and 0 folders.
[2022.09.12-18.43.11:140][  0]LogNativeClassHierarchy: Verbose: Native class hierarchy updated for 'SceneOutliner' in 0.0003 seconds. Added 2 classes and 0 folders.
[2022.09.12-18.43.11:255][  0]LogSlate: Took 0.000139 seconds to synchronously load lazily loaded font '../../../Engine/Content/Slate/Fonts/Roboto-Regular.ttf' (155K)
[2022.09.12-18.43.11:256][  0]LogSlate: Took 0.000166 seconds to synchronously load lazily loaded font '../../../Engine/Content/Editor/Slate/Fonts/FontAwesome.ttf' (139K)
[2022.09.12-18.43.11:258][  0]LogSlate: Took 0.000194 seconds to synchronously load lazily loaded font '../../../Engine/Content/Slate/Fonts/Roboto-Bold.ttf' (160K)
[2022.09.12-18.43.11:338][  0]LogRenderer: Reallocating scene render targets to support 1616x912 Format 10 NumSamples 1 (Frame:1).
[2022.09.12-18.43.11:408][  0]LogNativeClassHierarchy: Verbose: Native class hierarchy updated for 'HierarchicalLODOutliner' in 0.0002 seconds. Added 0 classes and 0 folders.
[2022.09.12-18.43.11:408][  0]LogLoad: (Engine Initialization) Total time: 13.26 seconds
[2022.09.12-18.43.11:408][  0]LogLoad: (Engine Initialization) Total Blueprint compile time: 0.00 seconds
[2022.09.12-18.43.11:445][  0]LogAssetRegistry: Asset discovery search completed in 4.0923 seconds
[2022.09.12-18.43.11:449][  0]LogCollectionManager: Fixed up redirectors for 0 collections in 0.000003 seconds (updated 0 objects)
[2022.09.12-18.43.11:451][  0]LogContentStreaming: Texture pool size now 1000 MB
[2022.09.12-18.43.17:781][626]LogSourceControl: Error: 'E:/ALONE Survivor/BlackWinter2/BlackWinter2' is not a valid Git repository
[2022.09.12-18.43.21:317][987]LogSourceControl: Error: 'E:/ALONE Survivor/BlackWinter2/BlackWinter2' is not a valid Git repository
[2022.09.12-18.43.22:901][169]SourceControl: Source control is disabled
[2022.09.12-18.43.22:901][169]LogSlate: Window 'Source Control Login' being destroyed
[2022.09.12-18.44.05:567][973]LogSlate: Took 0.000181 seconds to synchronously load lazily loaded font '../../../Engine/Content/Slate/Fonts/Roboto-Italic.ttf' (157K)
