Log file open, 09/12/22 11:45:27
LogWindows: Failed to load 'aqProf.dll' (GetLastError=126)
LogWindows: File 'aqProf.dll' does not exist
LogWindows: Failed to load 'VtuneApi.dll' (GetLastError=126)
LogWindows: File 'VtuneApi.dll' does not exist
LogWindows: Failed to load 'VtuneApi32e.dll' (GetLastError=126)
LogWindows: File 'VtuneApi32e.dll' does not exist
LogConsoleResponse: Display: Failed to find resolution value strings in scalability ini. Falling back to default.
LogConsoleResponse: Display: Failed to find resolution value strings in scalability ini. Falling back to default.
LogInit: Display: Running engine for game: BlackWinter2
LogPlatformFile: Not using cached read wrapper
LogTaskGraph: Started task graph with 5 named threads and 26 total threads with 3 sets of task threads.
LogStats: Stats thread started at 0.213757
LogICUInternationalization: ICU TimeZone Detection - Raw Offset: -8:00, Platform Override: ''
LogInit: Display: Loading text-based GConfig....
LogPluginManager: Mounting plugin MeshPainting
LogPluginManager: Mounting plugin XGEController
LogPluginManager: Mounting plugin Paper2D
LogPluginManager: Mounting plugin AISupport
LogPluginManager: Mounting plugin LightPropagationVolume
LogPluginManager: Mounting plugin LiveLink
LogPluginManager: Mounting plugin EnvironmentQueryEditor
LogPluginManager: Mounting plugin OodleData
LogPluginManager: Mounting plugin AssetManagerEditor
LogPluginManager: Mounting plugin OodleNetwork
LogPluginManager: Mounting plugin CurveEditorTools
LogPluginManager: Mounting plugin CryptoKeys
LogPluginManager: Mounting plugin DataValidation
LogPluginManager: Mounting plugin FacialAnimation
LogPluginManager: Mounting plugin GeometryMode
LogPluginManager: Mounting plugin GameplayTagsEditor
LogPluginManager: Mounting plugin MacGraphicsSwitching
LogPluginManager: Mounting plugin MaterialAnalyzer
LogPluginManager: Mounting plugin PluginBrowser
LogPluginManager: Mounting plugin MobileLauncherProfileWizard
LogPluginManager: Mounting plugin SpeedTreeImporter
LogPluginManager: Mounting plugin Niagara
LogPluginManager: Mounting plugin AlembicImporter
LogPluginManager: Mounting plugin BackChannel
LogPluginManager: Mounting plugin ChaosCloth
LogPluginManager: Mounting plugin ChaosEditor
LogPluginManager: Mounting plugin AutomationUtils
LogPluginManager: Mounting plugin ChaosNiagara
LogPluginManager: Mounting plugin CharacterAI
LogPluginManager: Mounting plugin ChaosClothEditor
LogPluginManager: Mounting plugin ChaosSolverPlugin
LogPluginManager: Mounting plugin DatasmithContent
LogPluginManager: Mounting plugin VariantManagerContent
LogPluginManager: Mounting plugin LuminPlatformFeatures
LogPluginManager: Mounting plugin MagicLeap
LogPluginManager: Mounting plugin MagicLeapMedia
LogPluginManager: Mounting plugin MagicLeapPassableWorld
LogPluginManager: Mounting plugin MLSDK
LogPluginManager: Mounting plugin MagicLeapLightEstimation
LogPluginManager: Mounting plugin GeometryCache
LogPluginManager: Mounting plugin GeometryProcessing
LogPluginManager: Mounting plugin GeometryCollectionPlugin
LogPluginManager: Mounting plugin MotoSynth
LogPluginManager: Mounting plugin OpenImageDenoise
LogPluginManager: Mounting plugin PlanarCut
LogPluginManager: Mounting plugin PlatformCrypto
LogPluginManager: Mounting plugin ProxyLODPlugin
LogPluginManager: Mounting plugin PythonScriptPlugin
LogPluginManager: Mounting plugin AndroidMedia
LogPluginManager: Mounting plugin AvfMedia
LogPluginManager: Mounting plugin ImgMedia
LogPluginManager: Mounting plugin MediaCompositing
LogPluginManager: Mounting plugin MediaPlayerEditor
LogPluginManager: Mounting plugin WebMMedia
LogPluginManager: Mounting plugin WmfMedia
LogPluginManager: Mounting plugin SkeletalReduction
LogPluginManager: Mounting plugin TcpMessaging
LogPluginManager: Mounting plugin ActorSequence
LogPluginManager: Mounting plugin UdpMessaging
LogPluginManager: Mounting plugin LevelSequenceEditor
LogPluginManager: Mounting plugin MatineeToLevelSequence
LogPluginManager: Mounting plugin TemplateSequence
LogPluginManager: Mounting plugin OnlineSubsystem
LogPluginManager: Mounting plugin OnlineSubsystemNull
LogPluginManager: Mounting plugin OnlineSubsystemUtils
LogPluginManager: Mounting plugin LauncherChunkInstaller
LogPluginManager: Mounting plugin AndroidDeviceProfileSelector
LogPluginManager: Mounting plugin ActorLayerUtilities
LogPluginManager: Mounting plugin AndroidMoviePlayer
LogPluginManager: Mounting plugin AndroidPermission
LogPluginManager: Mounting plugin AppleImageUtils
LogPluginManager: Mounting plugin AppleMoviePlayer
LogPluginManager: Mounting plugin ArchVisCharacter
LogPluginManager: Mounting plugin AudioCapture
LogPluginManager: Mounting plugin AssetTags
LogPluginManager: Mounting plugin AudioSynesthesia
LogPluginManager: Mounting plugin CableComponent
LogPluginManager: Mounting plugin ChunkDownloader
LogPluginManager: Mounting plugin CustomMeshComponent
LogPluginManager: Mounting plugin EditableMesh
LogPluginManager: Mounting plugin ExampleDeviceProfileSelector
LogPluginManager: Mounting plugin GoogleCloudMessaging
LogPluginManager: Mounting plugin IOSDeviceProfileSelector
LogPluginManager: Mounting plugin GooglePAD
LogPluginManager: Mounting plugin LinuxDeviceProfileSelector
LogPluginManager: Mounting plugin LocationServicesBPLibrary
LogPluginManager: Mounting plugin MobilePatchingUtils
LogPluginManager: Mounting plugin OpenXR
LogPluginManager: Mounting plugin OpenXREyeTracker
LogPluginManager: Mounting plugin OpenXRHandTracking
LogPluginManager: Mounting plugin PostSplashScreen
LogPluginManager: Mounting plugin PhysXVehicles
LogPluginManager: Mounting plugin ProceduralMeshComponent
LogPluginManager: Mounting plugin PropertyAccessEditor
LogPluginManager: Mounting plugin RuntimePhysXCooking
LogPluginManager: Mounting plugin SignificanceManager
LogPluginManager: Mounting plugin SoundFields
LogPluginManager: Mounting plugin Synthesis
LogPluginManager: Mounting plugin WebMMoviePlayer
LogPluginManager: Mounting plugin WindowsMoviePlayer
LogPluginManager: Mounting plugin Takes
LogPluginManager: Mounting plugin AnimationSharing
LogPluginManager: Mounting plugin CLionSourceCodeAccess
LogPluginManager: Mounting plugin CodeLiteSourceCodeAccess
LogPluginManager: Mounting plugin GitSourceControl
LogPluginManager: Mounting plugin KDevelopSourceCodeAccess
LogPluginManager: Mounting plugin NullSourceCodeAccess
LogPluginManager: Mounting plugin PixWinPlugin
LogPluginManager: Mounting plugin PerforceSourceControl
LogPluginManager: Mounting plugin PlasticSourceControl
LogPluginManager: Mounting plugin PropertyAccessNode
LogPluginManager: Mounting plugin PluginUtils
LogPluginManager: Mounting plugin RiderSourceCodeAccess
LogPluginManager: Mounting plugin SubversionSourceControl
LogPluginManager: Mounting plugin TextureFormatOodle
LogPluginManager: Mounting plugin XCodeSourceCodeAccess
LogPluginManager: Mounting plugin UObjectPlugin
LogPluginManager: Mounting plugin VisualStudioCodeSourceCodeAccess
LogPluginManager: Mounting plugin VisualStudioSourceCodeAccess
LogPluginManager: Mounting plugin ScreenshotTools
LogPluginManager: Mounting plugin CameraShakePreviewer
LogPluginManager: Mounting plugin GameplayCameras
LogPluginManager: Mounting plugin ContentBrowserAssetDataSource
LogPluginManager: Mounting plugin ContentBrowserFileDataSource
LogPluginManager: Mounting plugin ContentBrowserClassDataSource
LogPluginManager: Mounting plugin OnlineSubsystemGooglePlay
LogPluginManager: Mounting plugin OnlineSubsystemIOS
LogPluginManager: Mounting plugin OculusVR
LogPluginManager: Mounting plugin SteamVR
LogInit: Using libcurl 7.55.1-DEV
LogInit:  - built for x86_64-pc-win32
LogInit:  - supports SSL with OpenSSL/1.1.1
LogInit:  - supports HTTP deflate (compression) using libz 1.2.8
LogInit:  - other features:
LogInit:      CURL_VERSION_SSL
LogInit:      CURL_VERSION_LIBZ
LogInit:      CURL_VERSION_IPV6
LogInit:      CURL_VERSION_ASYNCHDNS
LogInit:      CURL_VERSION_LARGEFILE
LogInit:      CURL_VERSION_IDN
LogInit:  CurlRequestOptions (configurable via config and command line):
LogInit:  - bVerifyPeer = true  - Libcurl will verify peer certificate
LogInit:  - bUseHttpProxy = false  - Libcurl will NOT use HTTP proxy
LogInit:  - bDontReuseConnections = false  - Libcurl will reuse connections
LogInit:  - MaxHostConnections = 16  - Libcurl will limit the number of connections to a host
LogInit:  - LocalHostAddr = Default
LogInit:  - BufferSize = 65536
LogOnline: OSS: Creating online subsystem instance for: NULL
LogInit: WinSock: version 1.1 (2.2), MaxSocks=32767, MaxUdp=65467
LogOnline: OSS: TryLoadSubsystemAndSetDefault: Loaded subsystem for module [NULL]
PixWinPlugin: PIX capture plugin failed to initialize! Check that the process is launched from PIX.
LogOculusPluginWrapper: OculusPlugin initialized successfully
LogHMD: Failed initializing OVRPlugin 1.59.0
LogInit: Build: ++UE4+Release-4.27-CL-18319896
LogInit: Engine Version: 4.27.2-18319896+++UE4+Release-4.27
LogInit: Compatible Engine Version: 4.27.0-17155196+++UE4+Release-4.27
LogInit: Net CL: 17155196
LogInit: OS: Windows 10 (Release 2009) (), CPU: Intel(R) Core(TM) i7-9700K CPU @ 3.60GHz, GPU: NVIDIA GeForce RTX 2070
LogInit: Compiled (64-bit): Nov 30 2021 07:12:08
LogInit: Compiled with Visual C++: 19.24.28315.00
LogInit: Build Configuration: Development
LogInit: Branch Name: ++UE4+Release-4.27
LogInit: Command Line: 
LogInit: Base Directory: C:/Program Files/Epic Games/UE_4.27/Engine/Binaries/Win64/
LogInit: Allocator: TBB
LogInit: Installed Engine Build: 1
LogDevObjectVersion: Number of dev versions registered: 29
LogDevObjectVersion:   Dev-Blueprints (B0D832E4-1F89-4F0D-ACCF-7EB736FD4AA2): 10
LogDevObjectVersion:   Dev-Build (E1C64328-A22C-4D53-A36C-8E866417BD8C): 0
LogDevObjectVersion:   Dev-Core (375EC13C-06E4-48FB-B500-84F0262A717E): 4
LogDevObjectVersion:   Dev-Editor (E4B068ED-F494-42E9-A231-DA0B2E46BB41): 40
LogDevObjectVersion:   Dev-Framework (CFFC743F-43B0-4480-9391-14DF171D2073): 37
LogDevObjectVersion:   Dev-Mobile (B02B49B5-BB20-44E9-A304-32B752E40360): 3
LogDevObjectVersion:   Dev-Networking (A4E4105C-59A1-49B5-A7C5-40C4547EDFEE): 0
LogDevObjectVersion:   Dev-Online (39C831C9-5AE6-47DC-9A44-9C173E1C8E7C): 0
LogDevObjectVersion:   Dev-Physics (78F01B33-EBEA-4F98-B9B4-84EACCB95AA2): 14
LogDevObjectVersion:   Dev-Platform (6631380F-2D4D-43E0-8009-CF276956A95A): 0
LogDevObjectVersion:   Dev-Rendering (12F88B9F-8875-4AFC-A67C-D90C383ABD29): 45
LogDevObjectVersion:   Dev-Sequencer (7B5AE74C-D270-4C10-A958-57980B212A5A): 13
LogDevObjectVersion:   Dev-VR (D7296918-1DD6-4BDD-9DE2-64A83CC13884): 3
LogDevObjectVersion:   Dev-LoadTimes (C2A15278-BFE7-4AFE-6C17-90FF531DF755): 1
LogDevObjectVersion:   Private-Geometry (6EACA3D4-40EC-4CC1-B786-8BED09428FC5): 3
LogDevObjectVersion:   Dev-AnimPhys (29E575DD-E0A3-4627-9D10-D276232CDCEA): 17
LogDevObjectVersion:   Dev-Anim (AF43A65D-7FD3-4947-9873-3E8ED9C1BB05): 15
LogDevObjectVersion:   Dev-ReflectionCapture (6B266CEC-1EC7-4B8F-A30B-E4D90942FC07): 1
LogDevObjectVersion:   Dev-Automation (0DF73D61-A23F-47EA-B727-89E90C41499A): 1
LogDevObjectVersion:   FortniteMain (601D1886-AC64-4F84-AA16-D3DE0DEAC7D6): 47
LogDevObjectVersion:   FortniteRelease (E7086368-6B23-4C58-8439-1B7016265E91): 1
LogDevObjectVersion:   Dev-Enterprise (9DFFBCD6-494F-0158-E221-12823C92A888): 10
LogDevObjectVersion:   Dev-Niagara (F2AED0AC-9AFE-416F-8664-AA7FFA26D6FC): 1
LogDevObjectVersion:   Dev-Destruction (174F1F0B-B4C6-45A5-B13F-2EE8D0FB917D): 10
LogDevObjectVersion:   Dev-Physics-Ext (35F94A83-E258-406C-A318-09F59610247C): 41
LogDevObjectVersion:   Dev-PhysicsMaterial-Chaos (B68FC16E-8B1B-42E2-B453-215C058844FE): 1
LogDevObjectVersion:   Dev-CineCamera (B2E18506-4273-CFC2-A54E-F4BB758BBA07): 1
LogDevObjectVersion:   Dev-VirtualProduction (64F58936-FD1B-42BA-BA96-7289D5D0FA4E): 1
LogDevObjectVersion:   Dev-MediaFramework (6F0ED827-A609-4895-9C91-998D90180EA4): 2
LogInit: Presizing for max 25165824 objects, including 0 objects not considered by GC, pre-allocating 0 bytes for permanent pool.
LogConfig: Applying CVar settings from Section [/Script/Engine.StreamingSettings] File [E:/ALONE Survivor/BlackWinter2/BlackWinter2/Saved/Config/Windows/Engine.ini]
LogConfig: Setting CVar [[s.MinBulkDataSizeForAsyncLoading:131072]]
LogConfig: Setting CVar [[s.AsyncLoadingThreadEnabled:0]]
LogConfig: Setting CVar [[s.EventDrivenLoaderEnabled:1]]
LogConfig: Setting CVar [[s.WarnIfTimeLimitExceeded:0]]
LogConfig: Setting CVar [[s.TimeLimitExceededMultiplier:1.5]]
LogConfig: Setting CVar [[s.TimeLimitExceededMinTime:0.005]]
LogConfig: Setting CVar [[s.UseBackgroundLevelStreaming:1]]
LogConfig: Setting CVar [[s.PriorityAsyncLoadingExtraTime:15.0]]
LogConfig: Setting CVar [[s.LevelStreamingActorsUpdateTimeLimit:5.0]]
LogConfig: Setting CVar [[s.PriorityLevelStreamingActorsUpdateExtraTime:5.0]]
LogConfig: Setting CVar [[s.LevelStreamingComponentsRegistrationGranularity:10]]
LogConfig: Setting CVar [[s.UnregisterComponentsTimeLimit:1.0]]
LogConfig: Setting CVar [[s.LevelStreamingComponentsUnregistrationGranularity:5]]
LogConfig: Setting CVar [[s.FlushStreamingOnExit:1]]
LogInit: Object subsystem initialized
LogConfig: Setting CVar [[con.DebugEarlyDefault:1]]
LogConfig: Setting CVar [[r.setres:1280x720]]
[2022.09.12-18.45.28:808][  0]LogConfig: Setting CVar [[r.VSync:0]]
[2022.09.12-18.45.28:808][  0]LogConfig: Setting CVar [[r.RHICmdBypass:0]]
[2022.09.12-18.45.28:808][  0]LogConfig: Applying CVar settings from Section [/Script/Engine.RendererSettings] File [E:/ALONE Survivor/BlackWinter2/BlackWinter2/Saved/Config/Windows/Engine.ini]
[2022.09.12-18.45.28:808][  0]LogConfig: Setting CVar [[r.GPUCrashDebugging:0]]
[2022.09.12-18.45.28:808][  0]LogConfig: Applying CVar settings from Section [/Script/Engine.RendererOverrideSettings] File [E:/ALONE Survivor/BlackWinter2/BlackWinter2/Saved/Config/Windows/Engine.ini]
[2022.09.12-18.45.28:808][  0]LogConfig: Applying CVar settings from Section [/Script/Engine.StreamingSettings] File [E:/ALONE Survivor/BlackWinter2/BlackWinter2/Saved/Config/Windows/Engine.ini]
[2022.09.12-18.45.28:808][  0]LogConfig: Setting CVar [[s.MinBulkDataSizeForAsyncLoading:131072]]
[2022.09.12-18.45.28:808][  0]LogConfig: Setting CVar [[s.AsyncLoadingThreadEnabled:0]]
[2022.09.12-18.45.28:808][  0]LogConfig: Setting CVar [[s.EventDrivenLoaderEnabled:1]]
[2022.09.12-18.45.28:808][  0]LogConfig: Setting CVar [[s.WarnIfTimeLimitExceeded:0]]
[2022.09.12-18.45.28:808][  0]LogConfig: Setting CVar [[s.TimeLimitExceededMultiplier:1.5]]
[2022.09.12-18.45.28:808][  0]LogConfig: Setting CVar [[s.TimeLimitExceededMinTime:0.005]]
[2022.09.12-18.45.28:808][  0]LogConfig: Setting CVar [[s.UseBackgroundLevelStreaming:1]]
[2022.09.12-18.45.28:808][  0]LogConfig: Setting CVar [[s.PriorityAsyncLoadingExtraTime:15.0]]
[2022.09.12-18.45.28:808][  0]LogConfig: Setting CVar [[s.LevelStreamingActorsUpdateTimeLimit:5.0]]
[2022.09.12-18.45.28:808][  0]LogConfig: Setting CVar [[s.PriorityLevelStreamingActorsUpdateExtraTime:5.0]]
[2022.09.12-18.45.28:808][  0]LogConfig: Setting CVar [[s.LevelStreamingComponentsRegistrationGranularity:10]]
[2022.09.12-18.45.28:808][  0]LogConfig: Setting CVar [[s.UnregisterComponentsTimeLimit:1.0]]
[2022.09.12-18.45.28:808][  0]LogConfig: Setting CVar [[s.LevelStreamingComponentsUnregistrationGranularity:5]]
[2022.09.12-18.45.28:808][  0]LogConfig: Setting CVar [[s.FlushStreamingOnExit:1]]
[2022.09.12-18.45.28:808][  0]LogConfig: Applying CVar settings from Section [/Script/Engine.GarbageCollectionSettings] File [E:/ALONE Survivor/BlackWinter2/BlackWinter2/Saved/Config/Windows/Engine.ini]
[2022.09.12-18.45.28:808][  0]LogConfig: Setting CVar [[gc.MaxObjectsNotConsideredByGC:1]]
[2022.09.12-18.45.28:808][  0]LogConfig: Setting CVar [[gc.SizeOfPermanentObjectPool:0]]
[2022.09.12-18.45.28:808][  0]LogConfig: Setting CVar [[gc.FlushStreamingOnGC:0]]
[2022.09.12-18.45.28:808][  0]LogConfig: Setting CVar [[gc.NumRetriesBeforeForcingGC:10]]
[2022.09.12-18.45.28:808][  0]LogConfig: Setting CVar [[gc.AllowParallelGC:1]]
[2022.09.12-18.45.28:808][  0]LogConfig: Setting CVar [[gc.TimeBetweenPurgingPendingKillObjects:61.1]]
[2022.09.12-18.45.28:808][  0]LogConfig: Setting CVar [[gc.MaxObjectsInEditor:25165824]]
[2022.09.12-18.45.28:808][  0]LogConfig: Setting CVar [[gc.IncrementalBeginDestroyEnabled:1]]
[2022.09.12-18.45.28:808][  0]LogConfig: Setting CVar [[gc.CreateGCClusters:1]]
[2022.09.12-18.45.28:808][  0]LogConfig: Setting CVar [[gc.MinGCClusterSize:5]]
[2022.09.12-18.45.28:808][  0]LogConfig: Setting CVar [[gc.ActorClusteringEnabled:0]]
[2022.09.12-18.45.28:808][  0]LogConfig: Setting CVar [[gc.BlueprintClusteringEnabled:0]]
[2022.09.12-18.45.28:808][  0]LogConfig: Setting CVar [[gc.UseDisregardForGCOnDedicatedServers:0]]
[2022.09.12-18.45.28:808][  0]LogConfig: Setting CVar [[gc.MultithreadedDestructionEnabled:1]]
[2022.09.12-18.45.28:808][  0]LogConfig: Applying CVar settings from Section [/Script/Engine.NetworkSettings] File [E:/ALONE Survivor/BlackWinter2/BlackWinter2/Saved/Config/Windows/Engine.ini]
[2022.09.12-18.45.28:808][  0]LogConfig: Applying CVar settings from Section [/Script/UnrealEd.CookerSettings] File [E:/ALONE Survivor/BlackWinter2/BlackWinter2/Saved/Config/Windows/Engine.ini]
[2022.09.12-18.45.28:860][  0]LogConfig: Applying CVar settings from Section [ViewDistanceQuality@3] File [E:/ALONE Survivor/BlackWinter2/BlackWinter2/Saved/Config/Windows/Scalability.ini]
[2022.09.12-18.45.28:860][  0]LogConfig: Setting CVar [[r.SkeletalMeshLODBias:0]]
[2022.09.12-18.45.28:860][  0]LogConfig: Setting CVar [[r.ViewDistanceScale:1.0]]
[2022.09.12-18.45.28:860][  0]LogConfig: Applying CVar settings from Section [AntiAliasingQuality@3] File [E:/ALONE Survivor/BlackWinter2/BlackWinter2/Saved/Config/Windows/Scalability.ini]
[2022.09.12-18.45.28:860][  0]LogConfig: Setting CVar [[r.PostProcessAAQuality:4]]
[2022.09.12-18.45.28:860][  0]LogConfig: Applying CVar settings from Section [ShadowQuality@3] File [E:/ALONE Survivor/BlackWinter2/BlackWinter2/Saved/Config/Windows/Scalability.ini]
[2022.09.12-18.45.28:860][  0]LogConfig: Setting CVar [[r.LightFunctionQuality:1]]
[2022.09.12-18.45.28:860][  0]LogConfig: Setting CVar [[r.ShadowQuality:5]]
[2022.09.12-18.45.28:860][  0]LogConfig: Setting CVar [[r.Shadow.CSM.MaxCascades:10]]
[2022.09.12-18.45.28:860][  0]LogConfig: Setting CVar [[r.Shadow.MaxResolution:2048]]
[2022.09.12-18.45.28:860][  0]LogConfig: Setting CVar [[r.Shadow.MaxCSMResolution:2048]]
[2022.09.12-18.45.28:860][  0]LogConfig: Setting CVar [[r.Shadow.RadiusThreshold:0.01]]
[2022.09.12-18.45.28:860][  0]LogConfig: Setting CVar [[r.Shadow.DistanceScale:1.0]]
[2022.09.12-18.45.28:860][  0]LogConfig: Setting CVar [[r.Shadow.CSM.TransitionScale:1.0]]
[2022.09.12-18.45.28:860][  0]LogConfig: Setting CVar [[r.Shadow.PreShadowResolutionFactor:1.0]]
[2022.09.12-18.45.28:860][  0]LogConfig: Setting CVar [[r.DistanceFieldShadowing:1]]
[2022.09.12-18.45.28:860][  0]LogConfig: Setting CVar [[r.DistanceFieldAO:1]]
[2022.09.12-18.45.28:860][  0]LogConfig: Setting CVar [[r.AOQuality:2]]
[2022.09.12-18.45.28:860][  0]LogConfig: Setting CVar [[r.VolumetricFog:1]]
[2022.09.12-18.45.28:860][  0]LogConfig: Setting CVar [[r.VolumetricFog.GridPixelSize:8]]
[2022.09.12-18.45.28:860][  0]LogConfig: Setting CVar [[r.VolumetricFog.GridSizeZ:128]]
[2022.09.12-18.45.28:860][  0]LogConfig: Setting CVar [[r.VolumetricFog.HistoryMissSupersampleCount:4]]
[2022.09.12-18.45.28:860][  0]LogConfig: Setting CVar [[r.LightMaxDrawDistanceScale:1]]
[2022.09.12-18.45.28:860][  0]LogConfig: Setting CVar [[r.CapsuleShadows:1]]
[2022.09.12-18.45.28:860][  0]LogConfig: Applying CVar settings from Section [PostProcessQuality@3] File [E:/ALONE Survivor/BlackWinter2/BlackWinter2/Saved/Config/Windows/Scalability.ini]
[2022.09.12-18.45.28:860][  0]LogConfig: Setting CVar [[r.MotionBlurQuality:4]]
[2022.09.12-18.45.28:860][  0]LogConfig: Setting CVar [[r.AmbientOcclusionMipLevelFactor:0.4]]
[2022.09.12-18.45.28:860][  0]LogConfig: Setting CVar [[r.AmbientOcclusionMaxQuality:100]]
[2022.09.12-18.45.28:860][  0]LogConfig: Setting CVar [[r.AmbientOcclusionLevels:-1]]
[2022.09.12-18.45.28:860][  0]LogConfig: Setting CVar [[r.AmbientOcclusionRadiusScale:1.0]]
[2022.09.12-18.45.28:860][  0]LogConfig: Setting CVar [[r.DepthOfFieldQuality:2]]
[2022.09.12-18.45.28:860][  0]LogConfig: Setting CVar [[r.RenderTargetPoolMin:400]]
[2022.09.12-18.45.28:860][  0]LogConfig: Setting CVar [[r.LensFlareQuality:2]]
[2022.09.12-18.45.28:860][  0]LogConfig: Setting CVar [[r.SceneColorFringeQuality:1]]
[2022.09.12-18.45.28:860][  0]LogConfig: Setting CVar [[r.EyeAdaptationQuality:2]]
[2022.09.12-18.45.28:860][  0]LogConfig: Setting CVar [[r.BloomQuality:5]]
[2022.09.12-18.45.28:860][  0]LogConfig: Setting CVar [[r.FastBlurThreshold:100]]
[2022.09.12-18.45.28:860][  0]LogConfig: Setting CVar [[r.Upscale.Quality:3]]
[2022.09.12-18.45.28:860][  0]LogConfig: Setting CVar [[r.Tonemapper.GrainQuantization:1]]
[2022.09.12-18.45.28:860][  0]LogConfig: Setting CVar [[r.LightShaftQuality:1]]
[2022.09.12-18.45.28:860][  0]LogConfig: Setting CVar [[r.Filter.SizeScale:1]]
[2022.09.12-18.45.28:860][  0]LogConfig: Setting CVar [[r.Tonemapper.Quality:5]]
[2022.09.12-18.45.28:860][  0]LogConfig: Setting CVar [[r.DOF.Gather.AccumulatorQuality:1        ; higher gathering accumulator quality]]
[2022.09.12-18.45.28:860][  0]LogConfig: Setting CVar [[r.DOF.Gather.PostfilterMethod:1          ; Median3x3 postfilering method]]
[2022.09.12-18.45.28:860][  0]LogConfig: Setting CVar [[r.DOF.Gather.EnableBokehSettings:0       ; no bokeh simulation when gathering]]
[2022.09.12-18.45.28:860][  0]LogConfig: Setting CVar [[r.DOF.Gather.RingCount:4                 ; medium number of samples when gathering]]
[2022.09.12-18.45.28:860][  0]LogConfig: Setting CVar [[r.DOF.Scatter.ForegroundCompositing:1    ; additive foreground scattering]]
[2022.09.12-18.45.28:860][  0]LogConfig: Setting CVar [[r.DOF.Scatter.BackgroundCompositing:2    ; additive background scattering]]
[2022.09.12-18.45.28:860][  0]LogConfig: Setting CVar [[r.DOF.Scatter.EnableBokehSettings:1      ; bokeh simulation when scattering]]
[2022.09.12-18.45.28:860][  0]LogConfig: Setting CVar [[r.DOF.Scatter.MaxSpriteRatio:0.1         ; only a maximum of 10% of scattered bokeh]]
[2022.09.12-18.45.28:860][  0]LogConfig: Setting CVar [[r.DOF.Recombine.Quality:1                ; cheap slight out of focus]]
[2022.09.12-18.45.28:860][  0]LogConfig: Setting CVar [[r.DOF.Recombine.EnableBokehSettings:0    ; no bokeh simulation on slight out of focus]]
[2022.09.12-18.45.28:860][  0]LogConfig: Setting CVar [[r.DOF.TemporalAAQuality:1                ; more stable temporal accumulation]]
[2022.09.12-18.45.28:860][  0]LogConfig: Setting CVar [[r.DOF.Kernel.MaxForegroundRadius:0.025]]
[2022.09.12-18.45.28:860][  0]LogConfig: Setting CVar [[r.DOF.Kernel.MaxBackgroundRadius:0.025]]
[2022.09.12-18.45.28:861][  0]LogConfig: Applying CVar settings from Section [TextureQuality@3] File [E:/ALONE Survivor/BlackWinter2/BlackWinter2/Saved/Config/Windows/Scalability.ini]
[2022.09.12-18.45.28:861][  0]LogConfig: Setting CVar [[r.Streaming.MipBias:0]]
[2022.09.12-18.45.28:861][  0]LogConfig: Setting CVar [[r.Streaming.AmortizeCPUToGPUCopy:0]]
[2022.09.12-18.45.28:861][  0]LogConfig: Setting CVar [[r.Streaming.MaxNumTexturesToStreamPerFrame:0]]
[2022.09.12-18.45.28:861][  0]LogConfig: Setting CVar [[r.Streaming.Boost:1]]
[2022.09.12-18.45.28:861][  0]LogConfig: Setting CVar [[r.MaxAnisotropy:8]]
[2022.09.12-18.45.28:861][  0]LogConfig: Setting CVar [[r.VT.MaxAnisotropy:8]]
[2022.09.12-18.45.28:861][  0]LogConfig: Setting CVar [[r.Streaming.LimitPoolSizeToVRAM:0]]
[2022.09.12-18.45.28:861][  0]LogConfig: Setting CVar [[r.Streaming.PoolSize:1000]]
[2022.09.12-18.45.28:861][  0]LogConfig: Setting CVar [[r.Streaming.MaxEffectiveScreenSize:0]]
[2022.09.12-18.45.28:861][  0]LogConfig: Applying CVar settings from Section [EffectsQuality@3] File [E:/ALONE Survivor/BlackWinter2/BlackWinter2/Saved/Config/Windows/Scalability.ini]
[2022.09.12-18.45.28:861][  0]LogConfig: Setting CVar [[r.TranslucencyLightingVolumeDim:64]]
[2022.09.12-18.45.28:861][  0]LogConfig: Setting CVar [[r.RefractionQuality:2]]
[2022.09.12-18.45.28:861][  0]LogConfig: Setting CVar [[r.SSR.Quality:3]]
[2022.09.12-18.45.28:861][  0]LogConfig: Setting CVar [[r.SSR.HalfResSceneColor:0]]
[2022.09.12-18.45.28:861][  0]LogConfig: Setting CVar [[r.SceneColorFormat:4]]
[2022.09.12-18.45.28:861][  0]LogConfig: Setting CVar [[r.DetailMode:2]]
[2022.09.12-18.45.28:861][  0]LogConfig: Setting CVar [[r.TranslucencyVolumeBlur:1]]
[2022.09.12-18.45.28:861][  0]LogConfig: Setting CVar [[r.MaterialQualityLevel:1 ; High quality]]
[2022.09.12-18.45.28:861][  0]LogConfig: Setting CVar [[r.AnisotropicMaterials:1]]
[2022.09.12-18.45.28:861][  0]LogConfig: Setting CVar [[r.SSS.Scale:1]]
[2022.09.12-18.45.28:861][  0]LogConfig: Setting CVar [[r.SSS.SampleSet:2]]
[2022.09.12-18.45.28:861][  0]LogConfig: Setting CVar [[r.SSS.Quality:1]]
[2022.09.12-18.45.28:861][  0]LogConfig: Setting CVar [[r.SSS.HalfRes:0]]
[2022.09.12-18.45.28:861][  0]LogConfig: Setting CVar [[r.SSGI.Quality:3]]
[2022.09.12-18.45.28:861][  0]LogConfig: Setting CVar [[r.EmitterSpawnRateScale:1.0]]
[2022.09.12-18.45.28:861][  0]LogConfig: Setting CVar [[r.ParticleLightQuality:2]]
[2022.09.12-18.45.28:861][  0]LogConfig: Setting CVar [[r.SkyAtmosphere.AerialPerspectiveLUT.FastApplyOnOpaque:1 ; Always have FastSkyLUT 1 in this case to avoid wrong sky]]
[2022.09.12-18.45.28:861][  0]LogConfig: Setting CVar [[r.SkyAtmosphere.AerialPerspectiveLUT.SampleCountMaxPerSlice:4]]
[2022.09.12-18.45.28:861][  0]LogConfig: Setting CVar [[r.SkyAtmosphere.AerialPerspectiveLUT.DepthResolution:16.0]]
[2022.09.12-18.45.28:861][  0]LogConfig: Setting CVar [[r.SkyAtmosphere.FastSkyLUT:1]]
[2022.09.12-18.45.28:861][  0]LogConfig: Setting CVar [[r.SkyAtmosphere.FastSkyLUT.SampleCountMin:4.0]]
[2022.09.12-18.45.28:861][  0]LogConfig: Setting CVar [[r.SkyAtmosphere.FastSkyLUT.SampleCountMax:128.0]]
[2022.09.12-18.45.28:861][  0]LogConfig: Setting CVar [[r.SkyAtmosphere.SampleCountMin:4.0]]
[2022.09.12-18.45.28:861][  0]LogConfig: Setting CVar [[r.SkyAtmosphere.SampleCountMax:128.0]]
[2022.09.12-18.45.28:861][  0]LogConfig: Setting CVar [[r.SkyAtmosphere.TransmittanceLUT.UseSmallFormat:0]]
[2022.09.12-18.45.28:861][  0]LogConfig: Setting CVar [[r.SkyAtmosphere.TransmittanceLUT.SampleCount:10.0]]
[2022.09.12-18.45.28:861][  0]LogConfig: Setting CVar [[r.SkyAtmosphere.MultiScatteringLUT.SampleCount:15.0]]
[2022.09.12-18.45.28:861][  0]LogConfig: Setting CVar [[r.SkyLight.RealTimeReflectionCapture:1]]
[2022.09.12-18.45.28:861][  0]LogConfig: Applying CVar settings from Section [FoliageQuality@3] File [E:/ALONE Survivor/BlackWinter2/BlackWinter2/Saved/Config/Windows/Scalability.ini]
[2022.09.12-18.45.28:861][  0]LogConfig: Setting CVar [[foliage.DensityScale:1.0]]
[2022.09.12-18.45.28:861][  0]LogConfig: Setting CVar [[grass.DensityScale:1.0]]
[2022.09.12-18.45.28:861][  0]LogConfig: Applying CVar settings from Section [ShadingQuality@3] File [E:/ALONE Survivor/BlackWinter2/BlackWinter2/Saved/Config/Windows/Scalability.ini]
[2022.09.12-18.45.28:861][  0]LogConfig: Setting CVar [[r.HairStrands.SkyLighting.IntegrationType:2]]
[2022.09.12-18.45.28:861][  0]LogConfig: Setting CVar [[r.HairStrands.SkyAO.SampleCount:4]]
[2022.09.12-18.45.28:861][  0]LogConfig: Setting CVar [[r.HairStrands.Visibility.MSAA.SamplePerPixel:4]]
[2022.09.12-18.45.28:861][  0]LogInit: Selected Device Profile: [Windows]
[2022.09.12-18.45.28:861][  0]LogInit: Applying CVar settings loaded from the selected device profile: [Windows]
[2022.09.12-18.45.28:861][  0]LogHAL: Display: Platform has ~ 32 GB [34295230464 / 34359738368 / 32], which maps to Largest [LargestMinGB=32, LargerMinGB=12, DefaultMinGB=8, SmallerMinGB=6, SmallestMinGB=0)
[2022.09.12-18.45.28:861][  0]LogInit: Going up to parent DeviceProfile []
[2022.09.12-18.45.28:861][  0]LogConfig: Applying CVar settings from Section [ViewDistanceQuality@3] File [E:/ALONE Survivor/BlackWinter2/BlackWinter2/Saved/Config/Windows/Scalability.ini]
[2022.09.12-18.45.28:861][  0]LogConfig: Setting CVar [[r.SkeletalMeshLODBias:0]]
[2022.09.12-18.45.28:861][  0]LogConfig: Setting CVar [[r.ViewDistanceScale:1.0]]
[2022.09.12-18.45.28:861][  0]LogConfig: Applying CVar settings from Section [AntiAliasingQuality@3] File [E:/ALONE Survivor/BlackWinter2/BlackWinter2/Saved/Config/Windows/Scalability.ini]
[2022.09.12-18.45.28:861][  0]LogConfig: Setting CVar [[r.PostProcessAAQuality:4]]
[2022.09.12-18.45.28:861][  0]LogConfig: Applying CVar settings from Section [ShadowQuality@3] File [E:/ALONE Survivor/BlackWinter2/BlackWinter2/Saved/Config/Windows/Scalability.ini]
[2022.09.12-18.45.28:861][  0]LogConfig: Setting CVar [[r.LightFunctionQuality:1]]
[2022.09.12-18.45.28:861][  0]LogConfig: Setting CVar [[r.ShadowQuality:5]]
[2022.09.12-18.45.28:861][  0]LogConfig: Setting CVar [[r.Shadow.CSM.MaxCascades:10]]
[2022.09.12-18.45.28:861][  0]LogConfig: Setting CVar [[r.Shadow.MaxResolution:2048]]
[2022.09.12-18.45.28:861][  0]LogConfig: Setting CVar [[r.Shadow.MaxCSMResolution:2048]]
[2022.09.12-18.45.28:861][  0]LogConfig: Setting CVar [[r.Shadow.RadiusThreshold:0.01]]
[2022.09.12-18.45.28:861][  0]LogConfig: Setting CVar [[r.Shadow.DistanceScale:1.0]]
[2022.09.12-18.45.28:861][  0]LogConfig: Setting CVar [[r.Shadow.CSM.TransitionScale:1.0]]
[2022.09.12-18.45.28:861][  0]LogConfig: Setting CVar [[r.Shadow.PreShadowResolutionFactor:1.0]]
[2022.09.12-18.45.28:861][  0]LogConfig: Setting CVar [[r.DistanceFieldShadowing:1]]
[2022.09.12-18.45.28:861][  0]LogConfig: Setting CVar [[r.DistanceFieldAO:1]]
[2022.09.12-18.45.28:861][  0]LogConfig: Setting CVar [[r.AOQuality:2]]
[2022.09.12-18.45.28:861][  0]LogConfig: Setting CVar [[r.VolumetricFog:1]]
[2022.09.12-18.45.28:861][  0]LogConfig: Setting CVar [[r.VolumetricFog.GridPixelSize:8]]
[2022.09.12-18.45.28:861][  0]LogConfig: Setting CVar [[r.VolumetricFog.GridSizeZ:128]]
[2022.09.12-18.45.28:861][  0]LogConfig: Setting CVar [[r.VolumetricFog.HistoryMissSupersampleCount:4]]
[2022.09.12-18.45.28:861][  0]LogConfig: Setting CVar [[r.LightMaxDrawDistanceScale:1]]
[2022.09.12-18.45.28:861][  0]LogConfig: Setting CVar [[r.CapsuleShadows:1]]
[2022.09.12-18.45.28:861][  0]LogConfig: Applying CVar settings from Section [PostProcessQuality@3] File [E:/ALONE Survivor/BlackWinter2/BlackWinter2/Saved/Config/Windows/Scalability.ini]
[2022.09.12-18.45.28:861][  0]LogConfig: Setting CVar [[r.MotionBlurQuality:4]]
[2022.09.12-18.45.28:861][  0]LogConfig: Setting CVar [[r.AmbientOcclusionMipLevelFactor:0.4]]
[2022.09.12-18.45.28:861][  0]LogConfig: Setting CVar [[r.AmbientOcclusionMaxQuality:100]]
[2022.09.12-18.45.28:861][  0]LogConfig: Setting CVar [[r.AmbientOcclusionLevels:-1]]
[2022.09.12-18.45.28:861][  0]LogConfig: Setting CVar [[r.AmbientOcclusionRadiusScale:1.0]]
[2022.09.12-18.45.28:861][  0]LogConfig: Setting CVar [[r.DepthOfFieldQuality:2]]
[2022.09.12-18.45.28:861][  0]LogConfig: Setting CVar [[r.RenderTargetPoolMin:400]]
[2022.09.12-18.45.28:861][  0]LogConfig: Setting CVar [[r.LensFlareQuality:2]]
[2022.09.12-18.45.28:861][  0]LogConfig: Setting CVar [[r.SceneColorFringeQuality:1]]
[2022.09.12-18.45.28:861][  0]LogConfig: Setting CVar [[r.EyeAdaptationQuality:2]]
[2022.09.12-18.45.28:862][  0]LogConfig: Setting CVar [[r.BloomQuality:5]]
[2022.09.12-18.45.28:862][  0]LogConfig: Setting CVar [[r.FastBlurThreshold:100]]
[2022.09.12-18.45.28:862][  0]LogConfig: Setting CVar [[r.Upscale.Quality:3]]
[2022.09.12-18.45.28:862][  0]LogConfig: Setting CVar [[r.Tonemapper.GrainQuantization:1]]
[2022.09.12-18.45.28:862][  0]LogConfig: Setting CVar [[r.LightShaftQuality:1]]
[2022.09.12-18.45.28:862][  0]LogConfig: Setting CVar [[r.Filter.SizeScale:1]]
[2022.09.12-18.45.28:862][  0]LogConfig: Setting CVar [[r.Tonemapper.Quality:5]]
[2022.09.12-18.45.28:862][  0]LogConfig: Setting CVar [[r.DOF.Gather.AccumulatorQuality:1        ; higher gathering accumulator quality]]
[2022.09.12-18.45.28:862][  0]LogConfig: Setting CVar [[r.DOF.Gather.PostfilterMethod:1          ; Median3x3 postfilering method]]
[2022.09.12-18.45.28:862][  0]LogConfig: Setting CVar [[r.DOF.Gather.EnableBokehSettings:0       ; no bokeh simulation when gathering]]
[2022.09.12-18.45.28:862][  0]LogConfig: Setting CVar [[r.DOF.Gather.RingCount:4                 ; medium number of samples when gathering]]
[2022.09.12-18.45.28:862][  0]LogConfig: Setting CVar [[r.DOF.Scatter.ForegroundCompositing:1    ; additive foreground scattering]]
[2022.09.12-18.45.28:862][  0]LogConfig: Setting CVar [[r.DOF.Scatter.BackgroundCompositing:2    ; additive background scattering]]
[2022.09.12-18.45.28:862][  0]LogConfig: Setting CVar [[r.DOF.Scatter.EnableBokehSettings:1      ; bokeh simulation when scattering]]
[2022.09.12-18.45.28:862][  0]LogConfig: Setting CVar [[r.DOF.Scatter.MaxSpriteRatio:0.1         ; only a maximum of 10% of scattered bokeh]]
[2022.09.12-18.45.28:862][  0]LogConfig: Setting CVar [[r.DOF.Recombine.Quality:1                ; cheap slight out of focus]]
[2022.09.12-18.45.28:862][  0]LogConfig: Setting CVar [[r.DOF.Recombine.EnableBokehSettings:0    ; no bokeh simulation on slight out of focus]]
[2022.09.12-18.45.28:862][  0]LogConfig: Setting CVar [[r.DOF.TemporalAAQuality:1                ; more stable temporal accumulation]]
[2022.09.12-18.45.28:862][  0]LogConfig: Setting CVar [[r.DOF.Kernel.MaxForegroundRadius:0.025]]
[2022.09.12-18.45.28:862][  0]LogConfig: Setting CVar [[r.DOF.Kernel.MaxBackgroundRadius:0.025]]
[2022.09.12-18.45.28:862][  0]LogConfig: Applying CVar settings from Section [TextureQuality@3] File [E:/ALONE Survivor/BlackWinter2/BlackWinter2/Saved/Config/Windows/Scalability.ini]
[2022.09.12-18.45.28:862][  0]LogConfig: Setting CVar [[r.Streaming.MipBias:0]]
[2022.09.12-18.45.28:862][  0]LogConfig: Setting CVar [[r.Streaming.AmortizeCPUToGPUCopy:0]]
[2022.09.12-18.45.28:862][  0]LogConfig: Setting CVar [[r.Streaming.MaxNumTexturesToStreamPerFrame:0]]
[2022.09.12-18.45.28:862][  0]LogConfig: Setting CVar [[r.Streaming.Boost:1]]
[2022.09.12-18.45.28:862][  0]LogConfig: Setting CVar [[r.MaxAnisotropy:8]]
[2022.09.12-18.45.28:862][  0]LogConfig: Setting CVar [[r.VT.MaxAnisotropy:8]]
[2022.09.12-18.45.28:862][  0]LogConfig: Setting CVar [[r.Streaming.LimitPoolSizeToVRAM:0]]
[2022.09.12-18.45.28:862][  0]LogConfig: Setting CVar [[r.Streaming.PoolSize:1000]]
[2022.09.12-18.45.28:862][  0]LogConfig: Setting CVar [[r.Streaming.MaxEffectiveScreenSize:0]]
[2022.09.12-18.45.28:862][  0]LogConfig: Applying CVar settings from Section [EffectsQuality@3] File [E:/ALONE Survivor/BlackWinter2/BlackWinter2/Saved/Config/Windows/Scalability.ini]
[2022.09.12-18.45.28:862][  0]LogConfig: Setting CVar [[r.TranslucencyLightingVolumeDim:64]]
[2022.09.12-18.45.28:862][  0]LogConfig: Setting CVar [[r.RefractionQuality:2]]
[2022.09.12-18.45.28:862][  0]LogConfig: Setting CVar [[r.SSR.Quality:3]]
[2022.09.12-18.45.28:862][  0]LogConfig: Setting CVar [[r.SSR.HalfResSceneColor:0]]
[2022.09.12-18.45.28:862][  0]LogConfig: Setting CVar [[r.SceneColorFormat:4]]
[2022.09.12-18.45.28:862][  0]LogConfig: Setting CVar [[r.DetailMode:2]]
[2022.09.12-18.45.28:862][  0]LogConfig: Setting CVar [[r.TranslucencyVolumeBlur:1]]
[2022.09.12-18.45.28:862][  0]LogConfig: Setting CVar [[r.MaterialQualityLevel:1 ; High quality]]
[2022.09.12-18.45.28:862][  0]LogConfig: Setting CVar [[r.AnisotropicMaterials:1]]
[2022.09.12-18.45.28:862][  0]LogConfig: Setting CVar [[r.SSS.Scale:1]]
[2022.09.12-18.45.28:862][  0]LogConfig: Setting CVar [[r.SSS.SampleSet:2]]
[2022.09.12-18.45.28:862][  0]LogConfig: Setting CVar [[r.SSS.Quality:1]]
[2022.09.12-18.45.28:862][  0]LogConfig: Setting CVar [[r.SSS.HalfRes:0]]
[2022.09.12-18.45.28:862][  0]LogConfig: Setting CVar [[r.SSGI.Quality:3]]
[2022.09.12-18.45.28:862][  0]LogConfig: Setting CVar [[r.EmitterSpawnRateScale:1.0]]
[2022.09.12-18.45.28:862][  0]LogConfig: Setting CVar [[r.ParticleLightQuality:2]]
[2022.09.12-18.45.28:862][  0]LogConfig: Setting CVar [[r.SkyAtmosphere.AerialPerspectiveLUT.FastApplyOnOpaque:1 ; Always have FastSkyLUT 1 in this case to avoid wrong sky]]
[2022.09.12-18.45.28:862][  0]LogConfig: Setting CVar [[r.SkyAtmosphere.AerialPerspectiveLUT.SampleCountMaxPerSlice:4]]
[2022.09.12-18.45.28:862][  0]LogConfig: Setting CVar [[r.SkyAtmosphere.AerialPerspectiveLUT.DepthResolution:16.0]]
[2022.09.12-18.45.28:862][  0]LogConfig: Setting CVar [[r.SkyAtmosphere.FastSkyLUT:1]]
[2022.09.12-18.45.28:862][  0]LogConfig: Setting CVar [[r.SkyAtmosphere.FastSkyLUT.SampleCountMin:4.0]]
[2022.09.12-18.45.28:862][  0]LogConfig: Setting CVar [[r.SkyAtmosphere.FastSkyLUT.SampleCountMax:128.0]]
[2022.09.12-18.45.28:862][  0]LogConfig: Setting CVar [[r.SkyAtmosphere.SampleCountMin:4.0]]
[2022.09.12-18.45.28:862][  0]LogConfig: Setting CVar [[r.SkyAtmosphere.SampleCountMax:128.0]]
[2022.09.12-18.45.28:862][  0]LogConfig: Setting CVar [[r.SkyAtmosphere.TransmittanceLUT.UseSmallFormat:0]]
[2022.09.12-18.45.28:862][  0]LogConfig: Setting CVar [[r.SkyAtmosphere.TransmittanceLUT.SampleCount:10.0]]
[2022.09.12-18.45.28:862][  0]LogConfig: Setting CVar [[r.SkyAtmosphere.MultiScatteringLUT.SampleCount:15.0]]
[2022.09.12-18.45.28:862][  0]LogConfig: Setting CVar [[r.SkyLight.RealTimeReflectionCapture:1]]
[2022.09.12-18.45.28:862][  0]LogConfig: Applying CVar settings from Section [FoliageQuality@3] File [E:/ALONE Survivor/BlackWinter2/BlackWinter2/Saved/Config/Windows/Scalability.ini]
[2022.09.12-18.45.28:862][  0]LogConfig: Setting CVar [[foliage.DensityScale:1.0]]
[2022.09.12-18.45.28:862][  0]LogConfig: Setting CVar [[grass.DensityScale:1.0]]
[2022.09.12-18.45.28:862][  0]LogConfig: Applying CVar settings from Section [ShadingQuality@3] File [E:/ALONE Survivor/BlackWinter2/BlackWinter2/Saved/Config/Windows/Scalability.ini]
[2022.09.12-18.45.28:862][  0]LogConfig: Setting CVar [[r.HairStrands.SkyLighting.IntegrationType:2]]
[2022.09.12-18.45.28:862][  0]LogConfig: Setting CVar [[r.HairStrands.SkyAO.SampleCount:4]]
[2022.09.12-18.45.28:862][  0]LogConfig: Setting CVar [[r.HairStrands.Visibility.MSAA.SamplePerPixel:4]]
[2022.09.12-18.45.28:862][  0]LogConfig: Applying CVar settings from Section [Startup] File [../../../Engine/Config/ConsoleVariables.ini]
[2022.09.12-18.45.28:863][  0]LogConfig: Setting CVar [[net.UseAdaptiveNetUpdateFrequency:0]]
[2022.09.12-18.45.28:863][  0]LogConfig: Setting CVar [[p.chaos.AllowCreatePhysxBodies:1]]
[2022.09.12-18.45.28:863][  0]LogConfig: Setting CVar [[fx.SkipVectorVMBackendOptimizations:1]]
[2022.09.12-18.45.28:863][  0]LogConfig: Applying CVar settings from Section [ConsoleVariables] File [E:/ALONE Survivor/BlackWinter2/BlackWinter2/Saved/Config/Windows/Engine.ini]
[2022.09.12-18.45.28:863][  0]LogConfig: Applying CVar settings from Section [ConsoleVariables] File [E:/ALONE Survivor/BlackWinter2/BlackWinter2/Saved/Config/Windows/Editor.ini]
[2022.09.12-18.45.28:863][  0]LogInit: Computer: DESKTOP-4H0QURC
[2022.09.12-18.45.28:863][  0]LogInit: User: kaiko
[2022.09.12-18.45.28:863][  0]LogInit: CPU Page size=4096, Cores=8
[2022.09.12-18.45.28:863][  0]LogInit: High frequency timer resolution =10.000000 MHz
[2022.09.12-18.45.28:863][  0]LogMemory: Memory total: Physical=31.9GB (32GB approx)
[2022.09.12-18.45.28:863][  0]LogMemory: Platform Memory Stats for Windows
[2022.09.12-18.45.28:863][  0]LogMemory: Process Physical Memory: 147.39 MB used, 149.10 MB peak
[2022.09.12-18.45.28:863][  0]LogMemory: Process Virtual Memory: 130.73 MB used, 130.73 MB peak
[2022.09.12-18.45.28:863][  0]LogMemory: Physical Memory: 14077.19 MB used,  18629.29 MB free, 32706.48 MB total
[2022.09.12-18.45.28:863][  0]LogMemory: Virtual Memory: 134180040.00 MB used,  37690.62 MB free, 134217728.00 MB total
[2022.09.12-18.45.28:868][  0]LogWindows: WindowsPlatformFeatures enabled
[2022.09.12-18.45.28:910][  0]LogInit: Physics initialised using underlying interface: PhysX
[2022.09.12-18.45.28:911][  0]LogInit: Using OS detected language (en-US).
[2022.09.12-18.45.28:911][  0]LogInit: Using OS detected locale (en-US).
[2022.09.12-18.45.28:917][  0]LogTextLocalizationManager: No specific localization for 'en-US' exists, so the 'en' localization will be used.
[2022.09.12-18.45.29:093][  0]LogInit: Setting process to per monitor DPI aware
[2022.09.12-18.45.29:105][  0]LogWindowsTextInputMethodSystem: Display: IME system deactivated.
[2022.09.12-18.45.29:127][  0]LogSlate: New Slate User Created.  User Index 0, Is Virtual User: 0
[2022.09.12-18.45.29:127][  0]LogSlate: Slate User Registered.  User Index 0, Is Virtual User: 0
[2022.09.12-18.45.29:242][  0]LogD3D11RHI: Loaded GFSDK_Aftermath_Lib.x64.dll
[2022.09.12-18.45.34:569][  0]LogHMD: Failed to initialize OpenVR with code 108
[2022.09.12-18.45.34:569][  0]LogD3D11RHI: D3D11 min allowed feature level: 11_0
[2022.09.12-18.45.34:569][  0]LogD3D11RHI: D3D11 max allowed feature level: 11_0
[2022.09.12-18.45.34:569][  0]LogD3D11RHI: D3D11 adapters:
[2022.09.12-18.45.34:696][  0]LogD3D11RHI:    0. 'NVIDIA GeForce RTX 2070' (Feature Level 11_0)
[2022.09.12-18.45.34:696][  0]LogD3D11RHI:       8031/0/16353 MB DedicatedVideo/DedicatedSystem/SharedSystem, Outputs:2, VendorId:0x10de
[2022.09.12-18.45.34:698][  0]LogD3D11RHI:    1. 'Microsoft Basic Render Driver' (Feature Level 11_0)
[2022.09.12-18.45.34:698][  0]LogD3D11RHI:       0/0/16353 MB DedicatedVideo/DedicatedSystem/SharedSystem, Outputs:0, VendorId:0x1414
[2022.09.12-18.45.34:698][  0]LogD3D11RHI: Chosen D3D11 Adapter:
[2022.09.12-18.45.34:698][  0]LogD3D11RHI:     Description : NVIDIA GeForce RTX 2070
[2022.09.12-18.45.34:698][  0]LogD3D11RHI:     VendorId    : 10de
[2022.09.12-18.45.34:698][  0]LogD3D11RHI:     DeviceId    : 1f07
[2022.09.12-18.45.34:698][  0]LogD3D11RHI:     SubSysId    : 21733842
[2022.09.12-18.45.34:698][  0]LogD3D11RHI:     Revision    : 00a1
[2022.09.12-18.45.34:698][  0]LogD3D11RHI:     DedicatedVideoMemory : 8421113856 bytes
[2022.09.12-18.45.34:698][  0]LogD3D11RHI:     DedicatedSystemMemory : 0 bytes
[2022.09.12-18.45.34:698][  0]LogD3D11RHI:     SharedSystemMemory : 17147615232 bytes
[2022.09.12-18.45.34:698][  0]LogD3D11RHI:     AdapterLuid : 0 62610
[2022.09.12-18.45.34:707][  0]LogD3D11RHI: Creating new Direct3DDevice
[2022.09.12-18.45.34:707][  0]LogD3D11RHI:     GPU DeviceId: 0x1f07 (for the marketing name, search the web for "GPU Device Id")
[2022.09.12-18.45.34:707][  0]LogWindows: EnumDisplayDevices:
[2022.09.12-18.45.34:708][  0]LogWindows:    0. 'NVIDIA GeForce RTX 2070' (P:1 D:1)
[2022.09.12-18.45.34:708][  0]LogWindows:    1. 'NVIDIA GeForce RTX 2070' (P:0 D:1)
[2022.09.12-18.45.34:708][  0]LogWindows:    2. 'NVIDIA GeForce RTX 2070' (P:0 D:0)
[2022.09.12-18.45.34:709][  0]LogWindows:    3. 'NVIDIA GeForce RTX 2070' (P:0 D:0)
[2022.09.12-18.45.34:709][  0]LogWindows: DebugString: FoundDriverCount:4 
[2022.09.12-18.45.34:709][  0]LogD3D11RHI:     Adapter Name: NVIDIA GeForce RTX 2070
[2022.09.12-18.45.34:709][  0]LogD3D11RHI:   Driver Version: 516.94 (internal:31.0.15.1694, unified:516.94)
[2022.09.12-18.45.34:709][  0]LogD3D11RHI:      Driver Date: 7-21-2022
[2022.09.12-18.45.34:709][  0]LogRHI: Texture pool is 5621 MB (70% of 8031 MB)
[2022.09.12-18.45.34:709][  0]LogD3D11RHI: Creating D3DDevice using adapter:
[2022.09.12-18.45.34:709][  0]LogD3D11RHI:     Description : NVIDIA GeForce RTX 2070
[2022.09.12-18.45.34:709][  0]LogD3D11RHI:     VendorId    : 10de
[2022.09.12-18.45.34:709][  0]LogD3D11RHI:     DeviceId    : 1f07
[2022.09.12-18.45.34:709][  0]LogD3D11RHI:     SubSysId    : 21733842
[2022.09.12-18.45.34:709][  0]LogD3D11RHI:     Revision    : 00a1
[2022.09.12-18.45.34:709][  0]LogD3D11RHI:     DedicatedVideoMemory : 8421113856 bytes
[2022.09.12-18.45.34:709][  0]LogD3D11RHI:     DedicatedSystemMemory : 0 bytes
[2022.09.12-18.45.34:709][  0]LogD3D11RHI:     SharedSystemMemory : 17147615232 bytes
[2022.09.12-18.45.34:709][  0]LogD3D11RHI:     AdapterLuid : 0 62610
[2022.09.12-18.45.34:761][  0]LogD3D11RHI: RHI has support for 64 bit atomics
[2022.09.12-18.45.34:761][  0]LogD3D11RHI: Async texture creation enabled
[2022.09.12-18.45.34:761][  0]LogD3D11RHI: Array index from any shader is supported
[2022.09.12-18.45.34:789][  0]LogD3D11RHI: GPU Timing Frequency: 1000.000000 (Debug: 2 2)
[2022.09.12-18.45.34:815][  0]LogRHI: GeForceNow SDK initialized: 1
[2022.09.12-18.45.35:091][  0]LogTargetPlatformManager: Display: Loaded TargetPlatform 'AllDesktop'
[2022.09.12-18.45.35:115][  0]LogTargetPlatformManager: Display: Loaded TargetPlatform 'Android'
[2022.09.12-18.45.35:115][  0]LogTargetPlatformManager: Display: Loaded TargetPlatform 'Android_ASTC'
[2022.09.12-18.45.35:115][  0]LogTargetPlatformManager: Display: Loaded TargetPlatform 'Android_DXT'
[2022.09.12-18.45.35:115][  0]LogTargetPlatformManager: Display: Loaded TargetPlatform 'Android_ETC2'
[2022.09.12-18.45.35:115][  0]LogTargetPlatformManager: Display: Loaded TargetPlatform 'AndroidClient'
[2022.09.12-18.45.35:115][  0]LogTargetPlatformManager: Display: Loaded TargetPlatform 'Android_ASTCClient'
[2022.09.12-18.45.35:115][  0]LogTargetPlatformManager: Display: Loaded TargetPlatform 'Android_DXTClient'
[2022.09.12-18.45.35:115][  0]LogTargetPlatformManager: Display: Loaded TargetPlatform 'Android_ETC2Client'
[2022.09.12-18.45.35:115][  0]LogTargetPlatformManager: Display: Loaded TargetPlatform 'Android_Multi'
[2022.09.12-18.45.35:115][  0]LogTargetPlatformManager: Display: Loaded TargetPlatform 'Android_MultiClient'
[2022.09.12-18.45.35:131][  0]LogTargetPlatformManager: Display: Loaded TargetPlatform 'IOSClient'
[2022.09.12-18.45.35:131][  0]LogTargetPlatformManager: Display: Loaded TargetPlatform 'IOS'
[2022.09.12-18.45.35:140][  0]LogTargetPlatformManager: Display: Loaded TargetPlatform 'Linux'
[2022.09.12-18.45.35:143][  0]LogTargetPlatformManager: Display: Loaded TargetPlatform 'LinuxNoEditor'
[2022.09.12-18.45.35:147][  0]LogTargetPlatformManager: Display: Loaded TargetPlatform 'LinuxClient'
[2022.09.12-18.45.35:150][  0]LogTargetPlatformManager: Display: Loaded TargetPlatform 'LinuxServer'
[2022.09.12-18.45.35:159][  0]LogTargetPlatformManager: Display: Loaded TargetPlatform 'LinuxAArch64NoEditor'
[2022.09.12-18.45.35:164][  0]LogTargetPlatformManager: Display: Loaded TargetPlatform 'LinuxAArch64Client'
[2022.09.12-18.45.35:169][  0]LogTargetPlatformManager: Display: Loaded TargetPlatform 'LinuxAArch64Server'
[2022.09.12-18.45.35:199][  0]LogTargetPlatformManager: Display: Loaded TargetPlatform 'Lumin'
[2022.09.12-18.45.35:199][  0]LogTargetPlatformManager: Display: Loaded TargetPlatform 'LuminClient'
[2022.09.12-18.45.35:206][  0]LogTargetPlatformManager: Display: Loaded TargetPlatform 'MacNoEditor'
[2022.09.12-18.45.35:210][  0]LogTargetPlatformManager: Display: Loaded TargetPlatform 'Mac'
[2022.09.12-18.45.35:214][  0]LogTargetPlatformManager: Display: Loaded TargetPlatform 'MacClient'
[2022.09.12-18.45.35:217][  0]LogTargetPlatformManager: Display: Loaded TargetPlatform 'MacServer'
[2022.09.12-18.45.35:228][  0]LogTargetPlatformManager: Display: Loaded TargetPlatform 'TVOSClient'
[2022.09.12-18.45.35:228][  0]LogTargetPlatformManager: Display: Loaded TargetPlatform 'TVOS'
[2022.09.12-18.45.35:236][  0]LogTargetPlatformManager: Display: Loaded TargetPlatform 'WindowsNoEditor'
[2022.09.12-18.45.35:240][  0]LogTargetPlatformManager: Display: Loaded TargetPlatform 'Windows'
[2022.09.12-18.45.35:244][  0]LogTargetPlatformManager: Display: Loaded TargetPlatform 'WindowsClient'
[2022.09.12-18.45.35:247][  0]LogTargetPlatformManager: Display: Loaded TargetPlatform 'WindowsServer'
[2022.09.12-18.45.35:247][  0]LogTargetPlatformManager: Display: Building Assets For Windows
[2022.09.12-18.45.35:253][  0]LogAudioDebug: Display: Lib vorbis DLL was dynamically loaded.
[2022.09.12-18.45.35:281][  0]LogTextureFormatOodle: Display: Oodle Texture 2.9.0 init RDO Off
[2022.09.12-18.45.35:306][  0]LogRendererCore: Ray tracing is disabled. Reason: r.RayTracing=0.
[2022.09.12-18.45.35:306][  0]LogShaderCompilers: Guid format shader working directory is 2 characters bigger than the processId version (E:/ALONE Survivor/BlackWinter2/BlackWinter2/Intermediate/Shaders/WorkingDirectory/24108/).
[2022.09.12-18.45.35:306][  0]LogShaderCompilers: Cleaned the shader compiler working directory 'C:/Users/kaiko/AppData/Local/Temp/UnrealShaderWorkingDir/7D2F580D4F47B1F892FCDF9F653F08AE/'.
[2022.09.12-18.45.35:306][  0]LogXGEController: Cannot use XGE Controller as Incredibuild is not installed on this machine.
[2022.09.12-18.45.35:306][  0]LogShaderCompilers: Cannot use XGE Shader Compiler as Incredibuild is not installed on this machine.
[2022.09.12-18.45.35:306][  0]LogShaderCompilers: Display: Using Local Shader Compiler.
[2022.09.12-18.45.35:974][  0]LogDerivedDataCache: Display: Max Cache Size: 512 MB
[2022.09.12-18.45.36:029][  0]LogDerivedDataCache: Loaded boot cache 0.05s 94MB C:/Users/kaiko/AppData/Local/UnrealEngine/4.27/DerivedDataCache/Boot.ddc.
[2022.09.12-18.45.36:029][  0]LogDerivedDataCache: Display: Loaded Boot cache: C:/Users/kaiko/AppData/Local/UnrealEngine/4.27/DerivedDataCache/Boot.ddc
[2022.09.12-18.45.36:029][  0]LogDerivedDataCache: FDerivedDataBackendGraph:  Pak pak cache file E:/ALONE Survivor/BlackWinter2/BlackWinter2/DerivedDataCache/DDC.ddp not found, will not use a pak cache.
[2022.09.12-18.45.36:029][  0]LogDerivedDataCache: Unable to find inner node Pak for hierarchical cache Hierarchy.
[2022.09.12-18.45.36:029][  0]LogDerivedDataCache: FDerivedDataBackendGraph:  CompressedPak pak cache file E:/ALONE Survivor/BlackWinter2/BlackWinter2/DerivedDataCache/Compressed.ddp not found, will not use a pak cache.
[2022.09.12-18.45.36:029][  0]LogDerivedDataCache: Unable to find inner node CompressedPak for hierarchical cache Hierarchy.
[2022.09.12-18.45.36:043][  0]LogDerivedDataCache: Display: Pak cache opened for reading ../../../Engine/DerivedDataCache/Compressed.ddp.
[2022.09.12-18.45.36:043][  0]LogDerivedDataCache: FDerivedDataBackendGraph:  EnterprisePak pak cache file ../../../Enterprise/DerivedDataCache/Compressed.ddp not found, will not use a pak cache.
[2022.09.12-18.45.36:043][  0]LogDerivedDataCache: Unable to find inner node EnterprisePak for hierarchical cache Hierarchy.
[2022.09.12-18.45.36:065][  0]LogDerivedDataCache: Speed tests for C:/Users/kaiko/AppData/Local/UnrealEngine/Common/DerivedDataCache took 0.02 seconds
[2022.09.12-18.45.36:065][  0]LogDerivedDataCache: Display: Performance to C:/Users/kaiko/AppData/Local/UnrealEngine/Common/DerivedDataCache: Latency=0.03ms. RandomReadSpeed=286.25MBs, RandomWriteSpeed=53.84MBs. Assigned SpeedClass 'Local'
[2022.09.12-18.45.36:065][  0]LogDerivedDataCache: Using Local data cache path C:/Users/kaiko/AppData/Local/UnrealEngine/Common/DerivedDataCache: Writable
[2022.09.12-18.45.36:065][  0]LogDerivedDataCache: Shared data cache path not found in *engine.ini, will not use an Shared cache.
[2022.09.12-18.45.36:065][  0]LogDerivedDataCache: Unable to find inner node Shared for hierarchical cache Hierarchy.
[2022.09.12-18.45.36:102][  0]LogSlate: Using FreeType 2.10.0
[2022.09.12-18.45.36:103][  0]LogSlate: SlateFontServices - WITH_FREETYPE: 1, WITH_HARFBUZZ: 1
[2022.09.12-18.45.36:126][  0]LogAssetRegistry: FAssetRegistry took 0.0028 seconds to start up
[2022.09.12-18.45.36:322][  0]LogInit: Selected Device Profile: [Windows]
[2022.09.12-18.45.36:323][  0]LogInit: Active device profile: [000002289ED8EE00][000002289D87BB00 49] Windows
[2022.09.12-18.45.36:323][  0]LogInit: Profiles: [000002289ED8EE00][000002289D87BB00 49] Windows, [000002289ECF1600][000002289D710100 49] WindowsNoEditor, [000002289ED8E300][000002289D88A280 49] WindowsServer, [000002289ECF3100][0000022898DA8400 49] WindowsClient, [000002289ED8C900][000002289D87E540 49] IOS, [000002289ECF3200][0000022898DFC680 49] iPadAir, [000002289ED8DD00][000002289D4027C0 49] iPadAir2, [000002289FC88E00][000002289D47CA40 49] IPadPro, [000002289FC88F00][000002289D474A80 49] iPadAir3, [000002289ECF1500][000002289CFEEC00 49] iPadAir4, [000002289FC89B00][000002289CFF2D80 49] iPadMini2, [000002289ECF0900][000002289D026F00 49] iPadMini3, [000002289FC8B600][000002289D03B080 49] iPadMini4, [000002289ECF2F00][000002289D03F200 49] iPadMini5, [000002289FC90600][00000228992834C0 49] iPhone6, [000002289FC90700][000002289D043500 49] iPodTouch6, [000002289ED8F300][000002289928F7C0 49] iPhone7, [000002289ED8FD00][000002289928B800 49] iPodTouch7, [000002289FC90300][0000022899293980 49] iPhone5S, [000002289FC88400][0000022899297B00 49] iPhone6Plus, [000002289FC93800][000002289D046100 49] iPhone6S, [000002289FC89500][000002289D04A280 49] iPhone6SPlus, [000002289FC92100][000002289D04E400 49] iPhone7Plus, [000002289FC88500][000002289D052580 49] iPhoneSE, [000002289FC92F00][000002289D056700 49] iPhone8, [000002289FC8A900][000002289D478840 49] iPhone8Plus, [000002289ED8F200][000002289D05A980 49] iPhoneX, [000002289FC88300][000002289D05EAC0 49] iPhoneXS, [000002289ED8F700][000002289D066C40 49] iPhoneXSMax, [000002289FC8BE00][000002289D06ADC0 49] iPhoneXR, [000002289ED8D600][0000022898DB8F40 49] iPhone11, [000002289FC8B500][0000022898DD10C0 49] iPhone11Pro, [000002289ED8C300][0000022898DF7240 49] iPhone11ProMax, [000002289FC8AC00][000002289D2E93C0 49] iPhoneSE2, [000002289ED8E100][000002289D2ED540 49] iPhone12Mini, [000002289FC88800][000002289D2F16C0 49] iPhone12, [000002289ED8E000][000002289D2F5840 49] iPhone12Pro, [000002289FC88D00][000002289D2F99C0 49] iPhone12ProMax, [000002289ED8D500][000002289D2FDB40 49] iPadPro105, [000002289FC8AD00][000002289D304140 49] iPadPro129, [000002289ED8E900][000002289D3082C0 49] iPadPro97, [000002289FC89C00][000002289D30C440 49] iPadPro2_129, [000002289ED8D800][000002289D3105C0 49] iPad5, [000002289FC8AE00][000002289D314740 49] iPad6, [000002289ED8CE00][000002289D31C8C0 49] iPad7, [000002289FC89E00][000002289D062A00 49] iPad8, [000002289ED8E600][000002289D320B40 49] iPadPro11, [000002289FC8AA00][000002289D324C80 49] iPadPro2_11, [000002289ED8DC00][000002289D328DC0 49] iPadPro3_129, [000002289FC8B200][000002289D436F40 49] iPadPro4_129, [000002289ED8F600][000002289D43B0C0 49] AppleTV, [000002289FC89600][000002289D461240 49] AppleTV4K, [000002289ED8C200][00000228992793C0 49] TVOS, [000002289FC8A700][000002289927D540 49] Mac, [000002289ED8F900][000002289D4656C0 49] MacClient, [000002289FC89800][000002289D469840 49] MacNoEditor, [000002289ED8D100][000002289D46D9C0 49] MacServer, [000002289FC88B00][000002289D471B40 49] Linux, [000002289ED8DA00][0000022899286140 49] LinuxAArch64, [000002289FC8A400][000002289D8822C0 49] LinuxNoEditor, [000002289ED8D300][000002289D886440 49] LinuxAArch64NoEditor, [000002289FC8BA00][000002289D3185C0 49] LinuxClient, [000002289ED8C100][000002289D300740 49] LinuxAArch64Client, [000002289FC89300][000002289D6E88C0 49] LinuxServer, [000002289ED8EA00][000002289D6ECA40 49] LinuxAArch64Server, [000002289FC8BF00][000002289D432B80 49] Android, [000002289ED8E700][000002289D6F0CC0 49] Android_Low, [000002289FC88900][000002289D6F4E00 49] Android_Mid, [000002289ED8F400][000002289D6F8F40 49] Android_High, [000002289FC8B400][000002289D7010C0 49] Android_Default, [000002289ECF1400][000002289D705240 49] Android_Adreno4xx, [000002289FC91E00][000002289D7093C0 49] Android_Adreno5xx_Low, [000002289ECF1B00][000002289D70D540 49] Android_Adreno5xx, [000002289FC91C00][00000228991796C0 49] Android_Adreno6xx, [000002289ECF2100][000002289917D840 49] Android_Adreno6xx_Vulkan, [000002289FC90800][00000228991819C0 49] Android_Mali_T6xx, [000002289ECF2600][0000022899185B40 49] Android_Mali_T7xx, [000002289FC93F00][0000022899188140 49] Android_Mali_T8xx, [000002289ECF1300][000002289918C2C0 49] Android_Mali_G71, [000002289FC92B00][0000022899190440 49] Android_Mali_G72, [000002289ECF3300][00000228991945C0 49] Android_Mali_G72_Vulkan, [000002289FC91300][0000022899198740 49] Android_Mali_G76, [000002289ECF1F00][000002289919C8C0 49] Android_Mali_G76_Vulkan, [000002289FC91800][00000228991A0A40 49] Android_Mali_G77, [000002289ECF0800][00000228991A4BC0 49] Android_Mali_G77_Vulkan, [000002289FC90D00][00000228991A8D40 49] Android_Mali_G78, [000002289ECF2900][000002289D6FCE80 49] Android_Mali_G78_Vulkan, [000002289FC92200][00000228991ACFC0 49] Android_Mali_G710, [000002289ECF1C00][00000228991B1100 49] Android_Mali_G710_Vulkan, [000002289FC90A00][00000228991B9280 49] Android_Vulkan_SM5, [000002289ECF0100][00000228991BD400 49] Android_PowerVR_G6xxx, [000002289FC92000][00000228991C1580 49] Android_PowerVR_GT7xxx, [000002289ECF1E00][00000228991C5700 49] Android_PowerVR_GE8xxx, [000002289FC91A00][00000228991C9880 49] Android_PowerVR_GM9xxx, [000002289ECF3000][00000228991CDA00 49] Android_PowerVR_GM9xxx_Vulkan, [000002289FC90500][00000228991D1B80 49] Android_TegraK1, [000002289FC8B800][00000228991D4180 49] Android_Unknown_Vulkan, [000002289FC91400][00000228991D8300 49] Lumin, [000002289FC88A00][00000228991DC480 49] Lumin_Desktop, [000002289FC90200][00000228991E0600 49] HoloLens, 
[2022.09.12-18.45.36:490][  0]LogMeshReduction: Using QuadricMeshReduction for automatic static mesh reduction
[2022.09.12-18.45.36:490][  0]LogMeshReduction: Using SimplygonMeshReduction for automatic skeletal mesh reduction
[2022.09.12-18.45.36:490][  0]LogMeshReduction: Using ProxyLODMeshReduction for automatic mesh merging
[2022.09.12-18.45.36:490][  0]LogMeshReduction: No distributed automatic mesh merging module available
[2022.09.12-18.45.36:490][  0]LogMeshMerging: No distributed automatic mesh merging module available
[2022.09.12-18.45.36:504][  0]LogNetVersion: BlackWinter2 1.0.0, NetCL: 17155196, EngineNetVer: 17, GameNetVer: 0 (Checksum: 655502877)
[2022.09.12-18.45.36:820][  0]LogTexture: Default maximum texture size for cubemaps generated from long-lat sources has been changed from 512 to unlimited. In order to preserve old behaiour for '/Engine/MapTemplates/Sky/DaylightAmbientCubemap.DaylightAmbientCubemap', its maximum texture size has been explicitly set to 512.
[2022.09.12-18.45.36:871][  0]LogHMD: PokeAHoleMaterial loaded successfully
[2022.09.12-18.45.36:877][  0]LogUObjectArray: 17178 objects as part of root set at end of initial load.
[2022.09.12-18.45.36:877][  0]LogUObjectAllocator: 4302048 out of 0 bytes used by permanent object pool.
[2022.09.12-18.45.36:877][  0]LogUObjectArray: CloseDisregardForGC: 0/0 objects in disregard for GC pool
[2022.09.12-18.45.37:095][  0]LogNiagaraDebuggerClient: Niagara Debugger Client Initialized | Session: D108F5704CF8C7B58F7E56BAEE679676 | Instance: A515F5994FDEA7B99DF73C9F61621E25 (DESKTOP-4H0QURC-24108).
[2022.09.12-18.45.37:196][  0]LogPython: Using Python 3.7.7
[2022.09.12-18.45.37:647][  0]LogTcpMessaging: Initializing TcpMessaging bridge
[2022.09.12-18.45.37:654][  0]LogUdpMessaging: Initializing bridge on interface 0.0.0.0:0 to multicast group 230.0.0.1:6666.
[2022.09.12-18.45.38:013][  0]LogOpenImageDenoise: OIDN starting up
[2022.09.12-18.45.38:038][  0]LogAndroidPermission: UAndroidPermissionCallbackProxy::GetInstance
[2022.09.12-18.45.38:052][  0]LogAudioCaptureCore: Display: No Audio Capture implementations found. Audio input will be silent.
[2022.09.12-18.45.38:052][  0]LogAudioCaptureCore: Display: No Audio Capture implementations found. Audio input will be silent.
[2022.09.12-18.45.38:183][  0]SourceControl: Source control is disabled
[2022.09.12-18.45.38:183][  0]SourceControl: Source control is disabled
[2022.09.12-18.45.38:185][  0]SourceControl: Source control is disabled
[2022.09.12-18.45.38:188][  0]SourceControl: Source control is disabled
[2022.09.12-18.45.38:194][  0]SourceControl: Source control is disabled
[2022.09.12-18.45.38:199][  0]LogUProjectInfo: Found projects:
[2022.09.12-18.45.38:205][  0]LogVSAccessor: Display: Unable to create Visual Studio setup instance: 80040154
[2022.09.12-18.45.38:206][  0]LogVSAccessor: Display: Unable to create Visual Studio setup instance: 80040154
[2022.09.12-18.45.38:206][  0]LogVSAccessor: Display: Unable to create Visual Studio setup instance: 80040154
[2022.09.12-18.45.38:215][  0]LogCollectionManager: Loaded 0 collections in 0.001626 seconds
[2022.09.12-18.45.38:240][  0]LogFileCache: Scanning file cache for directory 'E:/ALONE Survivor/BlackWinter2/BlackWinter2/Saved/Collections/' took 0.00s
[2022.09.12-18.45.38:240][  0]LogFileCache: Scanning file cache for directory 'E:/ALONE Survivor/BlackWinter2/BlackWinter2/Content/Developers/kaiko/Collections/' took 0.00s
[2022.09.12-18.45.38:240][  0]LogFileCache: Scanning file cache for directory 'E:/ALONE Survivor/BlackWinter2/BlackWinter2/Content/Collections/' took 0.00s
[2022.09.12-18.45.38:240][  0]LogOcInput: OculusInput pre-init called
[2022.09.12-18.45.38:465][  0]LogEngine: Initializing Engine...
[2022.09.12-18.45.38:573][  0]LogHMD: Failed to initialize OpenVR with code 108
[2022.09.12-18.45.38:584][  0]LogHMD: Optional extension XR_VARJO_quad_views is not available
[2022.09.12-18.45.38:584][  0]LogHMD: Warning: Required extension XR_EXT_eye_gaze_interaction is not available
[2022.09.12-18.45.38:584][  0]LogHMD: Could not enable all required OpenXR extensions for OpenXREyeTracker on current system. This plugin will be loaded but ignored, but will be enabled on a target platform that supports the required extension.
[2022.09.12-18.45.38:642][  0]LogHMD: Failed to create an OpenXR instance, result is XR_ERROR_RUNTIME_FAILURE. Please check if you have an OpenXR runtime installed. The following extensions were enabled:
[2022.09.12-18.45.38:642][  0]LogHMD: - XR_KHR_D3D11_enable
[2022.09.12-18.45.38:642][  0]LogHMD: - XR_KHR_D3D12_enable
[2022.09.12-18.45.38:642][  0]LogHMD: - XR_KHR_opengl_enable
[2022.09.12-18.45.38:642][  0]LogHMD: - XR_KHR_vulkan_enable
[2022.09.12-18.45.38:642][  0]LogHMD: - XR_KHR_composition_layer_depth
[2022.09.12-18.45.38:642][  0]LogHMD: - XR_KHR_visibility_mask
[2022.09.12-18.45.38:642][  0]LogHMD: - XR_EXT_hand_tracking
[2022.09.12-18.45.38:642][  0]LogMagicLeap: Warning: VR disabled because ZI is not enabled.  To enable, in the editor, Edit -> Project Settings -> Plugins -> Magic Leap Plugin -> Enable Zero Iteration
[2022.09.12-18.45.38:643][  0]LogStats: UGameplayTagsManager::InitializeManager -  0.000 s
[2022.09.12-18.45.38:781][  0]LogInit: Initializing FReadOnlyCVARCache
[2022.09.12-18.45.38:790][  0]LogAIModule: Creating AISystem for world Untitled
[2022.09.12-18.45.38:792][  0]LogAudio: Display: Initializing Audio Device Manager...
[2022.09.12-18.45.38:795][  0]LogAudio: Display: Loading Default Audio Settings Objects...
[2022.09.12-18.45.38:795][  0]LogAudio: Display: No default SoundConcurrencyObject specified (or failed to load).
[2022.09.12-18.45.38:796][  0]LogAudio: Display: Audio Device Manager Initialized
[2022.09.12-18.45.38:796][  0]LogAudio: Display: Creating Audio Device:                 Id: 1, Scope: Shared, Realtime: True
[2022.09.12-18.45.38:796][  0]LogAudioMixer: Display: Audio Mixer Platform Settings:
[2022.09.12-18.45.38:796][  0]LogAudioMixer: Display: 	Sample Rate:						  48000
[2022.09.12-18.45.38:796][  0]LogAudioMixer: Display: 	Callback Buffer Frame Size Requested: 1024
[2022.09.12-18.45.38:796][  0]LogAudioMixer: Display: 	Callback Buffer Frame Size To Use:	  1024
[2022.09.12-18.45.38:796][  0]LogAudioMixer: Display: 	Number of buffers to queue:			  2
[2022.09.12-18.45.38:796][  0]LogAudioMixer: Display: 	Max Channels (voices):				  32
[2022.09.12-18.45.38:796][  0]LogAudioMixer: Display: 	Number of Async Source Workers:		  0
[2022.09.12-18.45.38:796][  0]LogAudio: Display: AudioDevice MaxSources: 32
[2022.09.12-18.45.38:796][  0]LogAudio: Display: Audio Spatialization Plugin: None (built-in).
[2022.09.12-18.45.38:796][  0]LogAudio: Display: Audio Reverb Plugin: None (built-in).
[2022.09.12-18.45.38:796][  0]LogAudio: Display: Audio Occlusion Plugin: None (built-in).
[2022.09.12-18.45.38:796][  0]LogAudioMixer: Display: Initializing audio mixer.
[2022.09.12-18.45.38:817][  0]LogAudioMixer: Display: 0: FrontLeft
[2022.09.12-18.45.38:817][  0]LogAudioMixer: Display: 1: FrontRight
[2022.09.12-18.45.38:817][  0]LogAudioMixer: Display: 2: FrontCenter
[2022.09.12-18.45.38:817][  0]LogAudioMixer: Display: 3: LowFrequency
[2022.09.12-18.45.38:817][  0]LogAudioMixer: Display: 4: BackLeft
[2022.09.12-18.45.38:817][  0]LogAudioMixer: Display: 5: BackRight
[2022.09.12-18.45.38:837][  0]LogAudioMixer: Display: Using Audio Device Speakers (3- Sound BlasterX AE-5 Plus)
[2022.09.12-18.45.38:839][  0]LogAudioMixer: Display: Initializing Sound Submixes...
[2022.09.12-18.45.38:841][  0]LogAudioMixer: Display: Creating Master Submix 'MasterSubmixDefault'
[2022.09.12-18.45.38:841][  0]LogAudioMixer: Display: Creating Master Submix 'MasterReverbSubmixDefault'
[2022.09.12-18.45.38:842][  0]LogAudioMixer: Display: Creating Master Submix 'MasterEQSubmixDefault'
[2022.09.12-18.45.38:843][  0]LogAudioMixer: FMixerPlatformXAudio2::StartAudioStream() called
[2022.09.12-18.45.38:843][  0]LogAudioMixer: Display: Output buffers initialized: Frames=1024, Channels=6, Samples=6144
[2022.09.12-18.45.38:843][  0]LogAudioMixer: Display: Starting AudioMixerPlatformInterface::RunInternal()
[2022.09.12-18.45.38:843][  0]LogAudioMixer: Display: FMixerPlatformXAudio2::SubmitBuffer() called for the first time
[2022.09.12-18.45.38:843][  0]LogInit: FAudioDevice initialized.
[2022.09.12-18.45.38:844][  0]LogAudio: Display: Audio Device (ID: 1) registered with world 'Untitled'.
[2022.09.12-18.45.38:844][  0]LogNetVersion: Set ProjectVersion to 1.0.0.0. Version Checksum will be recalculated on next use.
[2022.09.12-18.45.38:989][  0]LogDerivedDataCache: Saved boot cache 0.15s 94MB C:/Users/kaiko/AppData/Local/UnrealEngine/4.27/DerivedDataCache/Boot.ddc.
[2022.09.12-18.45.38:990][  0]LogInit: Texture streaming: Enabled
[2022.09.12-18.45.39:000][  0]LogAnalytics: Display: [UEEditor.Rocket.Release] APIServer = https://datarouter.ol.epicgames.com/. AppVersion = 4.27.2-18319896+++UE4+Release-4.27
[2022.09.12-18.45.39:003][  0]LogEngineSessionManager: EngineSessionManager initialized
[2022.09.12-18.45.39:003][  0]LogEditorSessionSummary: Verbose: Initializing EditorSessionSummaryWriter for editor session tracking
[2022.09.12-18.45.39:006][  0]LogEditorSessionSummary: EditorSessionSummaryWriter initialized
[2022.09.12-18.45.39:179][  0]LogInit: Transaction tracking system initialized
[2022.09.12-18.45.39:196][  0]BlueprintLog: New page: Editor Load
[2022.09.12-18.45.39:252][  0]LocalizationService: Localization service is disabled
[2022.09.12-18.45.39:280][  0]TimingProfiler: Initialize
[2022.09.12-18.45.39:280][  0]TimingProfiler: OnSessionChanged
[2022.09.12-18.45.39:280][  0]LoadingProfiler: Initialize
[2022.09.12-18.45.39:281][  0]LoadingProfiler: OnSessionChanged
[2022.09.12-18.45.39:281][  0]NetworkingProfiler: Initialize
[2022.09.12-18.45.39:281][  0]NetworkingProfiler: OnSessionChanged
[2022.09.12-18.45.39:281][  0]MemoryProfiler: Initialize
[2022.09.12-18.45.39:281][  0]MemoryProfiler: OnSessionChanged
[2022.09.12-18.45.39:346][  0]LogVSAccessor: Display: Unable to create Visual Studio setup instance: 80040154
[2022.09.12-18.45.39:347][  0]LogVSAccessor: Display: Unable to create Visual Studio setup instance: 80040154
[2022.09.12-18.45.39:347][  0]LogVSAccessor: Display: Unable to create Visual Studio setup instance: 80040154
[2022.09.12-18.45.39:438][  0]LogCook: Display: CookSettings for Memory: MemoryMaxUsedVirtual 0MiB, MemoryMaxUsedPhysical 16384MiB, MemoryMinFreeVirtual 0MiB, MemoryMinFreePhysical 1024MiB
[2022.09.12-18.45.39:438][  0]LogCook: Display: Mobile HDR setting 1
[2022.09.12-18.45.39:590][  0]LogFileCache: Scanning file cache for directory 'E:/ALONE Survivor/BlackWinter2/BlackWinter2/Content/' took 0.00s
[2022.09.12-18.45.39:766][  0]LogInit: Display: Engine is initialized. Leaving FEngineLoop::Init()
[2022.09.12-18.45.39:769][  0]SourceControl: Source control is disabled
[2022.09.12-18.45.39:769][  0]LogUnrealEdMisc: Loading editor; pre map load, took 13.101
[2022.09.12-18.45.39:769][  0]Cmd: MAP LOAD FILE="E:/ALONE Survivor/BlackWinter2/BlackWinter2/Content/StarterContent/Maps/Minimal_Default.umap" TEMPLATE=0 SHOWPROGRESS=1 FEATURELEVEL=3
[2022.09.12-18.45.39:770][  0]LightingResults: New page: Lighting Build
[2022.09.12-18.45.39:771][  0]LogWorld: UWorld::CleanupWorld for Untitled, bSessionEnded=true, bCleanupResources=true
[2022.09.12-18.45.39:772][  0]LogSlate: InvalidateAllWidgets triggered.  All widgets were invalidated
[2022.09.12-18.45.39:772][  0]MapCheck: New page: Map Check
[2022.09.12-18.45.39:772][  0]LightingResults: New page: Lighting Build
[2022.09.12-18.45.39:777][  0]LogAudio: Display: Audio Device unregistered from world 'None'.
[2022.09.12-18.45.39:780][  0]LogUObjectHash: Compacting FUObjectHashTables data took   0.64ms
[2022.09.12-18.45.39:894][  0]LogTexture: Display: Building textures: DeprecatedTextureD6C57B644F03DADF4F2699848FAEA3C3 (BGRA8, 128X128)
[2022.09.12-18.45.39:898][  0]LogTexture: Display: Building textures: DeprecatedTexture8D91C9AE4C6B8D628CDA3C848426284A (BGRA8, 128X128)
[2022.09.12-18.45.39:915][  0]LogAudio: Display: Audio Device (ID: 1) registered with world 'Minimal_Default'.
[2022.09.12-18.45.39:916][  0]LogAIModule: Creating AISystem for world Minimal_Default
[2022.09.12-18.45.39:921][  0]LogEditorServer: Finished looking for orphan Actors (0.000 secs)
[2022.09.12-18.45.39:934][  0]LogUObjectHash: Compacting FUObjectHashTables data took   0.76ms
[2022.09.12-18.45.39:934][  0]Cmd: MAP CHECKDEP NOCLEARLOG
[2022.09.12-18.45.39:934][  0]MapCheck: Map check complete: 0 Error(s), 0 Warning(s), took 0.13ms to complete.
[2022.09.12-18.45.39:934][  0]LogFileHelpers: Loading map 'Minimal_Default' took 0.165
[2022.09.12-18.45.39:936][  0]LogUnrealEdMisc: Total Editor Startup Time, took 13.267
[2022.09.12-18.45.40:119][  0]LogSlate: Updating window title bar state: overlay mode, drag disabled, window buttons hidden, title bar hidden
[2022.09.12-18.45.40:124][  0]LogSlate: Updating window title bar state: overlay mode, drag disabled, window buttons hidden, title bar hidden
[2022.09.12-18.45.40:131][  0]LogSlate: Updating window title bar state: overlay mode, drag disabled, window buttons hidden, title bar hidden
[2022.09.12-18.45.40:137][  0]LogSlate: Updating window title bar state: overlay mode, drag disabled, window buttons hidden, title bar hidden
[2022.09.12-18.45.40:148][  0]LogNativeClassHierarchy: Verbose: Native class hierarchy populated in 0.0080 seconds. Added 3822 classes and 928 folders.
[2022.09.12-18.45.40:165][  0]LogNativeClassHierarchy: Verbose: Native class hierarchy updated for 'WidgetCarousel' in 0.0002 seconds. Added 0 classes and 0 folders.
[2022.09.12-18.45.40:166][  0]LogPakFile: PakFile PrimaryIndexSize=187
[2022.09.12-18.45.40:166][  0]LogPakFile: PakFile PathHashIndexSize=101
[2022.09.12-18.45.40:166][  0]LogPakFile: PakFile FullDirectoryIndexSize=148
[2022.09.12-18.45.40:166][  0]LogShaderLibrary: Display: ShaderCodeLibraryPakFileMountedCallback: PakFile 'C:/Program Files/Epic Games/UE_4.27/FeaturePacks/FP_FirstPerson.upack' (chunk index -1, root 'root:/') mounted
[2022.09.12-18.45.40:166][  0]LogShaderLibrary: Display: ShaderCodeLibraryPakFileMountedCallback: pending pak file info (ChunkID:-1 Root:root:/ File:C:/Program Files/Epic Games/UE_4.27/FeaturePacks/FP_FirstPerson.upack)
[2022.09.12-18.45.40:166][  0]LogPakFile: OnPakFileMounted2Time == 0.000062
[2022.09.12-18.45.40:167][  0]LogPakFile: PakFile PrimaryIndexSize=189
[2022.09.12-18.45.40:167][  0]LogPakFile: PakFile PathHashIndexSize=101
[2022.09.12-18.45.40:167][  0]LogPakFile: PakFile FullDirectoryIndexSize=152
[2022.09.12-18.45.40:167][  0]LogShaderLibrary: Display: ShaderCodeLibraryPakFileMountedCallback: PakFile 'C:/Program Files/Epic Games/UE_4.27/FeaturePacks/FP_FirstPersonBP.upack' (chunk index -1, root 'root:/') mounted
[2022.09.12-18.45.40:167][  0]LogShaderLibrary: Display: ShaderCodeLibraryPakFileMountedCallback: pending pak file info (ChunkID:-1 Root:root:/ File:C:/Program Files/Epic Games/UE_4.27/FeaturePacks/FP_FirstPersonBP.upack)
[2022.09.12-18.45.40:167][  0]LogPakFile: OnPakFileMounted2Time == 0.000034
[2022.09.12-18.45.40:167][  0]LogPakFile: PakFile PrimaryIndexSize=191
[2022.09.12-18.45.40:167][  0]LogPakFile: PakFile PathHashIndexSize=101
[2022.09.12-18.45.40:167][  0]LogPakFile: PakFile FullDirectoryIndexSize=160
[2022.09.12-18.45.40:167][  0]LogShaderLibrary: Display: ShaderCodeLibraryPakFileMountedCallback: PakFile 'C:/Program Files/Epic Games/UE_4.27/FeaturePacks/MobileStarterContent.upack' (chunk index -1, root 'root:/') mounted
[2022.09.12-18.45.40:167][  0]LogShaderLibrary: Display: ShaderCodeLibraryPakFileMountedCallback: pending pak file info (ChunkID:-1 Root:root:/ File:C:/Program Files/Epic Games/UE_4.27/FeaturePacks/MobileStarterContent.upack)
[2022.09.12-18.45.40:167][  0]LogPakFile: OnPakFileMounted2Time == 0.000029
[2022.09.12-18.45.40:168][  0]LogPakFile: PakFile PrimaryIndexSize=185
[2022.09.12-18.45.40:168][  0]LogPakFile: PakFile PathHashIndexSize=101
[2022.09.12-18.45.40:168][  0]LogPakFile: PakFile FullDirectoryIndexSize=148
[2022.09.12-18.45.40:168][  0]LogShaderLibrary: Display: ShaderCodeLibraryPakFileMountedCallback: PakFile 'C:/Program Files/Epic Games/UE_4.27/FeaturePacks/StarterContent.upack' (chunk index -1, root 'root:/') mounted
[2022.09.12-18.45.40:168][  0]LogShaderLibrary: Display: ShaderCodeLibraryPakFileMountedCallback: pending pak file info (ChunkID:-1 Root:root:/ File:C:/Program Files/Epic Games/UE_4.27/FeaturePacks/StarterContent.upack)
[2022.09.12-18.45.40:168][  0]LogPakFile: OnPakFileMounted2Time == 0.000033
[2022.09.12-18.45.40:168][  0]LogPakFile: PakFile PrimaryIndexSize=190
[2022.09.12-18.45.40:168][  0]LogPakFile: PakFile PathHashIndexSize=101
[2022.09.12-18.45.40:169][  0]LogPakFile: PakFile FullDirectoryIndexSize=154
[2022.09.12-18.45.40:169][  0]LogShaderLibrary: Display: ShaderCodeLibraryPakFileMountedCallback: PakFile 'C:/Program Files/Epic Games/UE_4.27/FeaturePacks/TP_2DSideScroller.upack' (chunk index -1, root 'root:/') mounted
[2022.09.12-18.45.40:169][  0]LogShaderLibrary: Display: ShaderCodeLibraryPakFileMountedCallback: pending pak file info (ChunkID:-1 Root:root:/ File:C:/Program Files/Epic Games/UE_4.27/FeaturePacks/TP_2DSideScroller.upack)
[2022.09.12-18.45.40:169][  0]LogPakFile: OnPakFileMounted2Time == 0.000029
[2022.09.12-18.45.40:169][  0]LogPakFile: PakFile PrimaryIndexSize=192
[2022.09.12-18.45.40:169][  0]LogPakFile: PakFile PathHashIndexSize=101
[2022.09.12-18.45.40:169][  0]LogPakFile: PakFile FullDirectoryIndexSize=158
[2022.09.12-18.45.40:169][  0]LogShaderLibrary: Display: ShaderCodeLibraryPakFileMountedCallback: PakFile 'C:/Program Files/Epic Games/UE_4.27/FeaturePacks/TP_2DSideScrollerBP.upack' (chunk index -1, root 'root:/') mounted
[2022.09.12-18.45.40:169][  0]LogShaderLibrary: Display: ShaderCodeLibraryPakFileMountedCallback: pending pak file info (ChunkID:-1 Root:root:/ File:C:/Program Files/Epic Games/UE_4.27/FeaturePacks/TP_2DSideScrollerBP.upack)
[2022.09.12-18.45.40:169][  0]LogPakFile: OnPakFileMounted2Time == 0.000029
[2022.09.12-18.45.40:170][  0]LogPakFile: PakFile PrimaryIndexSize=182
[2022.09.12-18.45.40:170][  0]LogPakFile: PakFile PathHashIndexSize=101
[2022.09.12-18.45.40:170][  0]LogPakFile: PakFile FullDirectoryIndexSize=138
[2022.09.12-18.45.40:170][  0]LogShaderLibrary: Display: ShaderCodeLibraryPakFileMountedCallback: PakFile 'C:/Program Files/Epic Games/UE_4.27/FeaturePacks/TP_Flying.upack' (chunk index -1, root 'root:/') mounted
[2022.09.12-18.45.40:170][  0]LogShaderLibrary: Display: ShaderCodeLibraryPakFileMountedCallback: pending pak file info (ChunkID:-1 Root:root:/ File:C:/Program Files/Epic Games/UE_4.27/FeaturePacks/TP_Flying.upack)
[2022.09.12-18.45.40:170][  0]LogPakFile: OnPakFileMounted2Time == 0.000029
[2022.09.12-18.45.40:170][  0]LogPakFile: PakFile PrimaryIndexSize=184
[2022.09.12-18.45.40:170][  0]LogPakFile: PakFile PathHashIndexSize=101
[2022.09.12-18.45.40:170][  0]LogPakFile: PakFile FullDirectoryIndexSize=142
[2022.09.12-18.45.40:170][  0]LogShaderLibrary: Display: ShaderCodeLibraryPakFileMountedCallback: PakFile 'C:/Program Files/Epic Games/UE_4.27/FeaturePacks/TP_FlyingBP.upack' (chunk index -1, root 'root:/') mounted
[2022.09.12-18.45.40:170][  0]LogShaderLibrary: Display: ShaderCodeLibraryPakFileMountedCallback: pending pak file info (ChunkID:-1 Root:root:/ File:C:/Program Files/Epic Games/UE_4.27/FeaturePacks/TP_FlyingBP.upack)
[2022.09.12-18.45.40:170][  0]LogPakFile: OnPakFileMounted2Time == 0.000029
[2022.09.12-18.45.40:171][  0]LogPakFile: PakFile PrimaryIndexSize=188
[2022.09.12-18.45.40:171][  0]LogPakFile: PakFile PathHashIndexSize=101
[2022.09.12-18.45.40:171][  0]LogPakFile: PakFile FullDirectoryIndexSize=150
[2022.09.12-18.45.40:171][  0]LogShaderLibrary: Display: ShaderCodeLibraryPakFileMountedCallback: PakFile 'C:/Program Files/Epic Games/UE_4.27/FeaturePacks/TP_HandheldARBP.upack' (chunk index -1, root 'root:/') mounted
[2022.09.12-18.45.40:171][  0]LogShaderLibrary: Display: ShaderCodeLibraryPakFileMountedCallback: pending pak file info (ChunkID:-1 Root:root:/ File:C:/Program Files/Epic Games/UE_4.27/FeaturePacks/TP_HandheldARBP.upack)
[2022.09.12-18.45.40:171][  0]LogPakFile: OnPakFileMounted2Time == 0.000034
[2022.09.12-18.45.40:171][  0]LogPakFile: PakFile PrimaryIndexSize=182
[2022.09.12-18.45.40:171][  0]LogPakFile: PakFile PathHashIndexSize=101
[2022.09.12-18.45.40:171][  0]LogPakFile: PakFile FullDirectoryIndexSize=138
[2022.09.12-18.45.40:171][  0]LogShaderLibrary: Display: ShaderCodeLibraryPakFileMountedCallback: PakFile 'C:/Program Files/Epic Games/UE_4.27/FeaturePacks/TP_Puzzle.upack' (chunk index -1, root 'root:/') mounted
[2022.09.12-18.45.40:171][  0]LogShaderLibrary: Display: ShaderCodeLibraryPakFileMountedCallback: pending pak file info (ChunkID:-1 Root:root:/ File:C:/Program Files/Epic Games/UE_4.27/FeaturePacks/TP_Puzzle.upack)
[2022.09.12-18.45.40:171][  0]LogPakFile: OnPakFileMounted2Time == 0.000029
[2022.09.12-18.45.40:172][  0]LogPakFile: PakFile PrimaryIndexSize=184
[2022.09.12-18.45.40:172][  0]LogPakFile: PakFile PathHashIndexSize=101
[2022.09.12-18.45.40:172][  0]LogPakFile: PakFile FullDirectoryIndexSize=142
[2022.09.12-18.45.40:172][  0]LogShaderLibrary: Display: ShaderCodeLibraryPakFileMountedCallback: PakFile 'C:/Program Files/Epic Games/UE_4.27/FeaturePacks/TP_PuzzleBP.upack' (chunk index -1, root 'root:/') mounted
[2022.09.12-18.45.40:172][  0]LogShaderLibrary: Display: ShaderCodeLibraryPakFileMountedCallback: pending pak file info (ChunkID:-1 Root:root:/ File:C:/Program Files/Epic Games/UE_4.27/FeaturePacks/TP_PuzzleBP.upack)
[2022.09.12-18.45.40:172][  0]LogPakFile: OnPakFileMounted2Time == 0.000029
[2022.09.12-18.45.40:172][  0]LogPakFile: PakFile PrimaryIndexSize=183
[2022.09.12-18.45.40:173][  0]LogPakFile: PakFile PathHashIndexSize=101
[2022.09.12-18.45.40:173][  0]LogPakFile: PakFile FullDirectoryIndexSize=140
[2022.09.12-18.45.40:173][  0]LogShaderLibrary: Display: ShaderCodeLibraryPakFileMountedCallback: PakFile 'C:/Program Files/Epic Games/UE_4.27/FeaturePacks/TP_Rolling.upack' (chunk index -1, root 'root:/') mounted
[2022.09.12-18.45.40:173][  0]LogShaderLibrary: Display: ShaderCodeLibraryPakFileMountedCallback: pending pak file info (ChunkID:-1 Root:root:/ File:C:/Program Files/Epic Games/UE_4.27/FeaturePacks/TP_Rolling.upack)
[2022.09.12-18.45.40:173][  0]LogPakFile: OnPakFileMounted2Time == 0.000038
[2022.09.12-18.45.40:173][  0]LogPakFile: PakFile PrimaryIndexSize=185
[2022.09.12-18.45.40:173][  0]LogPakFile: PakFile PathHashIndexSize=101
[2022.09.12-18.45.40:173][  0]LogPakFile: PakFile FullDirectoryIndexSize=144
[2022.09.12-18.45.40:173][  0]LogShaderLibrary: Display: ShaderCodeLibraryPakFileMountedCallback: PakFile 'C:/Program Files/Epic Games/UE_4.27/FeaturePacks/TP_RollingBP.upack' (chunk index -1, root 'root:/') mounted
[2022.09.12-18.45.40:173][  0]LogShaderLibrary: Display: ShaderCodeLibraryPakFileMountedCallback: pending pak file info (ChunkID:-1 Root:root:/ File:C:/Program Files/Epic Games/UE_4.27/FeaturePacks/TP_RollingBP.upack)
[2022.09.12-18.45.40:173][  0]LogPakFile: OnPakFileMounted2Time == 0.000032
[2022.09.12-18.45.40:174][  0]LogPakFile: PakFile PrimaryIndexSize=188
[2022.09.12-18.45.40:174][  0]LogPakFile: PakFile PathHashIndexSize=101
[2022.09.12-18.45.40:174][  0]LogPakFile: PakFile FullDirectoryIndexSize=150
[2022.09.12-18.45.40:174][  0]LogShaderLibrary: Display: ShaderCodeLibraryPakFileMountedCallback: PakFile 'C:/Program Files/Epic Games/UE_4.27/FeaturePacks/TP_SideScroller.upack' (chunk index -1, root 'root:/') mounted
[2022.09.12-18.45.40:174][  0]LogShaderLibrary: Display: ShaderCodeLibraryPakFileMountedCallback: pending pak file info (ChunkID:-1 Root:root:/ File:C:/Program Files/Epic Games/UE_4.27/FeaturePacks/TP_SideScroller.upack)
[2022.09.12-18.45.40:174][  0]LogPakFile: OnPakFileMounted2Time == 0.000050
[2022.09.12-18.45.40:174][  0]LogPakFile: PakFile PrimaryIndexSize=190
[2022.09.12-18.45.40:174][  0]LogPakFile: PakFile PathHashIndexSize=101
[2022.09.12-18.45.40:174][  0]LogPakFile: PakFile FullDirectoryIndexSize=154
[2022.09.12-18.45.40:174][  0]LogShaderLibrary: Display: ShaderCodeLibraryPakFileMountedCallback: PakFile 'C:/Program Files/Epic Games/UE_4.27/FeaturePacks/TP_SideScrollerBP.upack' (chunk index -1, root 'root:/') mounted
[2022.09.12-18.45.40:174][  0]LogShaderLibrary: Display: ShaderCodeLibraryPakFileMountedCallback: pending pak file info (ChunkID:-1 Root:root:/ File:C:/Program Files/Epic Games/UE_4.27/FeaturePacks/TP_SideScrollerBP.upack)
[2022.09.12-18.45.40:174][  0]LogPakFile: OnPakFileMounted2Time == 0.000029
[2022.09.12-18.45.40:175][  0]LogPakFile: PakFile PrimaryIndexSize=187
[2022.09.12-18.45.40:175][  0]LogPakFile: PakFile PathHashIndexSize=101
[2022.09.12-18.45.40:175][  0]LogPakFile: PakFile FullDirectoryIndexSize=148
[2022.09.12-18.45.40:175][  0]LogShaderLibrary: Display: ShaderCodeLibraryPakFileMountedCallback: PakFile 'C:/Program Files/Epic Games/UE_4.27/FeaturePacks/TP_ThirdPerson.upack' (chunk index -1, root 'root:/') mounted
[2022.09.12-18.45.40:175][  0]LogShaderLibrary: Display: ShaderCodeLibraryPakFileMountedCallback: pending pak file info (ChunkID:-1 Root:root:/ File:C:/Program Files/Epic Games/UE_4.27/FeaturePacks/TP_ThirdPerson.upack)
[2022.09.12-18.45.40:175][  0]LogPakFile: OnPakFileMounted2Time == 0.000031
[2022.09.12-18.45.40:175][  0]LogPakFile: PakFile PrimaryIndexSize=189
[2022.09.12-18.45.40:175][  0]LogPakFile: PakFile PathHashIndexSize=101
[2022.09.12-18.45.40:175][  0]LogPakFile: PakFile FullDirectoryIndexSize=152
[2022.09.12-18.45.40:176][  0]LogShaderLibrary: Display: ShaderCodeLibraryPakFileMountedCallback: PakFile 'C:/Program Files/Epic Games/UE_4.27/FeaturePacks/TP_ThirdPersonBP.upack' (chunk index -1, root 'root:/') mounted
[2022.09.12-18.45.40:176][  0]LogShaderLibrary: Display: ShaderCodeLibraryPakFileMountedCallback: pending pak file info (ChunkID:-1 Root:root:/ File:C:/Program Files/Epic Games/UE_4.27/FeaturePacks/TP_ThirdPersonBP.upack)
[2022.09.12-18.45.40:176][  0]LogPakFile: OnPakFileMounted2Time == 0.000033
[2022.09.12-18.45.40:176][  0]LogPakFile: PakFile PrimaryIndexSize=183
[2022.09.12-18.45.40:176][  0]LogPakFile: PakFile PathHashIndexSize=101
[2022.09.12-18.45.40:176][  0]LogPakFile: PakFile FullDirectoryIndexSize=140
[2022.09.12-18.45.40:176][  0]LogShaderLibrary: Display: ShaderCodeLibraryPakFileMountedCallback: PakFile 'C:/Program Files/Epic Games/UE_4.27/FeaturePacks/TP_TopDown.upack' (chunk index -1, root 'root:/') mounted
[2022.09.12-18.45.40:176][  0]LogShaderLibrary: Display: ShaderCodeLibraryPakFileMountedCallback: pending pak file info (ChunkID:-1 Root:root:/ File:C:/Program Files/Epic Games/UE_4.27/FeaturePacks/TP_TopDown.upack)
[2022.09.12-18.45.40:176][  0]LogPakFile: OnPakFileMounted2Time == 0.000036
[2022.09.12-18.45.40:177][  0]LogPakFile: PakFile PrimaryIndexSize=185
[2022.09.12-18.45.40:177][  0]LogPakFile: PakFile PathHashIndexSize=101
[2022.09.12-18.45.40:177][  0]LogPakFile: PakFile FullDirectoryIndexSize=144
[2022.09.12-18.45.40:177][  0]LogShaderLibrary: Display: ShaderCodeLibraryPakFileMountedCallback: PakFile 'C:/Program Files/Epic Games/UE_4.27/FeaturePacks/TP_TopDownBP.upack' (chunk index -1, root 'root:/') mounted
[2022.09.12-18.45.40:177][  0]LogShaderLibrary: Display: ShaderCodeLibraryPakFileMountedCallback: pending pak file info (ChunkID:-1 Root:root:/ File:C:/Program Files/Epic Games/UE_4.27/FeaturePacks/TP_TopDownBP.upack)
[2022.09.12-18.45.40:177][  0]LogPakFile: OnPakFileMounted2Time == 0.000032
[2022.09.12-18.45.40:177][  0]LogPakFile: PakFile PrimaryIndexSize=185
[2022.09.12-18.45.40:177][  0]LogPakFile: PakFile PathHashIndexSize=101
[2022.09.12-18.45.40:177][  0]LogPakFile: PakFile FullDirectoryIndexSize=144
[2022.09.12-18.45.40:177][  0]LogShaderLibrary: Display: ShaderCodeLibraryPakFileMountedCallback: PakFile 'C:/Program Files/Epic Games/UE_4.27/FeaturePacks/TP_TwinStick.upack' (chunk index -1, root 'root:/') mounted
[2022.09.12-18.45.40:177][  0]LogShaderLibrary: Display: ShaderCodeLibraryPakFileMountedCallback: pending pak file info (ChunkID:-1 Root:root:/ File:C:/Program Files/Epic Games/UE_4.27/FeaturePacks/TP_TwinStick.upack)
[2022.09.12-18.45.40:177][  0]LogPakFile: OnPakFileMounted2Time == 0.000038
[2022.09.12-18.45.40:178][  0]LogPakFile: PakFile PrimaryIndexSize=187
[2022.09.12-18.45.40:178][  0]LogPakFile: PakFile PathHashIndexSize=101
[2022.09.12-18.45.40:178][  0]LogPakFile: PakFile FullDirectoryIndexSize=148
[2022.09.12-18.45.40:178][  0]LogShaderLibrary: Display: ShaderCodeLibraryPakFileMountedCallback: PakFile 'C:/Program Files/Epic Games/UE_4.27/FeaturePacks/TP_TwinStickBP.upack' (chunk index -1, root 'root:/') mounted
[2022.09.12-18.45.40:178][  0]LogShaderLibrary: Display: ShaderCodeLibraryPakFileMountedCallback: pending pak file info (ChunkID:-1 Root:root:/ File:C:/Program Files/Epic Games/UE_4.27/FeaturePacks/TP_TwinStickBP.upack)
[2022.09.12-18.45.40:178][  0]LogPakFile: OnPakFileMounted2Time == 0.000035
[2022.09.12-18.45.40:178][  0]LogPakFile: PakFile PrimaryIndexSize=183
[2022.09.12-18.45.40:178][  0]LogPakFile: PakFile PathHashIndexSize=101
[2022.09.12-18.45.40:178][  0]LogPakFile: PakFile FullDirectoryIndexSize=140
[2022.09.12-18.45.40:178][  0]LogShaderLibrary: Display: ShaderCodeLibraryPakFileMountedCallback: PakFile 'C:/Program Files/Epic Games/UE_4.27/FeaturePacks/TP_Vehicle.upack' (chunk index -1, root 'root:/') mounted
[2022.09.12-18.45.40:178][  0]LogShaderLibrary: Display: ShaderCodeLibraryPakFileMountedCallback: pending pak file info (ChunkID:-1 Root:root:/ File:C:/Program Files/Epic Games/UE_4.27/FeaturePacks/TP_Vehicle.upack)
[2022.09.12-18.45.40:178][  0]LogPakFile: OnPakFileMounted2Time == 0.000031
[2022.09.12-18.45.40:179][  0]LogPakFile: PakFile PrimaryIndexSize=186
[2022.09.12-18.45.40:179][  0]LogPakFile: PakFile PathHashIndexSize=101
[2022.09.12-18.45.40:179][  0]LogPakFile: PakFile FullDirectoryIndexSize=146
[2022.09.12-18.45.40:179][  0]LogShaderLibrary: Display: ShaderCodeLibraryPakFileMountedCallback: PakFile 'C:/Program Files/Epic Games/UE_4.27/FeaturePacks/TP_VehicleAdv.upack' (chunk index -1, root 'root:/') mounted
[2022.09.12-18.45.40:179][  0]LogShaderLibrary: Display: ShaderCodeLibraryPakFileMountedCallback: pending pak file info (ChunkID:-1 Root:root:/ File:C:/Program Files/Epic Games/UE_4.27/FeaturePacks/TP_VehicleAdv.upack)
[2022.09.12-18.45.40:179][  0]LogPakFile: OnPakFileMounted2Time == 0.000030
[2022.09.12-18.45.40:180][  0]LogPakFile: PakFile PrimaryIndexSize=188
[2022.09.12-18.45.40:180][  0]LogPakFile: PakFile PathHashIndexSize=101
[2022.09.12-18.45.40:180][  0]LogPakFile: PakFile FullDirectoryIndexSize=150
[2022.09.12-18.45.40:180][  0]LogShaderLibrary: Display: ShaderCodeLibraryPakFileMountedCallback: PakFile 'C:/Program Files/Epic Games/UE_4.27/FeaturePacks/TP_VehicleAdvBP.upack' (chunk index -1, root 'root:/') mounted
[2022.09.12-18.45.40:180][  0]LogShaderLibrary: Display: ShaderCodeLibraryPakFileMountedCallback: pending pak file info (ChunkID:-1 Root:root:/ File:C:/Program Files/Epic Games/UE_4.27/FeaturePacks/TP_VehicleAdvBP.upack)
[2022.09.12-18.45.40:180][  0]LogPakFile: OnPakFileMounted2Time == 0.000032
[2022.09.12-18.45.40:180][  0]LogPakFile: PakFile PrimaryIndexSize=185
[2022.09.12-18.45.40:180][  0]LogPakFile: PakFile PathHashIndexSize=101
[2022.09.12-18.45.40:180][  0]LogPakFile: PakFile FullDirectoryIndexSize=144
[2022.09.12-18.45.40:180][  0]LogShaderLibrary: Display: ShaderCodeLibraryPakFileMountedCallback: PakFile 'C:/Program Files/Epic Games/UE_4.27/FeaturePacks/TP_VehicleBP.upack' (chunk index -1, root 'root:/') mounted
[2022.09.12-18.45.40:180][  0]LogShaderLibrary: Display: ShaderCodeLibraryPakFileMountedCallback: pending pak file info (ChunkID:-1 Root:root:/ File:C:/Program Files/Epic Games/UE_4.27/FeaturePacks/TP_VehicleBP.upack)
[2022.09.12-18.45.40:180][  0]LogPakFile: OnPakFileMounted2Time == 0.000033
[2022.09.12-18.45.40:181][  0]LogPakFile: PakFile PrimaryIndexSize=192
[2022.09.12-18.45.40:181][  0]LogPakFile: PakFile PathHashIndexSize=101
[2022.09.12-18.45.40:181][  0]LogPakFile: PakFile FullDirectoryIndexSize=158
[2022.09.12-18.45.40:181][  0]LogShaderLibrary: Display: ShaderCodeLibraryPakFileMountedCallback: PakFile 'C:/Program Files/Epic Games/UE_4.27/FeaturePacks/TP_VirtualRealityBP.upack' (chunk index -1, root 'root:/') mounted
[2022.09.12-18.45.40:181][  0]LogShaderLibrary: Display: ShaderCodeLibraryPakFileMountedCallback: pending pak file info (ChunkID:-1 Root:root:/ File:C:/Program Files/Epic Games/UE_4.27/FeaturePacks/TP_VirtualRealityBP.upack)
[2022.09.12-18.45.40:181][  0]LogPakFile: OnPakFileMounted2Time == 0.000050
[2022.09.12-18.45.40:230][  0]LogNativeClassHierarchy: Verbose: Native class hierarchy updated for 'AddContentDialog' in 0.0003 seconds. Added 0 classes and 0 folders.
[2022.09.12-18.45.40:231][  0]LogNativeClassHierarchy: Verbose: Native class hierarchy updated for 'SceneOutliner' in 0.0002 seconds. Added 2 classes and 0 folders.
[2022.09.12-18.45.40:351][  0]LogSlate: Took 0.000164 seconds to synchronously load lazily loaded font '../../../Engine/Content/Slate/Fonts/Roboto-Regular.ttf' (155K)
[2022.09.12-18.45.40:353][  0]LogSlate: Took 0.000341 seconds to synchronously load lazily loaded font '../../../Engine/Content/Editor/Slate/Fonts/FontAwesome.ttf' (139K)
[2022.09.12-18.45.40:354][  0]LogSlate: Took 0.000327 seconds to synchronously load lazily loaded font '../../../Engine/Content/Slate/Fonts/Roboto-Bold.ttf' (160K)
[2022.09.12-18.45.40:433][  0]LogRenderer: Reallocating scene render targets to support 1616x912 Format 10 NumSamples 1 (Frame:1).
[2022.09.12-18.45.40:517][  0]LogNativeClassHierarchy: Verbose: Native class hierarchy updated for 'HierarchicalLODOutliner' in 0.0002 seconds. Added 0 classes and 0 folders.
[2022.09.12-18.45.40:517][  0]LogLoad: (Engine Initialization) Total time: 13.85 seconds
[2022.09.12-18.45.40:517][  0]LogLoad: (Engine Initialization) Total Blueprint compile time: 0.00 seconds
[2022.09.12-18.45.40:557][  0]LogAssetRegistry: Asset discovery search completed in 4.4322 seconds
[2022.09.12-18.45.40:561][  0]LogCollectionManager: Fixed up redirectors for 0 collections in 0.000003 seconds (updated 0 objects)
[2022.09.12-18.45.40:563][  0]LogContentStreaming: Texture pool size now 1000 MB
